DAT 35 19
[0, 1]
both ratio shows F: 5.345391918973639, pVal: 0.021
0 =  Mean: 0.8049995211186668, SD: [0.5582115  0.90657441]
1 =  Mean: 0.7823696682464455, SD: [0.45810606 0.89509608]
phone ratio shows F: 0.5600510966978229, pVal: 0.454
0 =  Mean: 0.05342465753424658, SD: [0.01923485 0.21990955]
1 =  Mean: 0.03680981595092025, SD: [0.01295298 0.15751224]
watch ratio shows F: 25.429226036952432, pVal: 0.000
0 =  Mean: 0.058704289305116356, SD: [0.01485285 0.14175726]
1 =  Mean: 0.08910191725529767, SD: [0.01777336 0.20521417]
Notf 18 36
[0, 1]
both ratio shows F: 6.256901242257194, pVal: 0.012
0 =  Mean: 0.7807606263982103, SD: [0.52450475 0.89276409]
1 =  Mean: 0.8166370282552855, SD: [0.13697833 0.91443007]
phone ratio shows F: 19.46528834605099, pVal: 0.000
0 =  Mean: 0.04497416627524659, SD: [0.01670017 0.15104566]
1 =  Mean: 0.03505624887886631, SD: [0.01114335 0.30812178]
watch ratio shows F: 9.171198274461478, pVal: 0.002
0 =  Mean: 0.08834291688447465, SD: [0.02251444 0.20590418]
1 =  Mean: 0.04571066793289016, SD: [0.00627822 0.14828027]
Exercise 28 26
[0, 1]
both ratio shows F: 1.3947184158868398, pVal: 0.238
0 =  Mean: 0.8030215902556328, SD: [0.53507149 0.90082225]
1 =  Mean: 0.7745517293120264, SD: [0.46257324 0.89701963]
phone ratio shows F: 0.34920420239528505, pVal: 0.555
0 =  Mean: 0.030595277685400733, SD: [0.01228234 0.1518444 ]
1 =  Mean: 0.05463354293371817, SD: [0.01954618 0.19864369]
watch ratio shows F: 8.437783423370306, pVal: 0.004
0 =  Mean: 0.08677612471104262, SD: [0.01409373 0.17954393]
1 =  Mean: 0.06689287445467765, SD: [0.01745292 0.20451254]
Sleep 41 13
[0, 1]
both ratio shows F: 45.2645243840012, pVal: 0.000
0 =  Mean: 0.8124878048780488, SD: [0.65999239 0.88000972]
1 =  Mean: 0.7823696682464455, SD: [0.35087104 0.90569152]
phone ratio shows F: 128.0977767820759, pVal: 0.000
0 =  Mean: 0.024075517450420022, SD: [0.01047011 0.05465938]
1 =  Mean: 0.05982905982905983, SD: [0.01752988 0.3240516 ]
watch ratio shows F: 47.62392621599718, pVal: 0.000
0 =  Mean: 0.14375176304654444, SD: [0.08661271 0.24449807]
1 =  Mean: 0.0442714126807564, SD: [0.00710128 0.14493013]
