P48 0.0
P65 0.0
P78 0.0
P69 0.0
P90 0.0
P88 0.01813732721570671
P79 0.038120961591257774
P98 0.04143569761764254
P05 0.041558090876822606
P22 0.04896477258043652
P19 0.053160533161321855
P45 0.05520680065275907
P27 0.057040281377680246
P54 0.06208687382559397
P99 0.07269342618364905
P81 0.07829246465265527
P23 0.07832880560037758
P24 0.08023487520430994
P73 0.0802399376937657
P59 0.082945744428778
P36 0.08517531600136186
P13 0.08651606110330579
P08 0.08861463427581195
P30 0.09339741596676798
P56 0.09475384645076645
P77 0.09847648819469312
P06 0.10069536566702064
P21 0.10075687312099246
P64 0.10323445307100088
P37 0.10995639234286114
P41 0.1106332668669463
P85 0.11510699924028223
P16 0.11644278051109924
P31 0.11868370453116917
P28 0.1223536353977498
P68 0.12933132966387273
P15 0.14196649263069594
P58 0.14736261448418853
P44 0.15106543751609203
P03 0.1577930758020092
P33 0.16184269013710173
P76 0.1660200879932039
P04 0.16741491418051124
P92 0.17394684691210172
P10 0.1776729568152977
P72 0.19218651940005937
P57 0.1946188057922077
P89 0.20812196378880887
P62 0.21544026374382919
P82 0.2191352756913345
P38 0.22423320014530468
P12 0.22558077613740124
P35 0.22772796242046323
P42 0.22780748908734982
P61 0.2714297270890733
P75 0.28892275366903664
P40 0.2901917834702912
P07 0.3135192517344483
P47 0.32051595449169556
P70 0.34404065469661593
P84 0.34632449496902296
P96 0.3645623056742626
P14 0.36607666384660853
P53 0.41707136732103145
P71 0.4237863227029598
P97 0.4484869105086273
P95 0.45147088616674635
P51 0.4665132060716226
P66 0.5307774252939823
P39 0.5733949858884047
P74 0.585230930355992
P29 0.6056956846834147
P60 0.6117062945305503
P87 0.6311929792630824
P49 0.6315906728055845
P34 0.6785538191075525
P02 0.7147272108271555
P17 0.7157218453969447
P01 0.7616431997027477
P80 0.8704413472706156
P91 0.8791627430397773
P43 0.8827840475831548
P26 0.891930196254562
P46 0.9086527197418858
