level
0     0.034140
1     0.011901
2     0.011602
3     0.009243
4     0.006044
5     0.006516
6     0.005474
7     0.005716
8     0.003697
9     0.005246
10    0.005061
11    0.006742
12    0.007179
13    0.007418
14    0.003570
15    0.003121
16    0.004881
17    0.004768
18    0.002281
19    0.003880
20    0.001735
21    0.003850
22    0.003161
23    0.003408
24    0.003947
25    0.002355
26    0.002881
27    0.002151
28    0.003068
29    0.217919
Name: step, dtype: float64 level
0     0.058035
1     0.032763
2     0.027594
3     0.030097
4     0.025526
5     0.022046
6     0.020165
7     0.008516
8     0.007517
9     0.004746
10    0.005082
11    0.005848
12    0.003196
13    0.002474
14    0.002508
15    0.001950
16    0.002036
17    0.003237
18    0.002252
19    0.000839
20    0.002815
21    0.001515
22    0.001465
23    0.001298
24    0.000478
25    0.000520
26    0.001125
27    0.000373
28    0.000758
29    0.021140
Name: step, dtype: float64
