Phone Exercise Day difference: 0.059 users: 28, days:135
        uid       date  weekday  hour    pstep         SPM
1173    P02 2021-07-17        5    15   3170.0   88.055556
1201    P02 2021-07-19        0    12   4147.0   98.738095
3357    P04 2021-07-16        4     6   1187.0  107.909091
3384    P04 2021-07-17        5     7   1015.0  112.777778
3490    P04 2021-07-20        1     6   1094.0  109.400000
3526    P04 2021-07-21        2     6   1113.0  101.181818
3569    P04 2021-07-22        3     6   1127.0  102.454545
3631    P04 2021-07-24        5     7   1055.0  105.500000
3693    P04 2021-07-26        0     6   1159.0  105.363636
3728    P04 2021-07-27        1     6   1071.0  107.100000
3818    P04 2021-07-29        3     6   1072.0  107.200000
3906    P04 2021-07-31        5     6   1050.0  105.000000
3952    P04 2021-08-01        6     7   1033.0  103.300000
4023    P04 2021-08-02        0     6   1104.0  100.363636
4168    P04 2021-08-05        3     6   1069.0  106.900000
4205    P04 2021-08-06        4     6   1019.0  113.222222
4243    P04 2021-08-07        5     7   1013.0  112.555556
4278    P04 2021-08-08        6     0   3686.0   94.512821
4284    P04 2021-08-08        6     6   1146.0  104.181818
4330    P04 2021-08-09        0     7   1151.0  104.636364
4360    P04 2021-08-10        1     6   1181.0  107.363636
4415    P04 2021-08-11        2     6   1048.0  104.800000
4470    P04 2021-08-12        3     6   1009.0  112.111111
4519    P04 2021-08-13        4     6   1069.0  106.900000
4574    P04 2021-08-14        5    19   3826.0   88.976744
4631    P04 2021-08-16        0     7   1104.0  110.400000
9010    P07 2021-10-27        2    21   2440.0  101.666667
9011    P07 2021-10-27        2    21   1220.0  101.666667
9020    P07 2021-10-27        2    23   1260.0  105.000000
9626    P07 2021-11-08        0    22   3076.0   99.225806
9779    P07 2021-11-10        2    21   1677.0  104.812500
9985    P07 2021-11-14        6    15   2165.0  103.095238
9990    P07 2021-11-14        6    18   1035.0  103.500000
10360   P07 2021-11-22        0    21   3470.0  102.058824
10530   P07 2021-11-26        4    19   1997.0  110.944444
20107   P13 2021-08-16        0    21   6875.0  102.611940
23946   P16 2021-07-26        0    20   4143.0   82.860000
24823   P16 2021-08-09        0    20   3741.0   87.000000
24868   P16 2021-08-10        1    17   3314.0   78.904762
26439   P17 2021-11-06        5    10   4629.0   94.469388
43696   P27 2021-11-14        6     7   2945.0  109.074074
47141   P29 2021-11-22        0    18   1007.0  100.700000
57577   P34 2021-08-03        1    13   2586.0  103.440000
57578   P34 2021-08-03        1    13   2563.0  102.520000
66108   P40 2021-11-08        0    12   3180.0  102.580645
66526   P40 2021-11-18        3    20   3505.0   92.236842
66530   P40 2021-11-19        4    10   3282.0   99.454545
66558   P40 2021-11-19        4    14   3103.0   91.264706
66580   P40 2021-11-19        4    17   3746.0   89.190476
66617   P40 2021-11-20        5    15   3327.0   89.918919
66718   P40 2021-11-24        2     0   3283.0   91.194444
66727   P40 2021-11-24        2    13   3300.0   91.666667
66783   P40 2021-11-25        3    13   3197.0   96.878788
66798   P40 2021-11-25        3    22   3335.0   95.285714
66872   P40 2021-11-27        5    21   3335.0   98.088235
66889   P40 2021-11-28        6    12   2321.0  100.913043
66896   P40 2021-11-28        6    17   3680.0   94.358974
68848   P42 2021-11-13        5    12   1999.0  111.055556
68849   P42 2021-11-13        5    12   6322.0  105.366667
76365   P48 2021-08-22        6    21   9429.0  112.250000
76383   P48 2021-08-23        0     9   6070.0  123.877551
76384   P48 2021-08-23        0    10   3794.0  114.969697
76838   P48 2021-08-30        0    17   9093.0  118.090909
76942   P48 2021-09-01        2    20   8583.0  115.986486
77031   P48 2021-09-03        4     8  10006.0  115.011494
77100   P48 2021-09-04        5    21   9100.0  116.666667
77302   P48 2021-09-08        2    13   9002.0  115.410256
77525   P48 2021-09-12        6    18   8924.0  122.246575
77587   P48 2021-09-13        0    19   8879.0  119.986486
77827   P48 2021-09-17        4    21   4575.0  123.648649
77828   P48 2021-09-17        4    22   4747.0  118.675000
78212   P48 2021-09-24        4    20   8868.0  124.901408
93202   P58 2021-08-10        1    18   1515.0  101.000000
93209   P58 2021-08-10        1    21   1083.0  108.300000
95295   P59 2021-12-12        6    14   3295.0   84.487179
97085   P61 2021-11-06        5    20   5412.0  112.750000
97200   P61 2021-11-09        1    19   2959.0  102.034483
103065  P65 2021-11-28        6    14   4254.0   96.681818
103134  P65 2021-11-30        1    16   1636.0  102.250000
103166  P65 2021-12-01        2     6   1798.0  105.764706
103714  P65 2021-12-17        4    20   1470.0  105.000000
103761  P65 2021-12-18        5    14   1060.0  106.000000
104146  P66 2021-11-04        3    22   7329.0  116.333333
109428  P70 2021-08-14        5    19   9581.0  121.278481
110623  P71 2021-11-16        1    21   1899.0  135.642857
114315  P74 2021-07-16        4    20   5222.0   98.528302
114558  P74 2021-07-21        2    21   6721.0  105.015625
115150  P74 2021-08-03        1    20   3403.0  106.343750
121786  P78 2021-07-14        2    21   4794.0  102.000000
121787  P78 2021-07-14        2    22   3445.0   95.694444
121903  P78 2021-07-19        0    20   3041.0   98.096774
121904  P78 2021-07-19        0    20  11048.0  100.436364
122054  P78 2021-07-24        5    20   6012.0   95.428571
122055  P78 2021-07-24        5    21   3056.0  101.866667
122056  P78 2021-07-24        5    22   6476.0  106.163934
122089  P78 2021-07-25        6    20   6860.0  100.882353
122135  P78 2021-07-27        1    13   4390.0   87.800000
122147  P78 2021-07-27        1    18   3102.0   96.937500
122150  P78 2021-07-27        1    20   4155.0   94.431818
122156  P78 2021-07-27        1    21   2307.0  100.304348
122193  P78 2021-07-29        3    13   3288.0   93.942857
122194  P78 2021-07-29        3    13   2510.0  114.090909
122262  P78 2021-07-31        5    20   9420.0  103.516484
122263  P78 2021-07-31        5    21   4934.0  107.260870
122300  P78 2021-08-01        6    20   7339.0  101.930556
122356  P78 2021-08-03        1    12   2118.0  100.857143
122422  P78 2021-08-04        2    21   3687.0   94.538462
122423  P78 2021-08-04        2    22   2015.0  106.052632
122552  P78 2021-08-08        6    18   3938.0  103.631579
122560  P78 2021-08-08        6    20   1566.0  104.400000
122687  P78 2021-08-13        4    14   3088.0   99.612903
122702  P78 2021-08-13        4    19   6303.0   96.969231
123112  P79 2021-10-31        6    22   3448.0   95.777778
124141  P79 2021-11-23        1    18   8833.0  111.810127
124312  P79 2021-11-27        5     0   2731.0  105.038462
124573  P80 2021-07-17        5    16   3179.0   93.500000
125333  P80 2021-08-01        6    22   2424.0  101.000000
125622  P80 2021-08-09        0    22   4459.0  103.697674
125824  P80 2021-08-16        0    21   4341.0  103.357143
125941  P81 2021-10-30        5    10   4448.0  117.052632
126391  P81 2021-11-07        6    16   1154.0  104.909091
126676  P81 2021-11-13        5    12   4316.0   81.433962
126677  P81 2021-11-13        5    13   3049.0  117.269231
127065  P81 2021-11-20        5    15   5421.0   86.047619
139521  P90 2021-08-06        4    10   2118.0  105.900000
139967  P90 2021-08-18        2     8   1180.0  107.272727
140030  P90 2021-08-20        4     8   1302.0  108.500000
145000  P95 2021-10-30        5    10   3644.0   95.894737
145006  P95 2021-10-30        5    12   5136.0   77.818182
145030  P95 2021-10-31        6    12   3191.0   99.718750
145657  P95 2021-11-20        5    10   1174.0  106.727273
145704  P95 2021-11-21        6    18   3645.0   88.902439
145825  P95 2021-11-26        4    12   1674.0  104.625000
148247  P97 2021-08-14        5     8   4215.0   93.666667
150222  P99 2021-08-02        0    21   8346.0  112.783784
Watch Exercise Day difference: 0.047 users: 12, days:75
        uid       date  weekday  hour    wstep         SPM
1141    P02 2021-07-15        3    17   9270.0  120.389610
1205    P02 2021-07-19        0    17   7248.0  111.507692
1206    P02 2021-07-19        0    18   5442.0  132.731707
1232    P02 2021-07-21        2    21   4574.0   87.961538
1233    P02 2021-07-21        2    22   5699.0  123.891304
1245    P02 2021-07-23        4    20  12311.0  108.946903
1265    P02 2021-07-24        5    18  10723.0  120.483146
1317    P02 2021-07-26        0    18   4930.0  123.250000
1346    P02 2021-07-28        2    21   6897.0   98.528571
1399    P02 2021-07-30        4    21   6790.0   94.305556
1456    P02 2021-08-03        1    18  10248.0  126.518519
1486    P02 2021-08-05        3    18  11070.0  112.959184
1497    P02 2021-08-06        4    21   3613.0   73.734694
1504    P02 2021-08-07        5    18  13299.0  117.690265
1519    P02 2021-08-08        6    17   7896.0   95.132530
1562    P02 2021-08-10        1    16  14508.0  114.236220
1587    P02 2021-08-11        2    17  11947.0  114.875000
1613    P02 2021-08-13        4    17  15278.0  117.523077
1672    P02 2021-08-16        0    17  12475.0  114.449541
20245   P14 2021-10-18        0     9   3797.0   77.489796
49813   P31 2021-11-14        6    17  12635.0  157.937500
49944   P31 2021-11-17        2     8   7571.0  148.450980
65164   P39 2021-08-04        2    19   3545.0   72.843750
65165   P39 2021-08-04        2    20   4247.0   75.839286
65558   P39 2021-08-12        3    22   3930.0   85.434783
65560   P39 2021-08-12        3    23   1605.0  100.312500
68798   P42 2021-11-11        3     8   5562.0   80.608696
68879   P42 2021-11-15        0     9   3691.0   99.756757
68949   P42 2021-11-16        1     9   4393.0   89.653061
69001   P42 2021-11-17        2     9   5153.0   81.793651
69044   P42 2021-11-18        3     9   3862.0   94.195122
69103   P42 2021-11-19        4    20   2798.0  103.629630
69203   P42 2021-11-22        0     9   4038.0  103.538462
69248   P42 2021-11-23        1     9   4614.0   98.170213
69324   P42 2021-11-25        3     9   5359.0   85.063492
69361   P42 2021-11-26        4     9   5186.0   79.784615
69627   P42 2021-12-02        3     9   4286.0   89.291667
69672   P42 2021-12-02        3    20   3385.0   91.486486
69689   P42 2021-12-03        4     8   5390.0   92.931034
69725   P42 2021-12-03        4    20   5375.0   92.672414
69793   P42 2021-12-06        0     9   5285.0  101.634615
69859   P42 2021-12-07        1     9   4368.0   75.310345
69888   P42 2021-12-07        1    20   4743.0   94.860000
69895   P42 2021-12-08        2     9   3855.0   74.134615
69923   P42 2021-12-08        2    19   5191.0   96.129630
69933   P42 2021-12-09        3     9   5138.0   98.807692
69977   P42 2021-12-10        4     9   5998.0   99.966667
70021   P42 2021-12-10        4    20   4632.0   90.823529
72433   P45 2021-07-24        5    21   4881.0  143.558824
73274   P45 2021-08-15        6     7   4978.0  134.540541
78501   P49 2021-11-06        5    14   5530.0   82.537313
78644   P49 2021-11-10        2     9   1146.0  104.181818
78709   P49 2021-11-11        3     9   1180.0  107.272727
78777   P49 2021-11-12        4     9   1245.0  103.750000
78842   P49 2021-11-13        5    14   1610.0  115.000000
78875   P49 2021-11-14        6    15   1208.0  109.818182
78889   P49 2021-11-15        0     8   1208.0  100.666667
78938   P49 2021-11-16        1     9   1029.0  102.900000
79084   P49 2021-11-19        4     9   1170.0  106.363636
79157   P49 2021-11-21        6    20   1192.0  108.363636
79161   P49 2021-11-22        0     9   1262.0  114.727273
79243   P49 2021-11-23        1    18   2759.0  106.115385
79262   P49 2021-11-24        2     9   1102.0  100.181818
79408   P49 2021-11-27        5    15   1003.0  100.300000
98022   P62 2021-07-17        5    19   5050.0  112.222222
98023   P62 2021-07-17        5    20   4016.0  105.684211
98728   P62 2021-07-31        5    19   9446.0  103.802198
99425   P62 2021-08-14        5    21   5579.0  107.288462
103875  P66 2021-10-27        2    22   4864.0  124.717949
116875  P75 2021-08-01        6     5   1302.0  108.500000
129347  P84 2021-07-29        3    23   4388.0   89.551020
129368  P84 2021-07-30        4    20   4221.0   95.931818
129369  P84 2021-07-30        4    21   3030.0   89.117647
130013  P84 2021-08-16        0    21   3568.0   82.976744
135361  P87 2021-08-14        5     9   3154.0   60.653846
