Total Diff:  8355531.0
0 : 0.03969461095702484
1 : 0.07935939876532164
2 : 0.09993737138767111
3 : 0.22098953207479646
4 : 0.1938504667322776
5 : 0.15519966598073426
6 : 0.11759267543467239
7 : 0.09337627866750171
0.3929536016322601 0.29791655371753156
[0.02718092 0.02582146 0.0283605  0.06881705 0.0647443  0.05492793
 0.06204369 0.06105776]
[0.01817826 0.01848039 0.0418275  0.04916534 0.05061731 0.04501294
 0.0384872  0.03614761]
Hourly Shape:  (2841, 48)
topic 0 ------------------------------
('0', '0.934002')
('1', '0.057500')
('2', '0.008498')
topic 1 ------------------------------
('0', '0.844421')
('1', '0.122844')
('2', '0.032735')
topic 2 ------------------------------
('0', '0.824886')
('1', '0.137452')
('2', '0.037663')
topic 3 ------------------------------
('0', '0.771383')
('1', '0.173237')
('2', '0.055380')
topic 4 ------------------------------
('0', '0.781356')
('1', '0.162032')
('2', '0.056612')
topic 5 ------------------------------
('0', '0.748768')
('1', '0.184970')
('2', '0.066262')
topic 6 ------------------------------
('0', '0.745160')
('1', '0.192802')
('2', '0.062038')
topic 7 ------------------------------
('0', '0.780828')
('1', '0.179221')
('2', '0.039951')
