Levels:  [-24.   0.  17.]
loading...
Topic # 25
Doc: (20, Timestamp('2021-08-13 00:00:00')), Topic Prob: 0.979
Doc: (26, Timestamp('2021-08-12 00:00:00')), Topic Prob: 0.979
Doc: (31, Timestamp('2021-10-26 00:00:00')), Topic Prob: 0.979
Doc: (67, Timestamp('2021-11-18 00:00:00')), Topic Prob: 0.979
Doc: (91, Timestamp('2021-12-08 00:00:00')), Topic Prob: 0.979
Doc: (52, Timestamp('2021-08-04 00:00:00')), Topic Prob: 0.979
Doc: (67, Timestamp('2021-11-23 00:00:00')), Topic Prob: 0.979
Doc: (31, Timestamp('2021-11-12 00:00:00')), Topic Prob: 0.979
Doc: (20, Timestamp('2021-07-09 00:00:00')), Topic Prob: 0.979
Doc: (67, Timestamp('2021-11-12 00:00:00')), Topic Prob: 0.979
Doc: (9, Timestamp('2021-12-10 00:00:00')), Topic Prob: 0.979
Doc: (91, Timestamp('2021-11-23 00:00:00')), Topic Prob: 0.979
Doc: (31, Timestamp('2021-10-19 00:00:00')), Topic Prob: 0.979
Doc: (31, Timestamp('2021-10-28 00:00:00')), Topic Prob: 0.979
Doc: (91, Timestamp('2021-11-29 00:00:00')), Topic Prob: 0.979
Doc: (47, Timestamp('2021-07-19 00:00:00')), Topic Prob: 0.979
Doc: (71, Timestamp('2021-11-23 00:00:00')), Topic Prob: 0.958
Doc: (28, Timestamp('2021-08-06 00:00:00')), Topic Prob: 0.957
Doc: (16, Timestamp('2021-11-04 00:00:00')), Topic Prob: 0.957
Doc: (9, Timestamp('2021-12-07 00:00:00')), Topic Prob: 0.955
Doc: (91, Timestamp('2021-12-16 00:00:00')), Topic Prob: 0.954
Doc: (18, Timestamp('2021-07-21 00:00:00')), Topic Prob: 0.953
Doc: (68, Timestamp('2021-07-29 00:00:00')), Topic Prob: 0.953
Doc: (18, Timestamp('2021-07-19 00:00:00')), Topic Prob: 0.951
Doc: (31, Timestamp('2021-11-08 00:00:00')), Topic Prob: 0.944
Doc: (51, Timestamp('2021-08-03 00:00:00')), Topic Prob: 0.94
Doc: (91, Timestamp('2021-11-26 00:00:00')), Topic Prob: 0.937
Doc: (91, Timestamp('2021-12-03 00:00:00')), Topic Prob: 0.936
Doc: (91, Timestamp('2021-11-30 00:00:00')), Topic Prob: 0.936
Doc: (91, Timestamp('2021-11-18 00:00:00')), Topic Prob: 0.936
Doc: (31, Timestamp('2021-11-01 00:00:00')), Topic Prob: 0.935
Doc: (31, Timestamp('2021-10-18 00:00:00')), Topic Prob: 0.934
Doc: (71, Timestamp('2021-11-26 00:00:00')), Topic Prob: 0.933
Doc: (31, Timestamp('2021-10-22 00:00:00')), Topic Prob: 0.932
Doc: (18, Timestamp('2021-07-29 00:00:00')), Topic Prob: 0.928
Doc: (40, Timestamp('2021-08-10 00:00:00')), Topic Prob: 0.926
Doc: (73, Timestamp('2021-11-02 00:00:00')), Topic Prob: 0.923
Doc: (64, Timestamp('2021-08-09 00:00:00')), Topic Prob: 0.921
Doc: (28, Timestamp('2021-08-12 00:00:00')), Topic Prob: 0.916
Doc: (40, Timestamp('2021-08-09 00:00:00')), Topic Prob: 0.914
Doc: (20, Timestamp('2021-07-19 00:00:00')), Topic Prob: 0.914
Doc: (4, Timestamp('2021-10-28 00:00:00')), Topic Prob: 0.913
Doc: (31, Timestamp('2021-11-05 00:00:00')), Topic Prob: 0.909
Doc: (10, Timestamp('2021-08-10 00:00:00')), Topic Prob: 0.909
Doc: (10, Timestamp('2021-07-20 00:00:00')), Topic Prob: 0.907
Doc: (91, Timestamp('2021-11-22 00:00:00')), Topic Prob: 0.907
Doc: (31, Timestamp('2021-11-02 00:00:00')), Topic Prob: 0.904
Doc: (67, Timestamp('2021-12-06 00:00:00')), Topic Prob: 0.903
Doc: (67, Timestamp('2021-12-02 00:00:00')), Topic Prob: 0.902
------------------------------
Topic # 9
Doc: (84, Timestamp('2021-07-16 00:00:00')), Topic Prob: 0.979
Doc: (41, Timestamp('2021-11-24 00:00:00')), Topic Prob: 0.979
Doc: (84, Timestamp('2021-07-24 00:00:00')), Topic Prob: 0.979
Doc: (63, Timestamp('2021-07-26 00:00:00')), Topic Prob: 0.979
Doc: (41, Timestamp('2021-11-04 00:00:00')), Topic Prob: 0.979
Doc: (84, Timestamp('2021-07-29 00:00:00')), Topic Prob: 0.979
Doc: (29, Timestamp('2021-08-02 00:00:00')), Topic Prob: 0.979
Doc: (27, Timestamp('2021-11-14 00:00:00')), Topic Prob: 0.979
Doc: (41, Timestamp('2021-11-30 00:00:00')), Topic Prob: 0.979
Doc: (25, Timestamp('2021-12-04 00:00:00')), Topic Prob: 0.979
Doc: (41, Timestamp('2021-11-05 00:00:00')), Topic Prob: 0.979
Doc: (26, Timestamp('2021-07-25 00:00:00')), Topic Prob: 0.979
Doc: (1, Timestamp('2021-07-22 00:00:00')), Topic Prob: 0.979
Doc: (18, Timestamp('2021-07-22 00:00:00')), Topic Prob: 0.979
Doc: (51, Timestamp('2021-08-01 00:00:00')), Topic Prob: 0.979
Doc: (1, Timestamp('2021-08-07 00:00:00')), Topic Prob: 0.979
Doc: (18, Timestamp('2021-08-11 00:00:00')), Topic Prob: 0.979
Doc: (29, Timestamp('2021-07-29 00:00:00')), Topic Prob: 0.979
Doc: (14, Timestamp('2021-11-16 00:00:00')), Topic Prob: 0.979
Doc: (37, Timestamp('2021-12-11 00:00:00')), Topic Prob: 0.979
Doc: (44, Timestamp('2021-11-06 00:00:00')), Topic Prob: 0.979
Doc: (44, Timestamp('2021-11-23 00:00:00')), Topic Prob: 0.979
Doc: (44, Timestamp('2021-11-27 00:00:00')), Topic Prob: 0.979
Doc: (44, Timestamp('2021-11-21 00:00:00')), Topic Prob: 0.979
Doc: (44, Timestamp('2021-11-09 00:00:00')), Topic Prob: 0.979
Doc: (41, Timestamp('2021-12-03 00:00:00')), Topic Prob: 0.979
Doc: (41, Timestamp('2021-12-06 00:00:00')), Topic Prob: 0.979
Doc: (41, Timestamp('2021-12-07 00:00:00')), Topic Prob: 0.979
Doc: (25, Timestamp('2021-11-24 00:00:00')), Topic Prob: 0.979
Doc: (44, Timestamp('2021-11-14 00:00:00')), Topic Prob: 0.979
Doc: (68, Timestamp('2021-07-18 00:00:00')), Topic Prob: 0.979
Doc: (78, Timestamp('2021-11-13 00:00:00')), Topic Prob: 0.979
Doc: (63, Timestamp('2021-07-24 00:00:00')), Topic Prob: 0.979
Doc: (29, Timestamp('2021-08-13 00:00:00')), Topic Prob: 0.979
Doc: (40, Timestamp('2021-08-01 00:00:00')), Topic Prob: 0.979
Doc: (63, Timestamp('2021-08-09 00:00:00')), Topic Prob: 0.979
Doc: (63, Timestamp('2021-08-11 00:00:00')), Topic Prob: 0.979
Doc: (18, Timestamp('2021-07-18 00:00:00')), Topic Prob: 0.979
Doc: (22, Timestamp('2021-11-12 00:00:00')), Topic Prob: 0.979
Doc: (32, Timestamp('2021-11-16 00:00:00')), Topic Prob: 0.979
Doc: (25, Timestamp('2021-12-05 00:00:00')), Topic Prob: 0.979
Doc: (76, Timestamp('2021-08-21 00:00:00')), Topic Prob: 0.979
Doc: (56, Timestamp('2021-07-31 00:00:00')), Topic Prob: 0.979
Doc: (25, Timestamp('2021-12-03 00:00:00')), Topic Prob: 0.979
Doc: (62, Timestamp('2021-11-27 00:00:00')), Topic Prob: 0.979
Doc: (84, Timestamp('2021-07-15 00:00:00')), Topic Prob: 0.979
Doc: (63, Timestamp('2021-08-08 00:00:00')), Topic Prob: 0.979
Doc: (41, Timestamp('2021-11-06 00:00:00')), Topic Prob: 0.979
Doc: (41, Timestamp('2021-11-22 00:00:00')), Topic Prob: 0.979
------------------------------
Topic # 22
Doc: (92, Timestamp('2021-07-24 00:00:00')), Topic Prob: 0.979
Doc: (76, Timestamp('2021-08-30 00:00:00')), Topic Prob: 0.979
Doc: (85, Timestamp('2021-07-15 00:00:00')), Topic Prob: 0.979
Doc: (89, Timestamp('2021-10-22 00:00:00')), Topic Prob: 0.957
Doc: (46, Timestamp('2021-11-20 00:00:00')), Topic Prob: 0.957
Doc: (27, Timestamp('2021-11-27 00:00:00')), Topic Prob: 0.935
Doc: (24, Timestamp('2021-11-23 00:00:00')), Topic Prob: 0.914
Doc: (76, Timestamp('2021-08-05 00:00:00')), Topic Prob: 0.914
Doc: (60, Timestamp('2021-10-30 00:00:00')), Topic Prob: 0.913
Doc: (19, Timestamp('2021-11-20 00:00:00')), Topic Prob: 0.913
Doc: (47, Timestamp('2021-08-09 00:00:00')), Topic Prob: 0.912
Doc: (89, Timestamp('2021-11-02 00:00:00')), Topic Prob: 0.904
Doc: (82, Timestamp('2021-10-24 00:00:00')), Topic Prob: 0.895
Doc: (76, Timestamp('2021-08-06 00:00:00')), Topic Prob: 0.89
Doc: (16, Timestamp('2021-11-27 00:00:00')), Topic Prob: 0.889
Doc: (53, Timestamp('2021-12-04 00:00:00')), Topic Prob: 0.881
Doc: (92, Timestamp('2021-08-11 00:00:00')), Topic Prob: 0.869
Doc: (76, Timestamp('2021-08-14 00:00:00')), Topic Prob: 0.868
Doc: (11, Timestamp('2021-10-29 00:00:00')), Topic Prob: 0.867
Doc: (11, Timestamp('2021-11-05 00:00:00')), Topic Prob: 0.863
Doc: (5, Timestamp('2021-11-10 00:00:00')), Topic Prob: 0.862
Doc: (62, Timestamp('2021-11-24 00:00:00')), Topic Prob: 0.858
Doc: (66, Timestamp('2021-11-05 00:00:00')), Topic Prob: 0.856
Doc: (48, Timestamp('2021-10-19 00:00:00')), Topic Prob: 0.854
Doc: (89, Timestamp('2021-11-14 00:00:00')), Topic Prob: 0.852
Doc: (46, Timestamp('2021-11-14 00:00:00')), Topic Prob: 0.852
Doc: (90, Timestamp('2021-07-25 00:00:00')), Topic Prob: 0.849
Doc: (76, Timestamp('2021-08-09 00:00:00')), Topic Prob: 0.847
Doc: (13, Timestamp('2021-07-16 00:00:00')), Topic Prob: 0.847
Doc: (88, Timestamp('2021-11-08 00:00:00')), Topic Prob: 0.84
Doc: (85, Timestamp('2021-07-30 00:00:00')), Topic Prob: 0.835
Doc: (8, Timestamp('2021-11-22 00:00:00')), Topic Prob: 0.823
Doc: (4, Timestamp('2021-10-31 00:00:00')), Topic Prob: 0.821
Doc: (76, Timestamp('2021-08-25 00:00:00')), Topic Prob: 0.82
Doc: (76, Timestamp('2021-08-18 00:00:00')), Topic Prob: 0.816
Doc: (88, Timestamp('2021-11-05 00:00:00')), Topic Prob: 0.816
Doc: (89, Timestamp('2021-10-21 00:00:00')), Topic Prob: 0.815
Doc: (34, Timestamp('2021-11-01 00:00:00')), Topic Prob: 0.809
Doc: (48, Timestamp('2021-10-22 00:00:00')), Topic Prob: 0.806
Doc: (25, Timestamp('2021-12-11 00:00:00')), Topic Prob: 0.804
Doc: (85, Timestamp('2021-07-25 00:00:00')), Topic Prob: 0.804
Doc: (13, Timestamp('2021-08-02 00:00:00')), Topic Prob: 0.802
Doc: (77, Timestamp('2021-07-17 00:00:00')), Topic Prob: 0.802
Doc: (47, Timestamp('2021-08-12 00:00:00')), Topic Prob: 0.801
Doc: (62, Timestamp('2021-11-30 00:00:00')), Topic Prob: 0.801
Doc: (47, Timestamp('2021-07-13 00:00:00')), Topic Prob: 0.798
Doc: (50, Timestamp('2021-08-12 00:00:00')), Topic Prob: 0.795
Doc: (20, Timestamp('2021-07-03 00:00:00')), Topic Prob: 0.79
Doc: (88, Timestamp('2021-10-29 00:00:00')), Topic Prob: 0.789
------------------------------
Topic # 7
Doc: (72, Timestamp('2021-07-25 00:00:00')), Topic Prob: 0.979
Doc: (85, Timestamp('2021-08-12 00:00:00')), Topic Prob: 0.979
Doc: (85, Timestamp('2021-08-09 00:00:00')), Topic Prob: 0.979
Doc: (85, Timestamp('2021-08-10 00:00:00')), Topic Prob: 0.979
Doc: (1, Timestamp('2021-07-17 00:00:00')), Topic Prob: 0.979
Doc: (83, Timestamp('2021-07-31 00:00:00')), Topic Prob: 0.979
Doc: (21, Timestamp('2021-11-15 00:00:00')), Topic Prob: 0.979
Doc: (81, Timestamp('2021-11-27 00:00:00')), Topic Prob: 0.958
Doc: (85, Timestamp('2021-08-15 00:00:00')), Topic Prob: 0.958
Doc: (85, Timestamp('2021-08-11 00:00:00')), Topic Prob: 0.952
Doc: (43, Timestamp('2021-08-29 00:00:00')), Topic Prob: 0.948
Doc: (64, Timestamp('2021-08-16 00:00:00')), Topic Prob: 0.944
Doc: (43, Timestamp('2021-09-06 00:00:00')), Topic Prob: 0.942
Doc: (83, Timestamp('2021-08-06 00:00:00')), Topic Prob: 0.937
Doc: (85, Timestamp('2021-08-13 00:00:00')), Topic Prob: 0.933
Doc: (53, Timestamp('2021-11-22 00:00:00')), Topic Prob: 0.926
Doc: (85, Timestamp('2021-08-14 00:00:00')), Topic Prob: 0.92
Doc: (14, Timestamp('2021-10-27 00:00:00')), Topic Prob: 0.917
Doc: (10, Timestamp('2021-08-16 00:00:00')), Topic Prob: 0.917
Doc: (68, Timestamp('2021-08-10 00:00:00')), Topic Prob: 0.916
Doc: (74, Timestamp('2021-08-14 00:00:00')), Topic Prob: 0.916
Doc: (43, Timestamp('2021-09-21 00:00:00')), Topic Prob: 0.914
Doc: (34, Timestamp('2021-11-19 00:00:00')), Topic Prob: 0.913
Doc: (59, Timestamp('2021-12-18 00:00:00')), Topic Prob: 0.912
Doc: (33, Timestamp('2021-07-21 00:00:00')), Topic Prob: 0.911
Doc: (59, Timestamp('2021-11-20 00:00:00')), Topic Prob: 0.909
Doc: (72, Timestamp('2021-07-27 00:00:00')), Topic Prob: 0.908
Doc: (6, Timestamp('2021-11-12 00:00:00')), Topic Prob: 0.905
Doc: (6, Timestamp('2021-11-14 00:00:00')), Topic Prob: 0.902
Doc: (43, Timestamp('2021-09-20 00:00:00')), Topic Prob: 0.9
Doc: (91, Timestamp('2021-11-28 00:00:00')), Topic Prob: 0.886
Doc: (43, Timestamp('2021-08-25 00:00:00')), Topic Prob: 0.885
Doc: (83, Timestamp('2021-08-02 00:00:00')), Topic Prob: 0.88
Doc: (14, Timestamp('2021-10-19 00:00:00')), Topic Prob: 0.873
Doc: (68, Timestamp('2021-08-09 00:00:00')), Topic Prob: 0.871
Doc: (43, Timestamp('2021-09-16 00:00:00')), Topic Prob: 0.871
Doc: (43, Timestamp('2021-09-23 00:00:00')), Topic Prob: 0.87
Doc: (14, Timestamp('2021-10-26 00:00:00')), Topic Prob: 0.865
Doc: (72, Timestamp('2021-07-29 00:00:00')), Topic Prob: 0.859
Doc: (43, Timestamp('2021-09-02 00:00:00')), Topic Prob: 0.856
Doc: (43, Timestamp('2021-08-22 00:00:00')), Topic Prob: 0.854
Doc: (32, Timestamp('2021-11-14 00:00:00')), Topic Prob: 0.854
Doc: (83, Timestamp('2021-07-23 00:00:00')), Topic Prob: 0.852
Doc: (74, Timestamp('2021-08-09 00:00:00')), Topic Prob: 0.852
Doc: (68, Timestamp('2021-08-06 00:00:00')), Topic Prob: 0.847
Doc: (88, Timestamp('2021-11-26 00:00:00')), Topic Prob: 0.845
Doc: (91, Timestamp('2021-11-14 00:00:00')), Topic Prob: 0.845
Doc: (43, Timestamp('2021-09-11 00:00:00')), Topic Prob: 0.845
Doc: (43, Timestamp('2021-09-10 00:00:00')), Topic Prob: 0.84
------------------------------
Topic # 24
Doc: (74, Timestamp('2021-08-04 00:00:00')), Topic Prob: 0.504
Doc: (3, Timestamp('2021-08-13 00:00:00')), Topic Prob: 0.426
Doc: (3, Timestamp('2021-08-06 00:00:00')), Topic Prob: 0.372
Doc: (71, Timestamp('2021-12-01 00:00:00')), Topic Prob: 0.371
Doc: (71, Timestamp('2021-11-13 00:00:00')), Topic Prob: 0.354
Doc: (3, Timestamp('2021-08-12 00:00:00')), Topic Prob: 0.352
Doc: (42, Timestamp('2021-11-14 00:00:00')), Topic Prob: 0.351
Doc: (50, Timestamp('2021-08-08 00:00:00')), Topic Prob: 0.342
Doc: (50, Timestamp('2021-08-07 00:00:00')), Topic Prob: 0.341
Doc: (23, Timestamp('2021-11-22 00:00:00')), Topic Prob: 0.341
Doc: (74, Timestamp('2021-07-29 00:00:00')), Topic Prob: 0.339
Doc: (48, Timestamp('2021-10-28 00:00:00')), Topic Prob: 0.337
Doc: (5, Timestamp('2021-11-15 00:00:00')), Topic Prob: 0.335
Doc: (23, Timestamp('2021-12-10 00:00:00')), Topic Prob: 0.334
Doc: (71, Timestamp('2021-11-10 00:00:00')), Topic Prob: 0.326
Doc: (3, Timestamp('2021-08-07 00:00:00')), Topic Prob: 0.325
Doc: (13, Timestamp('2021-07-15 00:00:00')), Topic Prob: 0.323
Doc: (13, Timestamp('2021-07-14 00:00:00')), Topic Prob: 0.321
Doc: (66, Timestamp('2021-10-18 00:00:00')), Topic Prob: 0.32
Doc: (13, Timestamp('2021-07-17 00:00:00')), Topic Prob: 0.32
Doc: (66, Timestamp('2021-11-11 00:00:00')), Topic Prob: 0.309
Doc: (23, Timestamp('2021-11-20 00:00:00')), Topic Prob: 0.309
Doc: (23, Timestamp('2021-11-21 00:00:00')), Topic Prob: 0.302
Doc: (16, Timestamp('2021-10-27 00:00:00')), Topic Prob: 0.299
Doc: (19, Timestamp('2021-11-13 00:00:00')), Topic Prob: 0.296
Doc: (69, Timestamp('2021-11-01 00:00:00')), Topic Prob: 0.29
Doc: (13, Timestamp('2021-07-31 00:00:00')), Topic Prob: 0.289
Doc: (13, Timestamp('2021-07-29 00:00:00')), Topic Prob: 0.289
Doc: (7, Timestamp('2021-11-12 00:00:00')), Topic Prob: 0.287
Doc: (5, Timestamp('2021-11-14 00:00:00')), Topic Prob: 0.279
Doc: (71, Timestamp('2021-11-09 00:00:00')), Topic Prob: 0.278
Doc: (30, Timestamp('2021-10-16 00:00:00')), Topic Prob: 0.277
Doc: (74, Timestamp('2021-07-30 00:00:00')), Topic Prob: 0.275
Doc: (42, Timestamp('2021-11-18 00:00:00')), Topic Prob: 0.274
Doc: (71, Timestamp('2021-11-14 00:00:00')), Topic Prob: 0.272
Doc: (30, Timestamp('2021-11-06 00:00:00')), Topic Prob: 0.271
Doc: (13, Timestamp('2021-07-19 00:00:00')), Topic Prob: 0.271
Doc: (5, Timestamp('2021-10-28 00:00:00')), Topic Prob: 0.263
Doc: (82, Timestamp('2021-11-09 00:00:00')), Topic Prob: 0.263
Doc: (70, Timestamp('2021-07-23 00:00:00')), Topic Prob: 0.26
Doc: (30, Timestamp('2021-11-09 00:00:00')), Topic Prob: 0.26
Doc: (80, Timestamp('2021-07-24 00:00:00')), Topic Prob: 0.255
Doc: (53, Timestamp('2021-11-16 00:00:00')), Topic Prob: 0.254
Doc: (71, Timestamp('2021-11-30 00:00:00')), Topic Prob: 0.249
Doc: (71, Timestamp('2021-12-05 00:00:00')), Topic Prob: 0.248
Doc: (23, Timestamp('2021-11-17 00:00:00')), Topic Prob: 0.244
Doc: (16, Timestamp('2021-11-18 00:00:00')), Topic Prob: 0.242
Doc: (70, Timestamp('2021-08-08 00:00:00')), Topic Prob: 0.24
Doc: (13, Timestamp('2021-08-01 00:00:00')), Topic Prob: 0.24
------------------------------
Topic # 18
Doc: (3, Timestamp('2021-07-24 00:00:00')), Topic Prob: 0.426
Doc: (3, Timestamp('2021-07-15 00:00:00')), Topic Prob: 0.396
Doc: (3, Timestamp('2021-07-23 00:00:00')), Topic Prob: 0.379
Doc: (3, Timestamp('2021-08-05 00:00:00')), Topic Prob: 0.372
Doc: (83, Timestamp('2021-07-22 00:00:00')), Topic Prob: 0.348
Doc: (3, Timestamp('2021-07-25 00:00:00')), Topic Prob: 0.345
Doc: (83, Timestamp('2021-07-30 00:00:00')), Topic Prob: 0.342
Doc: (80, Timestamp('2021-07-31 00:00:00')), Topic Prob: 0.334
Doc: (42, Timestamp('2021-11-30 00:00:00')), Topic Prob: 0.333
Doc: (42, Timestamp('2021-12-03 00:00:00')), Topic Prob: 0.33
Doc: (65, Timestamp('2021-11-12 00:00:00')), Topic Prob: 0.328
Doc: (3, Timestamp('2021-07-26 00:00:00')), Topic Prob: 0.328
Doc: (28, Timestamp('2021-07-21 00:00:00')), Topic Prob: 0.328
Doc: (71, Timestamp('2021-12-02 00:00:00')), Topic Prob: 0.325
Doc: (3, Timestamp('2021-07-21 00:00:00')), Topic Prob: 0.324
Doc: (22, Timestamp('2021-11-04 00:00:00')), Topic Prob: 0.314
Doc: (60, Timestamp('2021-11-15 00:00:00')), Topic Prob: 0.313
Doc: (34, Timestamp('2021-11-27 00:00:00')), Topic Prob: 0.308
Doc: (3, Timestamp('2021-07-28 00:00:00')), Topic Prob: 0.293
Doc: (3, Timestamp('2021-07-16 00:00:00')), Topic Prob: 0.288
Doc: (3, Timestamp('2021-08-11 00:00:00')), Topic Prob: 0.288
Doc: (43, Timestamp('2021-08-20 00:00:00')), Topic Prob: 0.285
Doc: (59, Timestamp('2021-11-25 00:00:00')), Topic Prob: 0.281
Doc: (34, Timestamp('2021-11-25 00:00:00')), Topic Prob: 0.275
Doc: (0, Timestamp('2021-08-11 00:00:00')), Topic Prob: 0.273
Doc: (83, Timestamp('2021-07-21 00:00:00')), Topic Prob: 0.268
Doc: (3, Timestamp('2021-07-29 00:00:00')), Topic Prob: 0.266
Doc: (29, Timestamp('2021-07-30 00:00:00')), Topic Prob: 0.264
Doc: (43, Timestamp('2021-08-24 00:00:00')), Topic Prob: 0.263
Doc: (42, Timestamp('2021-12-09 00:00:00')), Topic Prob: 0.26
Doc: (84, Timestamp('2021-07-18 00:00:00')), Topic Prob: 0.26
Doc: (91, Timestamp('2021-11-13 00:00:00')), Topic Prob: 0.259
Doc: (24, Timestamp('2021-11-08 00:00:00')), Topic Prob: 0.252
Doc: (3, Timestamp('2021-08-03 00:00:00')), Topic Prob: 0.247
Doc: (43, Timestamp('2021-09-25 00:00:00')), Topic Prob: 0.247
Doc: (35, Timestamp('2021-11-24 00:00:00')), Topic Prob: 0.246
Doc: (68, Timestamp('2021-07-19 00:00:00')), Topic Prob: 0.244
Doc: (80, Timestamp('2021-08-05 00:00:00')), Topic Prob: 0.242
Doc: (43, Timestamp('2021-09-09 00:00:00')), Topic Prob: 0.238
Doc: (80, Timestamp('2021-08-11 00:00:00')), Topic Prob: 0.238
Doc: (78, Timestamp('2021-12-09 00:00:00')), Topic Prob: 0.237
Doc: (83, Timestamp('2021-08-01 00:00:00')), Topic Prob: 0.237
Doc: (82, Timestamp('2021-11-11 00:00:00')), Topic Prob: 0.236
Doc: (71, Timestamp('2021-11-30 00:00:00')), Topic Prob: 0.236
Doc: (83, Timestamp('2021-08-19 00:00:00')), Topic Prob: 0.234
Doc: (32, Timestamp('2021-11-28 00:00:00')), Topic Prob: 0.234
Doc: (43, Timestamp('2021-09-13 00:00:00')), Topic Prob: 0.231
Doc: (42, Timestamp('2021-11-24 00:00:00')), Topic Prob: 0.231
Doc: (64, Timestamp('2021-07-27 00:00:00')), Topic Prob: 0.228
------------------------------
Topic # 21
Doc: (6, Timestamp('2021-11-10 00:00:00')), Topic Prob: 0.563
Doc: (10, Timestamp('2021-07-31 00:00:00')), Topic Prob: 0.414
Doc: (28, Timestamp('2021-07-28 00:00:00')), Topic Prob: 0.408
Doc: (10, Timestamp('2021-08-13 00:00:00')), Topic Prob: 0.368
Doc: (53, Timestamp('2021-11-19 00:00:00')), Topic Prob: 0.338
Doc: (11, Timestamp('2021-11-04 00:00:00')), Topic Prob: 0.328
Doc: (28, Timestamp('2021-08-01 00:00:00')), Topic Prob: 0.323
Doc: (42, Timestamp('2021-11-13 00:00:00')), Topic Prob: 0.317
Doc: (4, Timestamp('2021-10-18 00:00:00')), Topic Prob: 0.315
Doc: (71, Timestamp('2021-12-06 00:00:00')), Topic Prob: 0.306
Doc: (64, Timestamp('2021-08-12 00:00:00')), Topic Prob: 0.305
Doc: (85, Timestamp('2021-08-02 00:00:00')), Topic Prob: 0.303
Doc: (44, Timestamp('2021-12-06 00:00:00')), Topic Prob: 0.298
Doc: (14, Timestamp('2021-10-29 00:00:00')), Topic Prob: 0.298
Doc: (6, Timestamp('2021-11-09 00:00:00')), Topic Prob: 0.294
Doc: (73, Timestamp('2021-11-11 00:00:00')), Topic Prob: 0.291
Doc: (41, Timestamp('2021-11-20 00:00:00')), Topic Prob: 0.28
Doc: (10, Timestamp('2021-08-09 00:00:00')), Topic Prob: 0.279
Doc: (85, Timestamp('2021-07-29 00:00:00')), Topic Prob: 0.278
Doc: (19, Timestamp('2021-11-05 00:00:00')), Topic Prob: 0.273
Doc: (35, Timestamp('2021-11-22 00:00:00')), Topic Prob: 0.269
Doc: (60, Timestamp('2021-11-12 00:00:00')), Topic Prob: 0.267
Doc: (44, Timestamp('2021-12-02 00:00:00')), Topic Prob: 0.255
Doc: (50, Timestamp('2021-08-13 00:00:00')), Topic Prob: 0.253
Doc: (10, Timestamp('2021-08-14 00:00:00')), Topic Prob: 0.252
Doc: (47, Timestamp('2021-07-24 00:00:00')), Topic Prob: 0.247
Doc: (64, Timestamp('2021-07-26 00:00:00')), Topic Prob: 0.236
Doc: (64, Timestamp('2021-08-11 00:00:00')), Topic Prob: 0.235
Doc: (39, Timestamp('2021-12-15 00:00:00')), Topic Prob: 0.233
Doc: (53, Timestamp('2021-11-20 00:00:00')), Topic Prob: 0.224
Doc: (85, Timestamp('2021-07-22 00:00:00')), Topic Prob: 0.224
Doc: (50, Timestamp('2021-07-23 00:00:00')), Topic Prob: 0.219
Doc: (71, Timestamp('2021-11-16 00:00:00')), Topic Prob: 0.219
Doc: (30, Timestamp('2021-10-22 00:00:00')), Topic Prob: 0.219
Doc: (19, Timestamp('2021-11-04 00:00:00')), Topic Prob: 0.215
Doc: (22, Timestamp('2021-10-27 00:00:00')), Topic Prob: 0.214
Doc: (34, Timestamp('2021-11-12 00:00:00')), Topic Prob: 0.213
Doc: (91, Timestamp('2021-11-17 00:00:00')), Topic Prob: 0.205
Doc: (65, Timestamp('2021-11-03 00:00:00')), Topic Prob: 0.202
Doc: (53, Timestamp('2021-12-15 00:00:00')), Topic Prob: 0.202
Doc: (11, Timestamp('2021-10-28 00:00:00')), Topic Prob: 0.201
Doc: (35, Timestamp('2021-12-05 00:00:00')), Topic Prob: 0.201
Doc: (55, Timestamp('2021-11-10 00:00:00')), Topic Prob: 0.2
Doc: (85, Timestamp('2021-07-26 00:00:00')), Topic Prob: 0.199
Doc: (50, Timestamp('2021-08-05 00:00:00')), Topic Prob: 0.196
Doc: (9, Timestamp('2021-12-02 00:00:00')), Topic Prob: 0.195
Doc: (55, Timestamp('2021-11-27 00:00:00')), Topic Prob: 0.191
Doc: (47, Timestamp('2021-08-15 00:00:00')), Topic Prob: 0.189
Doc: (26, Timestamp('2021-08-10 00:00:00')), Topic Prob: 0.188
------------------------------
Topic # 29
Doc: (3, Timestamp('2021-08-08 00:00:00')), Topic Prob: 0.303
Doc: (59, Timestamp('2021-12-15 00:00:00')), Topic Prob: 0.267
Doc: (3, Timestamp('2021-07-27 00:00:00')), Topic Prob: 0.21
Doc: (59, Timestamp('2021-12-11 00:00:00')), Topic Prob: 0.207
Doc: (59, Timestamp('2021-12-09 00:00:00')), Topic Prob: 0.204
Doc: (76, Timestamp('2021-08-27 00:00:00')), Topic Prob: 0.194
Doc: (3, Timestamp('2021-07-31 00:00:00')), Topic Prob: 0.189
Doc: (28, Timestamp('2021-08-14 00:00:00')), Topic Prob: 0.186
Doc: (80, Timestamp('2021-07-20 00:00:00')), Topic Prob: 0.157
Doc: (28, Timestamp('2021-07-28 00:00:00')), Topic Prob: 0.156
Doc: (29, Timestamp('2021-07-31 00:00:00')), Topic Prob: 0.149
Doc: (82, Timestamp('2021-12-06 00:00:00')), Topic Prob: 0.147
Doc: (59, Timestamp('2021-12-12 00:00:00')), Topic Prob: 0.144
Doc: (84, Timestamp('2021-07-25 00:00:00')), Topic Prob: 0.143
Doc: (41, Timestamp('2021-11-12 00:00:00')), Topic Prob: 0.14
Doc: (29, Timestamp('2021-07-17 00:00:00')), Topic Prob: 0.139
Doc: (29, Timestamp('2021-08-16 00:00:00')), Topic Prob: 0.139
Doc: (33, Timestamp('2021-08-15 00:00:00')), Topic Prob: 0.138
Doc: (80, Timestamp('2021-07-29 00:00:00')), Topic Prob: 0.137
Doc: (42, Timestamp('2021-11-19 00:00:00')), Topic Prob: 0.135
Doc: (34, Timestamp('2021-11-26 00:00:00')), Topic Prob: 0.134
Doc: (69, Timestamp('2021-11-02 00:00:00')), Topic Prob: 0.132
Doc: (22, Timestamp('2021-11-22 00:00:00')), Topic Prob: 0.131
Doc: (55, Timestamp('2021-11-15 00:00:00')), Topic Prob: 0.129
Doc: (22, Timestamp('2021-11-13 00:00:00')), Topic Prob: 0.129
Doc: (71, Timestamp('2021-11-27 00:00:00')), Topic Prob: 0.126
Doc: (35, Timestamp('2021-12-06 00:00:00')), Topic Prob: 0.125
Doc: (59, Timestamp('2021-12-08 00:00:00')), Topic Prob: 0.125
Doc: (29, Timestamp('2021-07-23 00:00:00')), Topic Prob: 0.124
Doc: (35, Timestamp('2021-11-11 00:00:00')), Topic Prob: 0.123
Doc: (51, Timestamp('2021-07-19 00:00:00')), Topic Prob: 0.123
Doc: (10, Timestamp('2021-08-01 00:00:00')), Topic Prob: 0.12
Doc: (91, Timestamp('2021-12-14 00:00:00')), Topic Prob: 0.12
Doc: (69, Timestamp('2021-11-11 00:00:00')), Topic Prob: 0.118
Doc: (5, Timestamp('2021-11-22 00:00:00')), Topic Prob: 0.116
Doc: (29, Timestamp('2021-08-06 00:00:00')), Topic Prob: 0.116
Doc: (29, Timestamp('2021-07-21 00:00:00')), Topic Prob: 0.114
Doc: (37, Timestamp('2021-11-29 00:00:00')), Topic Prob: 0.114
Doc: (78, Timestamp('2021-11-26 00:00:00')), Topic Prob: 0.114
Doc: (22, Timestamp('2021-10-27 00:00:00')), Topic Prob: 0.113
Doc: (33, Timestamp('2021-07-31 00:00:00')), Topic Prob: 0.113
Doc: (48, Timestamp('2021-10-20 00:00:00')), Topic Prob: 0.109
Doc: (83, Timestamp('2021-07-28 00:00:00')), Topic Prob: 0.108
Doc: (82, Timestamp('2021-10-18 00:00:00')), Topic Prob: 0.106
Doc: (68, Timestamp('2021-08-12 00:00:00')), Topic Prob: 0.106
Doc: (54, Timestamp('2021-08-01 00:00:00')), Topic Prob: 0.106
Doc: (38, Timestamp('2021-11-11 00:00:00')), Topic Prob: 0.106
Doc: (23, Timestamp('2021-11-28 00:00:00')), Topic Prob: 0.106
Doc: (22, Timestamp('2021-11-17 00:00:00')), Topic Prob: 0.104
------------------------------
Topic # 0
Doc: (13, Timestamp('2021-08-08 00:00:00')), Topic Prob: 0.122
Doc: (5, Timestamp('2021-11-12 00:00:00')), Topic Prob: 0.118
Doc: (24, Timestamp('2021-11-04 00:00:00')), Topic Prob: 0.105
Doc: (10, Timestamp('2021-07-25 00:00:00')), Topic Prob: 0.103
Doc: (4, Timestamp('2021-10-15 00:00:00')), Topic Prob: 0.103
Doc: (26, Timestamp('2021-08-11 00:00:00')), Topic Prob: 0.101
Doc: (37, Timestamp('2021-11-29 00:00:00')), Topic Prob: 0.099
Doc: (3, Timestamp('2021-07-30 00:00:00')), Topic Prob: 0.097
Doc: (6, Timestamp('2021-11-28 00:00:00')), Topic Prob: 0.086
Doc: (40, Timestamp('2021-07-21 00:00:00')), Topic Prob: 0.086
Doc: (88, Timestamp('2021-11-05 00:00:00')), Topic Prob: 0.086
Doc: (7, Timestamp('2021-11-19 00:00:00')), Topic Prob: 0.085
Doc: (42, Timestamp('2021-11-20 00:00:00')), Topic Prob: 0.084
Doc: (42, Timestamp('2021-11-16 00:00:00')), Topic Prob: 0.084
Doc: (8, Timestamp('2021-11-19 00:00:00')), Topic Prob: 0.084
Doc: (11, Timestamp('2021-10-27 00:00:00')), Topic Prob: 0.082
Doc: (65, Timestamp('2021-11-21 00:00:00')), Topic Prob: 0.081
Doc: (54, Timestamp('2021-07-27 00:00:00')), Topic Prob: 0.081
Doc: (81, Timestamp('2021-12-10 00:00:00')), Topic Prob: 0.08
Doc: (58, Timestamp('2021-12-12 00:00:00')), Topic Prob: 0.08
Doc: (76, Timestamp('2021-08-28 00:00:00')), Topic Prob: 0.08
Doc: (77, Timestamp('2021-07-29 00:00:00')), Topic Prob: 0.079
Doc: (1, Timestamp('2021-07-16 00:00:00')), Topic Prob: 0.078
Doc: (67, Timestamp('2021-12-08 00:00:00')), Topic Prob: 0.077
Doc: (36, Timestamp('2021-08-05 00:00:00')), Topic Prob: 0.076
Doc: (34, Timestamp('2021-11-18 00:00:00')), Topic Prob: 0.075
Doc: (44, Timestamp('2021-11-30 00:00:00')), Topic Prob: 0.074
Doc: (35, Timestamp('2021-11-23 00:00:00')), Topic Prob: 0.074
Doc: (85, Timestamp('2021-07-23 00:00:00')), Topic Prob: 0.074
Doc: (28, Timestamp('2021-08-05 00:00:00')), Topic Prob: 0.071
Doc: (83, Timestamp('2021-07-26 00:00:00')), Topic Prob: 0.07
Doc: (65, Timestamp('2021-11-15 00:00:00')), Topic Prob: 0.068
Doc: (54, Timestamp('2021-08-15 00:00:00')), Topic Prob: 0.067
Doc: (65, Timestamp('2021-10-29 00:00:00')), Topic Prob: 0.065
Doc: (6, Timestamp('2021-11-16 00:00:00')), Topic Prob: 0.065
Doc: (7, Timestamp('2021-11-04 00:00:00')), Topic Prob: 0.065
Doc: (4, Timestamp('2021-10-26 00:00:00')), Topic Prob: 0.065
Doc: (3, Timestamp('2021-08-09 00:00:00')), Topic Prob: 0.065
Doc: (3, Timestamp('2021-07-25 00:00:00')), Topic Prob: 0.065
Doc: (28, Timestamp('2021-08-12 00:00:00')), Topic Prob: 0.065
Doc: (12, Timestamp('2021-08-01 00:00:00')), Topic Prob: 0.064
Doc: (10, Timestamp('2021-07-30 00:00:00')), Topic Prob: 0.063
Doc: (10, Timestamp('2021-07-29 00:00:00')), Topic Prob: 0.062
Doc: (30, Timestamp('2021-11-03 00:00:00')), Topic Prob: 0.062
Doc: (77, Timestamp('2021-08-10 00:00:00')), Topic Prob: 0.061
Doc: (88, Timestamp('2021-11-01 00:00:00')), Topic Prob: 0.058
Doc: (78, Timestamp('2021-11-27 00:00:00')), Topic Prob: 0.058
Doc: (77, Timestamp('2021-08-06 00:00:00')), Topic Prob: 0.058
Doc: (89, Timestamp('2021-10-20 00:00:00')), Topic Prob: 0.058
------------------------------
Topic # 17
Doc: (3, Timestamp('2021-08-10 00:00:00')), Topic Prob: 0.197
Doc: (59, Timestamp('2021-11-25 00:00:00')), Topic Prob: 0.154
Doc: (34, Timestamp('2021-11-17 00:00:00')), Topic Prob: 0.148
Doc: (24, Timestamp('2021-11-14 00:00:00')), Topic Prob: 0.131
Doc: (34, Timestamp('2021-11-21 00:00:00')), Topic Prob: 0.093
Doc: (10, Timestamp('2021-07-27 00:00:00')), Topic Prob: 0.092
Doc: (3, Timestamp('2021-08-16 00:00:00')), Topic Prob: 0.089
Doc: (68, Timestamp('2021-08-03 00:00:00')), Topic Prob: 0.089
Doc: (81, Timestamp('2021-11-22 00:00:00')), Topic Prob: 0.088
Doc: (29, Timestamp('2021-07-25 00:00:00')), Topic Prob: 0.088
Doc: (23, Timestamp('2021-12-07 00:00:00')), Topic Prob: 0.082
Doc: (77, Timestamp('2021-08-04 00:00:00')), Topic Prob: 0.082
Doc: (11, Timestamp('2021-11-14 00:00:00')), Topic Prob: 0.078
Doc: (82, Timestamp('2021-11-21 00:00:00')), Topic Prob: 0.078
Doc: (4, Timestamp('2021-11-04 00:00:00')), Topic Prob: 0.077
Doc: (63, Timestamp('2021-08-06 00:00:00')), Topic Prob: 0.076
Doc: (80, Timestamp('2021-08-01 00:00:00')), Topic Prob: 0.073
Doc: (51, Timestamp('2021-07-31 00:00:00')), Topic Prob: 0.072
Doc: (14, Timestamp('2021-11-17 00:00:00')), Topic Prob: 0.072
Doc: (3, Timestamp('2021-08-09 00:00:00')), Topic Prob: 0.071
Doc: (3, Timestamp('2021-07-29 00:00:00')), Topic Prob: 0.07
Doc: (63, Timestamp('2021-08-15 00:00:00')), Topic Prob: 0.07
Doc: (43, Timestamp('2021-09-04 00:00:00')), Topic Prob: 0.068
Doc: (32, Timestamp('2021-11-13 00:00:00')), Topic Prob: 0.065
Doc: (63, Timestamp('2021-08-07 00:00:00')), Topic Prob: 0.065
Doc: (0, Timestamp('2021-08-13 00:00:00')), Topic Prob: 0.065
Doc: (72, Timestamp('2021-07-17 00:00:00')), Topic Prob: 0.065
Doc: (77, Timestamp('2021-08-17 00:00:00')), Topic Prob: 0.065
Doc: (76, Timestamp('2021-08-22 00:00:00')), Topic Prob: 0.065
Doc: (59, Timestamp('2021-11-21 00:00:00')), Topic Prob: 0.065
Doc: (74, Timestamp('2021-08-14 00:00:00')), Topic Prob: 0.065
Doc: (74, Timestamp('2021-08-13 00:00:00')), Topic Prob: 0.065
Doc: (80, Timestamp('2021-07-17 00:00:00')), Topic Prob: 0.065
Doc: (33, Timestamp('2021-07-26 00:00:00')), Topic Prob: 0.064
Doc: (8, Timestamp('2021-11-28 00:00:00')), Topic Prob: 0.062
Doc: (3, Timestamp('2021-07-27 00:00:00')), Topic Prob: 0.061
Doc: (26, Timestamp('2021-07-28 00:00:00')), Topic Prob: 0.06
Doc: (42, Timestamp('2021-11-22 00:00:00')), Topic Prob: 0.06
Doc: (64, Timestamp('2021-08-09 00:00:00')), Topic Prob: 0.059
Doc: (34, Timestamp('2021-11-16 00:00:00')), Topic Prob: 0.058
Doc: (33, Timestamp('2021-07-22 00:00:00')), Topic Prob: 0.058
Doc: (74, Timestamp('2021-08-16 00:00:00')), Topic Prob: 0.057
Doc: (65, Timestamp('2021-10-31 00:00:00')), Topic Prob: 0.056
Doc: (28, Timestamp('2021-08-11 00:00:00')), Topic Prob: 0.056
Doc: (22, Timestamp('2021-11-22 00:00:00')), Topic Prob: 0.054
Doc: (40, Timestamp('2021-08-11 00:00:00')), Topic Prob: 0.054
Doc: (28, Timestamp('2021-07-31 00:00:00')), Topic Prob: 0.053
Doc: (28, Timestamp('2021-07-27 00:00:00')), Topic Prob: 0.052
Doc: (80, Timestamp('2021-08-03 00:00:00')), Topic Prob: 0.049
------------------------------
Topic # 11
Doc: (41, Timestamp('2021-11-13 00:00:00')), Topic Prob: 0.147
Doc: (12, Timestamp('2021-07-14 00:00:00')), Topic Prob: 0.106
Doc: (82, Timestamp('2021-11-03 00:00:00')), Topic Prob: 0.086
Doc: (83, Timestamp('2021-08-12 00:00:00')), Topic Prob: 0.086
Doc: (21, Timestamp('2021-11-13 00:00:00')), Topic Prob: 0.085
Doc: (64, Timestamp('2021-07-28 00:00:00')), Topic Prob: 0.084
Doc: (81, Timestamp('2021-11-22 00:00:00')), Topic Prob: 0.078
Doc: (53, Timestamp('2021-12-06 00:00:00')), Topic Prob: 0.078
Doc: (14, Timestamp('2021-10-28 00:00:00')), Topic Prob: 0.065
Doc: (37, Timestamp('2021-12-04 00:00:00')), Topic Prob: 0.065
Doc: (69, Timestamp('2021-11-13 00:00:00')), Topic Prob: 0.065
Doc: (36, Timestamp('2021-07-26 00:00:00')), Topic Prob: 0.065
Doc: (36, Timestamp('2021-07-27 00:00:00')), Topic Prob: 0.065
Doc: (92, Timestamp('2021-08-03 00:00:00')), Topic Prob: 0.065
Doc: (23, Timestamp('2021-11-12 00:00:00')), Topic Prob: 0.064
Doc: (81, Timestamp('2021-12-10 00:00:00')), Topic Prob: 0.062
Doc: (32, Timestamp('2021-11-28 00:00:00')), Topic Prob: 0.061
Doc: (85, Timestamp('2021-07-16 00:00:00')), Topic Prob: 0.061
Doc: (83, Timestamp('2021-08-19 00:00:00')), Topic Prob: 0.061
Doc: (80, Timestamp('2021-08-05 00:00:00')), Topic Prob: 0.058
Doc: (58, Timestamp('2021-12-13 00:00:00')), Topic Prob: 0.057
Doc: (4, Timestamp('2021-11-01 00:00:00')), Topic Prob: 0.052
Doc: (80, Timestamp('2021-07-19 00:00:00')), Topic Prob: 0.049
Doc: (52, Timestamp('2021-07-31 00:00:00')), Topic Prob: 0.047
Doc: (34, Timestamp('2021-11-07 00:00:00')), Topic Prob: 0.046
Doc: (82, Timestamp('2021-11-10 00:00:00')), Topic Prob: 0.043
Doc: (84, Timestamp('2021-08-07 00:00:00')), Topic Prob: 0.043
Doc: (85, Timestamp('2021-07-29 00:00:00')), Topic Prob: 0.043
Doc: (64, Timestamp('2021-07-31 00:00:00')), Topic Prob: 0.043
Doc: (77, Timestamp('2021-08-06 00:00:00')), Topic Prob: 0.043
Doc: (24, Timestamp('2021-10-30 00:00:00')), Topic Prob: 0.043
Doc: (25, Timestamp('2021-12-08 00:00:00')), Topic Prob: 0.043
Doc: (75, Timestamp('2021-11-25 00:00:00')), Topic Prob: 0.043
Doc: (91, Timestamp('2021-11-27 00:00:00')), Topic Prob: 0.043
Doc: (68, Timestamp('2021-07-25 00:00:00')), Topic Prob: 0.043
Doc: (23, Timestamp('2021-11-25 00:00:00')), Topic Prob: 0.043
Doc: (38, Timestamp('2021-11-02 00:00:00')), Topic Prob: 0.043
Doc: (22, Timestamp('2021-11-04 00:00:00')), Topic Prob: 0.043
Doc: (58, Timestamp('2021-11-18 00:00:00')), Topic Prob: 0.043
Doc: (91, Timestamp('2021-12-13 00:00:00')), Topic Prob: 0.043
Doc: (10, Timestamp('2021-08-09 00:00:00')), Topic Prob: 0.043
Doc: (90, Timestamp('2021-08-06 00:00:00')), Topic Prob: 0.043
Doc: (84, Timestamp('2021-08-02 00:00:00')), Topic Prob: 0.043
Doc: (59, Timestamp('2021-12-09 00:00:00')), Topic Prob: 0.043
Doc: (88, Timestamp('2021-11-06 00:00:00')), Topic Prob: 0.043
Doc: (88, Timestamp('2021-11-18 00:00:00')), Topic Prob: 0.043
Doc: (51, Timestamp('2021-08-16 00:00:00')), Topic Prob: 0.043
Doc: (18, Timestamp('2021-08-12 00:00:00')), Topic Prob: 0.043
Doc: (35, Timestamp('2021-11-07 00:00:00')), Topic Prob: 0.043
------------------------------
