Levels:  [ 1. 20. 57.]
saving ...
Topic # 25
Doc: (3, Timestamp('2021-07-22 00:00:00')), Topic Prob: 0.979
Doc: (60, Timestamp('2021-11-15 00:00:00')), Topic Prob: 0.979
Doc: (41, Timestamp('2021-12-01 00:00:00')), Topic Prob: 0.979
Doc: (34, Timestamp('2021-11-26 00:00:00')), Topic Prob: 0.979
Doc: (19, Timestamp('2021-11-27 00:00:00')), Topic Prob: 0.979
Doc: (22, Timestamp('2021-11-12 00:00:00')), Topic Prob: 0.979
Doc: (22, Timestamp('2021-11-10 00:00:00')), Topic Prob: 0.979
Doc: (68, Timestamp('2021-07-20 00:00:00')), Topic Prob: 0.979
Doc: (11, Timestamp('2021-10-27 00:00:00')), Topic Prob: 0.979
Doc: (22, Timestamp('2021-11-01 00:00:00')), Topic Prob: 0.979
Doc: (22, Timestamp('2021-11-22 00:00:00')), Topic Prob: 0.979
Doc: (19, Timestamp('2021-10-30 00:00:00')), Topic Prob: 0.979
Doc: (64, Timestamp('2021-08-15 00:00:00')), Topic Prob: 0.979
Doc: (64, Timestamp('2021-08-01 00:00:00')), Topic Prob: 0.979
Doc: (64, Timestamp('2021-08-14 00:00:00')), Topic Prob: 0.979
Doc: (64, Timestamp('2021-08-16 00:00:00')), Topic Prob: 0.979
Doc: (64, Timestamp('2021-08-08 00:00:00')), Topic Prob: 0.979
Doc: (65, Timestamp('2021-10-27 00:00:00')), Topic Prob: 0.979
Doc: (64, Timestamp('2021-08-07 00:00:00')), Topic Prob: 0.979
Doc: (0, Timestamp('2021-07-15 00:00:00')), Topic Prob: 0.979
Doc: (64, Timestamp('2021-07-27 00:00:00')), Topic Prob: 0.979
Doc: (65, Timestamp('2021-10-28 00:00:00')), Topic Prob: 0.979
Doc: (63, Timestamp('2021-08-22 00:00:00')), Topic Prob: 0.979
Doc: (63, Timestamp('2021-08-21 00:00:00')), Topic Prob: 0.979
Doc: (63, Timestamp('2021-08-17 00:00:00')), Topic Prob: 0.979
Doc: (63, Timestamp('2021-08-16 00:00:00')), Topic Prob: 0.979
Doc: (63, Timestamp('2021-08-15 00:00:00')), Topic Prob: 0.979
Doc: (63, Timestamp('2021-08-14 00:00:00')), Topic Prob: 0.979
Doc: (63, Timestamp('2021-08-13 00:00:00')), Topic Prob: 0.979
Doc: (63, Timestamp('2021-08-12 00:00:00')), Topic Prob: 0.979
Doc: (64, Timestamp('2021-07-24 00:00:00')), Topic Prob: 0.979
Doc: (65, Timestamp('2021-11-05 00:00:00')), Topic Prob: 0.979
Doc: (65, Timestamp('2021-10-29 00:00:00')), Topic Prob: 0.979
Doc: (65, Timestamp('2021-10-30 00:00:00')), Topic Prob: 0.979
Doc: (14, Timestamp('2021-11-16 00:00:00')), Topic Prob: 0.979
Doc: (14, Timestamp('2021-11-17 00:00:00')), Topic Prob: 0.979
Doc: (14, Timestamp('2021-11-18 00:00:00')), Topic Prob: 0.979
Doc: (18, Timestamp('2021-07-18 00:00:00')), Topic Prob: 0.979
Doc: (18, Timestamp('2021-07-22 00:00:00')), Topic Prob: 0.979
Doc: (18, Timestamp('2021-07-23 00:00:00')), Topic Prob: 0.979
Doc: (18, Timestamp('2021-07-25 00:00:00')), Topic Prob: 0.979
Doc: (18, Timestamp('2021-08-03 00:00:00')), Topic Prob: 0.979
Doc: (18, Timestamp('2021-08-08 00:00:00')), Topic Prob: 0.979
Doc: (18, Timestamp('2021-08-14 00:00:00')), Topic Prob: 0.979
Doc: (19, Timestamp('2021-11-03 00:00:00')), Topic Prob: 0.979
Doc: (19, Timestamp('2021-11-07 00:00:00')), Topic Prob: 0.979
Doc: (65, Timestamp('2021-11-28 00:00:00')), Topic Prob: 0.979
Doc: (65, Timestamp('2021-11-17 00:00:00')), Topic Prob: 0.979
Doc: (65, Timestamp('2021-11-16 00:00:00')), Topic Prob: 0.979
------------------------------
Topic # 9
Doc: (92, Timestamp('2021-08-06 00:00:00')), Topic Prob: 0.979
Doc: (9, Timestamp('2021-12-06 00:00:00')), Topic Prob: 0.979
Doc: (51, Timestamp('2021-07-30 00:00:00')), Topic Prob: 0.979
Doc: (88, Timestamp('2021-11-02 00:00:00')), Topic Prob: 0.979
Doc: (52, Timestamp('2021-08-12 00:00:00')), Topic Prob: 0.979
Doc: (75, Timestamp('2021-10-30 00:00:00')), Topic Prob: 0.979
Doc: (31, Timestamp('2021-11-03 00:00:00')), Topic Prob: 0.979
Doc: (51, Timestamp('2021-08-13 00:00:00')), Topic Prob: 0.979
Doc: (52, Timestamp('2021-08-04 00:00:00')), Topic Prob: 0.979
Doc: (18, Timestamp('2021-08-06 00:00:00')), Topic Prob: 0.979
Doc: (76, Timestamp('2021-08-18 00:00:00')), Topic Prob: 0.979
Doc: (3, Timestamp('2021-08-10 00:00:00')), Topic Prob: 0.979
Doc: (2, Timestamp('2021-11-25 00:00:00')), Topic Prob: 0.979
Doc: (51, Timestamp('2021-08-11 00:00:00')), Topic Prob: 0.979
Doc: (52, Timestamp('2021-08-18 00:00:00')), Topic Prob: 0.979
Doc: (92, Timestamp('2021-08-01 00:00:00')), Topic Prob: 0.979
Doc: (89, Timestamp('2021-11-19 00:00:00')), Topic Prob: 0.979
Doc: (46, Timestamp('2021-11-19 00:00:00')), Topic Prob: 0.979
Doc: (20, Timestamp('2021-07-05 00:00:00')), Topic Prob: 0.949
Doc: (75, Timestamp('2021-11-10 00:00:00')), Topic Prob: 0.935
Doc: (54, Timestamp('2021-08-03 00:00:00')), Topic Prob: 0.926
Doc: (26, Timestamp('2021-07-23 00:00:00')), Topic Prob: 0.92
Doc: (75, Timestamp('2021-11-18 00:00:00')), Topic Prob: 0.915
Doc: (90, Timestamp('2021-08-02 00:00:00')), Topic Prob: 0.914
Doc: (31, Timestamp('2021-10-28 00:00:00')), Topic Prob: 0.906
Doc: (54, Timestamp('2021-08-08 00:00:00')), Topic Prob: 0.905
Doc: (27, Timestamp('2021-11-11 00:00:00')), Topic Prob: 0.903
Doc: (25, Timestamp('2021-11-29 00:00:00')), Topic Prob: 0.903
Doc: (10, Timestamp('2021-08-13 00:00:00')), Topic Prob: 0.9
Doc: (52, Timestamp('2021-07-22 00:00:00')), Topic Prob: 0.898
Doc: (11, Timestamp('2021-11-16 00:00:00')), Topic Prob: 0.898
Doc: (91, Timestamp('2021-12-13 00:00:00')), Topic Prob: 0.897
Doc: (52, Timestamp('2021-07-26 00:00:00')), Topic Prob: 0.895
Doc: (55, Timestamp('2021-11-19 00:00:00')), Topic Prob: 0.894
Doc: (20, Timestamp('2021-07-30 00:00:00')), Topic Prob: 0.892
Doc: (46, Timestamp('2021-12-08 00:00:00')), Topic Prob: 0.891
Doc: (91, Timestamp('2021-11-24 00:00:00')), Topic Prob: 0.878
Doc: (38, Timestamp('2021-11-11 00:00:00')), Topic Prob: 0.875
Doc: (25, Timestamp('2021-12-08 00:00:00')), Topic Prob: 0.875
Doc: (31, Timestamp('2021-11-05 00:00:00')), Topic Prob: 0.873
Doc: (14, Timestamp('2021-11-04 00:00:00')), Topic Prob: 0.872
Doc: (26, Timestamp('2021-07-16 00:00:00')), Topic Prob: 0.867
Doc: (39, Timestamp('2021-11-29 00:00:00')), Topic Prob: 0.867
Doc: (58, Timestamp('2021-11-24 00:00:00')), Topic Prob: 0.866
Doc: (77, Timestamp('2021-07-22 00:00:00')), Topic Prob: 0.865
Doc: (31, Timestamp('2021-10-27 00:00:00')), Topic Prob: 0.857
Doc: (19, Timestamp('2021-11-23 00:00:00')), Topic Prob: 0.855
Doc: (50, Timestamp('2021-07-19 00:00:00')), Topic Prob: 0.854
Doc: (75, Timestamp('2021-11-14 00:00:00')), Topic Prob: 0.848
------------------------------
Topic # 7
Doc: (47, Timestamp('2021-08-07 00:00:00')), Topic Prob: 0.979
Doc: (35, Timestamp('2021-11-19 00:00:00')), Topic Prob: 0.979
Doc: (55, Timestamp('2021-11-12 00:00:00')), Topic Prob: 0.979
Doc: (21, Timestamp('2021-12-03 00:00:00')), Topic Prob: 0.979
Doc: (8, Timestamp('2021-11-24 00:00:00')), Topic Prob: 0.979
Doc: (28, Timestamp('2021-08-07 00:00:00')), Topic Prob: 0.943
Doc: (66, Timestamp('2021-11-02 00:00:00')), Topic Prob: 0.939
Doc: (76, Timestamp('2021-08-23 00:00:00')), Topic Prob: 0.916
Doc: (10, Timestamp('2021-08-04 00:00:00')), Topic Prob: 0.915
Doc: (21, Timestamp('2021-12-06 00:00:00')), Topic Prob: 0.896
Doc: (70, Timestamp('2021-07-31 00:00:00')), Topic Prob: 0.895
Doc: (67, Timestamp('2021-11-10 00:00:00')), Topic Prob: 0.881
Doc: (92, Timestamp('2021-07-31 00:00:00')), Topic Prob: 0.862
Doc: (54, Timestamp('2021-07-25 00:00:00')), Topic Prob: 0.861
Doc: (53, Timestamp('2021-11-28 00:00:00')), Topic Prob: 0.856
Doc: (10, Timestamp('2021-08-07 00:00:00')), Topic Prob: 0.853
Doc: (55, Timestamp('2021-11-05 00:00:00')), Topic Prob: 0.849
Doc: (84, Timestamp('2021-08-03 00:00:00')), Topic Prob: 0.846
Doc: (92, Timestamp('2021-07-27 00:00:00')), Topic Prob: 0.842
Doc: (23, Timestamp('2021-11-28 00:00:00')), Topic Prob: 0.84
Doc: (21, Timestamp('2021-12-02 00:00:00')), Topic Prob: 0.836
Doc: (55, Timestamp('2021-11-02 00:00:00')), Topic Prob: 0.832
Doc: (60, Timestamp('2021-11-01 00:00:00')), Topic Prob: 0.832
Doc: (16, Timestamp('2021-11-08 00:00:00')), Topic Prob: 0.832
Doc: (62, Timestamp('2021-11-27 00:00:00')), Topic Prob: 0.83
Doc: (92, Timestamp('2021-08-05 00:00:00')), Topic Prob: 0.829
Doc: (89, Timestamp('2021-10-29 00:00:00')), Topic Prob: 0.825
Doc: (19, Timestamp('2021-11-11 00:00:00')), Topic Prob: 0.821
Doc: (30, Timestamp('2021-10-24 00:00:00')), Topic Prob: 0.82
Doc: (47, Timestamp('2021-08-13 00:00:00')), Topic Prob: 0.819
Doc: (47, Timestamp('2021-07-25 00:00:00')), Topic Prob: 0.814
Doc: (44, Timestamp('2021-11-29 00:00:00')), Topic Prob: 0.81
Doc: (33, Timestamp('2021-08-10 00:00:00')), Topic Prob: 0.809
Doc: (16, Timestamp('2021-11-17 00:00:00')), Topic Prob: 0.802
Doc: (44, Timestamp('2021-11-26 00:00:00')), Topic Prob: 0.8
Doc: (92, Timestamp('2021-07-24 00:00:00')), Topic Prob: 0.799
Doc: (36, Timestamp('2021-07-30 00:00:00')), Topic Prob: 0.793
Doc: (89, Timestamp('2021-11-01 00:00:00')), Topic Prob: 0.792
Doc: (8, Timestamp('2021-12-01 00:00:00')), Topic Prob: 0.789
Doc: (76, Timestamp('2021-08-30 00:00:00')), Topic Prob: 0.788
Doc: (54, Timestamp('2021-07-28 00:00:00')), Topic Prob: 0.782
Doc: (37, Timestamp('2021-11-15 00:00:00')), Topic Prob: 0.78
Doc: (21, Timestamp('2021-11-30 00:00:00')), Topic Prob: 0.779
Doc: (77, Timestamp('2021-07-17 00:00:00')), Topic Prob: 0.775
Doc: (10, Timestamp('2021-07-21 00:00:00')), Topic Prob: 0.775
Doc: (62, Timestamp('2021-11-22 00:00:00')), Topic Prob: 0.769
Doc: (56, Timestamp('2021-08-03 00:00:00')), Topic Prob: 0.765
Doc: (56, Timestamp('2021-08-15 00:00:00')), Topic Prob: 0.762
Doc: (42, Timestamp('2021-12-02 00:00:00')), Topic Prob: 0.762
------------------------------
Topic # 22
Doc: (13, Timestamp('2021-08-15 00:00:00')), Topic Prob: 0.778
Doc: (71, Timestamp('2021-11-12 00:00:00')), Topic Prob: 0.769
Doc: (13, Timestamp('2021-07-23 00:00:00')), Topic Prob: 0.738
Doc: (66, Timestamp('2021-11-13 00:00:00')), Topic Prob: 0.731
Doc: (13, Timestamp('2021-07-27 00:00:00')), Topic Prob: 0.729
Doc: (13, Timestamp('2021-08-14 00:00:00')), Topic Prob: 0.725
Doc: (66, Timestamp('2021-10-18 00:00:00')), Topic Prob: 0.721
Doc: (5, Timestamp('2021-11-15 00:00:00')), Topic Prob: 0.708
Doc: (70, Timestamp('2021-07-24 00:00:00')), Topic Prob: 0.702
Doc: (42, Timestamp('2021-11-14 00:00:00')), Topic Prob: 0.696
Doc: (20, Timestamp('2021-08-02 00:00:00')), Topic Prob: 0.694
Doc: (74, Timestamp('2021-07-30 00:00:00')), Topic Prob: 0.693
Doc: (66, Timestamp('2021-11-11 00:00:00')), Topic Prob: 0.691
Doc: (70, Timestamp('2021-08-08 00:00:00')), Topic Prob: 0.689
Doc: (69, Timestamp('2021-11-19 00:00:00')), Topic Prob: 0.685
Doc: (13, Timestamp('2021-07-14 00:00:00')), Topic Prob: 0.68
Doc: (13, Timestamp('2021-07-26 00:00:00')), Topic Prob: 0.68
Doc: (13, Timestamp('2021-07-28 00:00:00')), Topic Prob: 0.677
Doc: (53, Timestamp('2021-11-16 00:00:00')), Topic Prob: 0.676
Doc: (66, Timestamp('2021-10-20 00:00:00')), Topic Prob: 0.673
Doc: (70, Timestamp('2021-08-09 00:00:00')), Topic Prob: 0.667
Doc: (71, Timestamp('2021-12-01 00:00:00')), Topic Prob: 0.664
Doc: (7, Timestamp('2021-11-04 00:00:00')), Topic Prob: 0.654
Doc: (3, Timestamp('2021-08-06 00:00:00')), Topic Prob: 0.652
Doc: (23, Timestamp('2021-12-01 00:00:00')), Topic Prob: 0.65
Doc: (13, Timestamp('2021-08-13 00:00:00')), Topic Prob: 0.638
Doc: (7, Timestamp('2021-11-18 00:00:00')), Topic Prob: 0.62
Doc: (50, Timestamp('2021-08-15 00:00:00')), Topic Prob: 0.617
Doc: (47, Timestamp('2021-07-28 00:00:00')), Topic Prob: 0.611
Doc: (5, Timestamp('2021-11-18 00:00:00')), Topic Prob: 0.607
Doc: (13, Timestamp('2021-07-15 00:00:00')), Topic Prob: 0.606
Doc: (70, Timestamp('2021-07-22 00:00:00')), Topic Prob: 0.606
Doc: (13, Timestamp('2021-07-19 00:00:00')), Topic Prob: 0.603
Doc: (23, Timestamp('2021-12-02 00:00:00')), Topic Prob: 0.602
Doc: (13, Timestamp('2021-07-29 00:00:00')), Topic Prob: 0.599
Doc: (50, Timestamp('2021-08-08 00:00:00')), Topic Prob: 0.592
Doc: (47, Timestamp('2021-07-07 00:00:00')), Topic Prob: 0.591
Doc: (23, Timestamp('2021-12-10 00:00:00')), Topic Prob: 0.582
Doc: (71, Timestamp('2021-11-11 00:00:00')), Topic Prob: 0.581
Doc: (67, Timestamp('2021-11-28 00:00:00')), Topic Prob: 0.581
Doc: (7, Timestamp('2021-10-26 00:00:00')), Topic Prob: 0.576
Doc: (50, Timestamp('2021-07-23 00:00:00')), Topic Prob: 0.573
Doc: (66, Timestamp('2021-11-19 00:00:00')), Topic Prob: 0.573
Doc: (16, Timestamp('2021-10-27 00:00:00')), Topic Prob: 0.572
Doc: (66, Timestamp('2021-11-17 00:00:00')), Topic Prob: 0.567
Doc: (74, Timestamp('2021-07-29 00:00:00')), Topic Prob: 0.567
Doc: (13, Timestamp('2021-07-25 00:00:00')), Topic Prob: 0.566
Doc: (7, Timestamp('2021-11-03 00:00:00')), Topic Prob: 0.566
Doc: (5, Timestamp('2021-11-17 00:00:00')), Topic Prob: 0.562
------------------------------
Topic # 0
Doc: (14, Timestamp('2021-10-22 00:00:00')), Topic Prob: 0.979
Doc: (18, Timestamp('2021-08-09 00:00:00')), Topic Prob: 0.89
Doc: (80, Timestamp('2021-08-14 00:00:00')), Topic Prob: 0.881
Doc: (4, Timestamp('2021-10-26 00:00:00')), Topic Prob: 0.858
Doc: (11, Timestamp('2021-10-21 00:00:00')), Topic Prob: 0.854
Doc: (62, Timestamp('2021-12-01 00:00:00')), Topic Prob: 0.84
Doc: (14, Timestamp('2021-10-28 00:00:00')), Topic Prob: 0.826
Doc: (18, Timestamp('2021-08-12 00:00:00')), Topic Prob: 0.797
Doc: (92, Timestamp('2021-08-04 00:00:00')), Topic Prob: 0.785
Doc: (8, Timestamp('2021-11-14 00:00:00')), Topic Prob: 0.77
Doc: (62, Timestamp('2021-11-10 00:00:00')), Topic Prob: 0.752
Doc: (88, Timestamp('2021-11-19 00:00:00')), Topic Prob: 0.752
Doc: (78, Timestamp('2021-11-22 00:00:00')), Topic Prob: 0.75
Doc: (8, Timestamp('2021-12-04 00:00:00')), Topic Prob: 0.747
Doc: (62, Timestamp('2021-11-12 00:00:00')), Topic Prob: 0.745
Doc: (74, Timestamp('2021-07-15 00:00:00')), Topic Prob: 0.743
Doc: (80, Timestamp('2021-08-05 00:00:00')), Topic Prob: 0.736
Doc: (4, Timestamp('2021-11-05 00:00:00')), Topic Prob: 0.733
Doc: (80, Timestamp('2021-08-10 00:00:00')), Topic Prob: 0.731
Doc: (62, Timestamp('2021-12-07 00:00:00')), Topic Prob: 0.728
Doc: (2, Timestamp('2021-11-19 00:00:00')), Topic Prob: 0.727
Doc: (2, Timestamp('2021-11-17 00:00:00')), Topic Prob: 0.723
Doc: (62, Timestamp('2021-11-09 00:00:00')), Topic Prob: 0.713
Doc: (80, Timestamp('2021-08-03 00:00:00')), Topic Prob: 0.71
Doc: (80, Timestamp('2021-08-06 00:00:00')), Topic Prob: 0.7
Doc: (8, Timestamp('2021-12-06 00:00:00')), Topic Prob: 0.694
Doc: (78, Timestamp('2021-11-16 00:00:00')), Topic Prob: 0.689
Doc: (62, Timestamp('2021-11-25 00:00:00')), Topic Prob: 0.689
Doc: (62, Timestamp('2021-11-08 00:00:00')), Topic Prob: 0.676
Doc: (8, Timestamp('2021-12-11 00:00:00')), Topic Prob: 0.675
Doc: (64, Timestamp('2021-07-23 00:00:00')), Topic Prob: 0.673
Doc: (56, Timestamp('2021-08-13 00:00:00')), Topic Prob: 0.657
Doc: (80, Timestamp('2021-08-17 00:00:00')), Topic Prob: 0.656
Doc: (11, Timestamp('2021-11-10 00:00:00')), Topic Prob: 0.654
Doc: (18, Timestamp('2021-08-02 00:00:00')), Topic Prob: 0.634
Doc: (80, Timestamp('2021-07-17 00:00:00')), Topic Prob: 0.629
Doc: (8, Timestamp('2021-11-22 00:00:00')), Topic Prob: 0.628
Doc: (62, Timestamp('2021-11-30 00:00:00')), Topic Prob: 0.625
Doc: (62, Timestamp('2021-12-06 00:00:00')), Topic Prob: 0.62
Doc: (12, Timestamp('2021-07-20 00:00:00')), Topic Prob: 0.605
Doc: (36, Timestamp('2021-08-14 00:00:00')), Topic Prob: 0.602
Doc: (80, Timestamp('2021-07-21 00:00:00')), Topic Prob: 0.6
Doc: (4, Timestamp('2021-11-11 00:00:00')), Topic Prob: 0.6
Doc: (11, Timestamp('2021-10-25 00:00:00')), Topic Prob: 0.593
Doc: (8, Timestamp('2021-11-16 00:00:00')), Topic Prob: 0.591
Doc: (5, Timestamp('2021-11-08 00:00:00')), Topic Prob: 0.586
Doc: (64, Timestamp('2021-08-20 00:00:00')), Topic Prob: 0.586
Doc: (56, Timestamp('2021-07-19 00:00:00')), Topic Prob: 0.581
Doc: (62, Timestamp('2021-12-09 00:00:00')), Topic Prob: 0.581
------------------------------
Topic # 13
Doc: (42, Timestamp('2021-11-14 00:00:00')), Topic Prob: 0.001
Doc: (47, Timestamp('2021-07-04 00:00:00')), Topic Prob: 0.001
Doc: (66, Timestamp('2021-10-30 00:00:00')), Topic Prob: 0.001
Doc: (62, Timestamp('2021-12-06 00:00:00')), Topic Prob: 0.001
Doc: (85, Timestamp('2021-08-02 00:00:00')), Topic Prob: 0.001
Doc: (85, Timestamp('2021-08-05 00:00:00')), Topic Prob: 0.001
Doc: (76, Timestamp('2021-08-24 00:00:00')), Topic Prob: 0.001
Doc: (50, Timestamp('2021-07-26 00:00:00')), Topic Prob: 0.001
Doc: (50, Timestamp('2021-08-10 00:00:00')), Topic Prob: 0.001
Doc: (78, Timestamp('2021-11-10 00:00:00')), Topic Prob: 0.001
Doc: (70, Timestamp('2021-08-09 00:00:00')), Topic Prob: 0.001
Doc: (70, Timestamp('2021-08-08 00:00:00')), Topic Prob: 0.001
Doc: (7, Timestamp('2021-11-14 00:00:00')), Topic Prob: 0.001
Doc: (88, Timestamp('2021-11-09 00:00:00')), Topic Prob: 0.001
Doc: (74, Timestamp('2021-08-04 00:00:00')), Topic Prob: 0.001
Doc: (52, Timestamp('2021-07-23 00:00:00')), Topic Prob: 0.001
Doc: (40, Timestamp('2021-08-11 00:00:00')), Topic Prob: 0.001
Doc: (74, Timestamp('2021-07-21 00:00:00')), Topic Prob: 0.001
Doc: (47, Timestamp('2021-08-17 00:00:00')), Topic Prob: 0.001
Doc: (90, Timestamp('2021-08-02 00:00:00')), Topic Prob: 0.001
Doc: (89, Timestamp('2021-10-24 00:00:00')), Topic Prob: 0.001
Doc: (88, Timestamp('2021-11-08 00:00:00')), Topic Prob: 0.001
Doc: (48, Timestamp('2021-11-12 00:00:00')), Topic Prob: 0.001
Doc: (62, Timestamp('2021-11-12 00:00:00')), Topic Prob: 0.001
Doc: (44, Timestamp('2021-11-24 00:00:00')), Topic Prob: 0.001
Doc: (13, Timestamp('2021-07-15 00:00:00')), Topic Prob: 0.001
Doc: (7, Timestamp('2021-10-29 00:00:00')), Topic Prob: 0.001
Doc: (52, Timestamp('2021-07-26 00:00:00')), Topic Prob: 0.001
Doc: (78, Timestamp('2021-12-02 00:00:00')), Topic Prob: 0.001
Doc: (48, Timestamp('2021-11-11 00:00:00')), Topic Prob: 0.001
Doc: (13, Timestamp('2021-08-01 00:00:00')), Topic Prob: 0.001
Doc: (90, Timestamp('2021-08-04 00:00:00')), Topic Prob: 0.001
Doc: (58, Timestamp('2021-11-22 00:00:00')), Topic Prob: 0.001
Doc: (35, Timestamp('2021-11-19 00:00:00')), Topic Prob: 0.001
Doc: (44, Timestamp('2021-11-10 00:00:00')), Topic Prob: 0.001
Doc: (70, Timestamp('2021-07-30 00:00:00')), Topic Prob: 0.001
Doc: (10, Timestamp('2021-07-17 00:00:00')), Topic Prob: 0.001
Doc: (48, Timestamp('2021-10-27 00:00:00')), Topic Prob: 0.001
Doc: (7, Timestamp('2021-11-06 00:00:00')), Topic Prob: 0.001
Doc: (35, Timestamp('2021-11-10 00:00:00')), Topic Prob: 0.001
Doc: (80, Timestamp('2021-07-24 00:00:00')), Topic Prob: 0.001
Doc: (4, Timestamp('2021-10-17 00:00:00')), Topic Prob: 0.001
Doc: (50, Timestamp('2021-07-17 00:00:00')), Topic Prob: 0.001
Doc: (47, Timestamp('2021-08-10 00:00:00')), Topic Prob: 0.001
Doc: (13, Timestamp('2021-07-21 00:00:00')), Topic Prob: 0.001
Doc: (46, Timestamp('2021-11-24 00:00:00')), Topic Prob: 0.001
Doc: (75, Timestamp('2021-11-24 00:00:00')), Topic Prob: 0.001
Doc: (11, Timestamp('2021-11-01 00:00:00')), Topic Prob: 0.001
Doc: (20, Timestamp('2021-07-27 00:00:00')), Topic Prob: 0.001
------------------------------
Topic # 1
Doc: (42, Timestamp('2021-11-14 00:00:00')), Topic Prob: 0.001
Doc: (47, Timestamp('2021-07-04 00:00:00')), Topic Prob: 0.001
Doc: (66, Timestamp('2021-10-30 00:00:00')), Topic Prob: 0.001
Doc: (62, Timestamp('2021-12-06 00:00:00')), Topic Prob: 0.001
Doc: (85, Timestamp('2021-08-02 00:00:00')), Topic Prob: 0.001
Doc: (85, Timestamp('2021-08-05 00:00:00')), Topic Prob: 0.001
Doc: (76, Timestamp('2021-08-24 00:00:00')), Topic Prob: 0.001
Doc: (50, Timestamp('2021-07-26 00:00:00')), Topic Prob: 0.001
Doc: (50, Timestamp('2021-08-10 00:00:00')), Topic Prob: 0.001
Doc: (78, Timestamp('2021-11-10 00:00:00')), Topic Prob: 0.001
Doc: (70, Timestamp('2021-08-09 00:00:00')), Topic Prob: 0.001
Doc: (70, Timestamp('2021-08-08 00:00:00')), Topic Prob: 0.001
Doc: (7, Timestamp('2021-11-14 00:00:00')), Topic Prob: 0.001
Doc: (88, Timestamp('2021-11-09 00:00:00')), Topic Prob: 0.001
Doc: (74, Timestamp('2021-08-04 00:00:00')), Topic Prob: 0.001
Doc: (52, Timestamp('2021-07-23 00:00:00')), Topic Prob: 0.001
Doc: (40, Timestamp('2021-08-11 00:00:00')), Topic Prob: 0.001
Doc: (74, Timestamp('2021-07-21 00:00:00')), Topic Prob: 0.001
Doc: (47, Timestamp('2021-08-17 00:00:00')), Topic Prob: 0.001
Doc: (90, Timestamp('2021-08-02 00:00:00')), Topic Prob: 0.001
Doc: (89, Timestamp('2021-10-24 00:00:00')), Topic Prob: 0.001
Doc: (88, Timestamp('2021-11-08 00:00:00')), Topic Prob: 0.001
Doc: (48, Timestamp('2021-11-12 00:00:00')), Topic Prob: 0.001
Doc: (62, Timestamp('2021-11-12 00:00:00')), Topic Prob: 0.001
Doc: (44, Timestamp('2021-11-24 00:00:00')), Topic Prob: 0.001
Doc: (13, Timestamp('2021-07-15 00:00:00')), Topic Prob: 0.001
Doc: (7, Timestamp('2021-10-29 00:00:00')), Topic Prob: 0.001
Doc: (52, Timestamp('2021-07-26 00:00:00')), Topic Prob: 0.001
Doc: (78, Timestamp('2021-12-02 00:00:00')), Topic Prob: 0.001
Doc: (48, Timestamp('2021-11-11 00:00:00')), Topic Prob: 0.001
Doc: (13, Timestamp('2021-08-01 00:00:00')), Topic Prob: 0.001
Doc: (90, Timestamp('2021-08-04 00:00:00')), Topic Prob: 0.001
Doc: (58, Timestamp('2021-11-22 00:00:00')), Topic Prob: 0.001
Doc: (35, Timestamp('2021-11-19 00:00:00')), Topic Prob: 0.001
Doc: (44, Timestamp('2021-11-10 00:00:00')), Topic Prob: 0.001
Doc: (70, Timestamp('2021-07-30 00:00:00')), Topic Prob: 0.001
Doc: (10, Timestamp('2021-07-17 00:00:00')), Topic Prob: 0.001
Doc: (48, Timestamp('2021-10-27 00:00:00')), Topic Prob: 0.001
Doc: (7, Timestamp('2021-11-06 00:00:00')), Topic Prob: 0.001
Doc: (35, Timestamp('2021-11-10 00:00:00')), Topic Prob: 0.001
Doc: (80, Timestamp('2021-07-24 00:00:00')), Topic Prob: 0.001
Doc: (4, Timestamp('2021-10-17 00:00:00')), Topic Prob: 0.001
Doc: (50, Timestamp('2021-07-17 00:00:00')), Topic Prob: 0.001
Doc: (47, Timestamp('2021-08-10 00:00:00')), Topic Prob: 0.001
Doc: (13, Timestamp('2021-07-21 00:00:00')), Topic Prob: 0.001
Doc: (46, Timestamp('2021-11-24 00:00:00')), Topic Prob: 0.001
Doc: (75, Timestamp('2021-11-24 00:00:00')), Topic Prob: 0.001
Doc: (11, Timestamp('2021-11-01 00:00:00')), Topic Prob: 0.001
Doc: (20, Timestamp('2021-07-27 00:00:00')), Topic Prob: 0.001
------------------------------
Topic # 2
Doc: (42, Timestamp('2021-11-14 00:00:00')), Topic Prob: 0.001
Doc: (47, Timestamp('2021-07-04 00:00:00')), Topic Prob: 0.001
Doc: (66, Timestamp('2021-10-30 00:00:00')), Topic Prob: 0.001
Doc: (62, Timestamp('2021-12-06 00:00:00')), Topic Prob: 0.001
Doc: (85, Timestamp('2021-08-02 00:00:00')), Topic Prob: 0.001
Doc: (85, Timestamp('2021-08-05 00:00:00')), Topic Prob: 0.001
Doc: (76, Timestamp('2021-08-24 00:00:00')), Topic Prob: 0.001
Doc: (50, Timestamp('2021-07-26 00:00:00')), Topic Prob: 0.001
Doc: (50, Timestamp('2021-08-10 00:00:00')), Topic Prob: 0.001
Doc: (78, Timestamp('2021-11-10 00:00:00')), Topic Prob: 0.001
Doc: (70, Timestamp('2021-08-09 00:00:00')), Topic Prob: 0.001
Doc: (70, Timestamp('2021-08-08 00:00:00')), Topic Prob: 0.001
Doc: (7, Timestamp('2021-11-14 00:00:00')), Topic Prob: 0.001
Doc: (88, Timestamp('2021-11-09 00:00:00')), Topic Prob: 0.001
Doc: (74, Timestamp('2021-08-04 00:00:00')), Topic Prob: 0.001
Doc: (52, Timestamp('2021-07-23 00:00:00')), Topic Prob: 0.001
Doc: (40, Timestamp('2021-08-11 00:00:00')), Topic Prob: 0.001
Doc: (74, Timestamp('2021-07-21 00:00:00')), Topic Prob: 0.001
Doc: (47, Timestamp('2021-08-17 00:00:00')), Topic Prob: 0.001
Doc: (90, Timestamp('2021-08-02 00:00:00')), Topic Prob: 0.001
Doc: (89, Timestamp('2021-10-24 00:00:00')), Topic Prob: 0.001
Doc: (88, Timestamp('2021-11-08 00:00:00')), Topic Prob: 0.001
Doc: (48, Timestamp('2021-11-12 00:00:00')), Topic Prob: 0.001
Doc: (62, Timestamp('2021-11-12 00:00:00')), Topic Prob: 0.001
Doc: (44, Timestamp('2021-11-24 00:00:00')), Topic Prob: 0.001
Doc: (13, Timestamp('2021-07-15 00:00:00')), Topic Prob: 0.001
Doc: (7, Timestamp('2021-10-29 00:00:00')), Topic Prob: 0.001
Doc: (52, Timestamp('2021-07-26 00:00:00')), Topic Prob: 0.001
Doc: (78, Timestamp('2021-12-02 00:00:00')), Topic Prob: 0.001
Doc: (48, Timestamp('2021-11-11 00:00:00')), Topic Prob: 0.001
Doc: (13, Timestamp('2021-08-01 00:00:00')), Topic Prob: 0.001
Doc: (90, Timestamp('2021-08-04 00:00:00')), Topic Prob: 0.001
Doc: (58, Timestamp('2021-11-22 00:00:00')), Topic Prob: 0.001
Doc: (35, Timestamp('2021-11-19 00:00:00')), Topic Prob: 0.001
Doc: (44, Timestamp('2021-11-10 00:00:00')), Topic Prob: 0.001
Doc: (70, Timestamp('2021-07-30 00:00:00')), Topic Prob: 0.001
Doc: (10, Timestamp('2021-07-17 00:00:00')), Topic Prob: 0.001
Doc: (48, Timestamp('2021-10-27 00:00:00')), Topic Prob: 0.001
Doc: (7, Timestamp('2021-11-06 00:00:00')), Topic Prob: 0.001
Doc: (35, Timestamp('2021-11-10 00:00:00')), Topic Prob: 0.001
Doc: (80, Timestamp('2021-07-24 00:00:00')), Topic Prob: 0.001
Doc: (4, Timestamp('2021-10-17 00:00:00')), Topic Prob: 0.001
Doc: (50, Timestamp('2021-07-17 00:00:00')), Topic Prob: 0.001
Doc: (47, Timestamp('2021-08-10 00:00:00')), Topic Prob: 0.001
Doc: (13, Timestamp('2021-07-21 00:00:00')), Topic Prob: 0.001
Doc: (46, Timestamp('2021-11-24 00:00:00')), Topic Prob: 0.001
Doc: (75, Timestamp('2021-11-24 00:00:00')), Topic Prob: 0.001
Doc: (11, Timestamp('2021-11-01 00:00:00')), Topic Prob: 0.001
Doc: (20, Timestamp('2021-07-27 00:00:00')), Topic Prob: 0.001
------------------------------
Topic # 3
Doc: (42, Timestamp('2021-11-14 00:00:00')), Topic Prob: 0.001
Doc: (47, Timestamp('2021-07-04 00:00:00')), Topic Prob: 0.001
Doc: (66, Timestamp('2021-10-30 00:00:00')), Topic Prob: 0.001
Doc: (62, Timestamp('2021-12-06 00:00:00')), Topic Prob: 0.001
Doc: (85, Timestamp('2021-08-02 00:00:00')), Topic Prob: 0.001
Doc: (85, Timestamp('2021-08-05 00:00:00')), Topic Prob: 0.001
Doc: (76, Timestamp('2021-08-24 00:00:00')), Topic Prob: 0.001
Doc: (50, Timestamp('2021-07-26 00:00:00')), Topic Prob: 0.001
Doc: (50, Timestamp('2021-08-10 00:00:00')), Topic Prob: 0.001
Doc: (78, Timestamp('2021-11-10 00:00:00')), Topic Prob: 0.001
Doc: (70, Timestamp('2021-08-09 00:00:00')), Topic Prob: 0.001
Doc: (70, Timestamp('2021-08-08 00:00:00')), Topic Prob: 0.001
Doc: (7, Timestamp('2021-11-14 00:00:00')), Topic Prob: 0.001
Doc: (88, Timestamp('2021-11-09 00:00:00')), Topic Prob: 0.001
Doc: (74, Timestamp('2021-08-04 00:00:00')), Topic Prob: 0.001
Doc: (52, Timestamp('2021-07-23 00:00:00')), Topic Prob: 0.001
Doc: (40, Timestamp('2021-08-11 00:00:00')), Topic Prob: 0.001
Doc: (74, Timestamp('2021-07-21 00:00:00')), Topic Prob: 0.001
Doc: (47, Timestamp('2021-08-17 00:00:00')), Topic Prob: 0.001
Doc: (90, Timestamp('2021-08-02 00:00:00')), Topic Prob: 0.001
Doc: (89, Timestamp('2021-10-24 00:00:00')), Topic Prob: 0.001
Doc: (88, Timestamp('2021-11-08 00:00:00')), Topic Prob: 0.001
Doc: (48, Timestamp('2021-11-12 00:00:00')), Topic Prob: 0.001
Doc: (62, Timestamp('2021-11-12 00:00:00')), Topic Prob: 0.001
Doc: (44, Timestamp('2021-11-24 00:00:00')), Topic Prob: 0.001
Doc: (13, Timestamp('2021-07-15 00:00:00')), Topic Prob: 0.001
Doc: (7, Timestamp('2021-10-29 00:00:00')), Topic Prob: 0.001
Doc: (52, Timestamp('2021-07-26 00:00:00')), Topic Prob: 0.001
Doc: (78, Timestamp('2021-12-02 00:00:00')), Topic Prob: 0.001
Doc: (48, Timestamp('2021-11-11 00:00:00')), Topic Prob: 0.001
Doc: (13, Timestamp('2021-08-01 00:00:00')), Topic Prob: 0.001
Doc: (90, Timestamp('2021-08-04 00:00:00')), Topic Prob: 0.001
Doc: (58, Timestamp('2021-11-22 00:00:00')), Topic Prob: 0.001
Doc: (35, Timestamp('2021-11-19 00:00:00')), Topic Prob: 0.001
Doc: (44, Timestamp('2021-11-10 00:00:00')), Topic Prob: 0.001
Doc: (70, Timestamp('2021-07-30 00:00:00')), Topic Prob: 0.001
Doc: (10, Timestamp('2021-07-17 00:00:00')), Topic Prob: 0.001
Doc: (48, Timestamp('2021-10-27 00:00:00')), Topic Prob: 0.001
Doc: (7, Timestamp('2021-11-06 00:00:00')), Topic Prob: 0.001
Doc: (35, Timestamp('2021-11-10 00:00:00')), Topic Prob: 0.001
Doc: (80, Timestamp('2021-07-24 00:00:00')), Topic Prob: 0.001
Doc: (4, Timestamp('2021-10-17 00:00:00')), Topic Prob: 0.001
Doc: (50, Timestamp('2021-07-17 00:00:00')), Topic Prob: 0.001
Doc: (47, Timestamp('2021-08-10 00:00:00')), Topic Prob: 0.001
Doc: (13, Timestamp('2021-07-21 00:00:00')), Topic Prob: 0.001
Doc: (46, Timestamp('2021-11-24 00:00:00')), Topic Prob: 0.001
Doc: (75, Timestamp('2021-11-24 00:00:00')), Topic Prob: 0.001
Doc: (11, Timestamp('2021-11-01 00:00:00')), Topic Prob: 0.001
Doc: (20, Timestamp('2021-07-27 00:00:00')), Topic Prob: 0.001
------------------------------
Topic # 4
Doc: (42, Timestamp('2021-11-14 00:00:00')), Topic Prob: 0.001
Doc: (47, Timestamp('2021-07-04 00:00:00')), Topic Prob: 0.001
Doc: (66, Timestamp('2021-10-30 00:00:00')), Topic Prob: 0.001
Doc: (62, Timestamp('2021-12-06 00:00:00')), Topic Prob: 0.001
Doc: (85, Timestamp('2021-08-02 00:00:00')), Topic Prob: 0.001
Doc: (85, Timestamp('2021-08-05 00:00:00')), Topic Prob: 0.001
Doc: (76, Timestamp('2021-08-24 00:00:00')), Topic Prob: 0.001
Doc: (50, Timestamp('2021-07-26 00:00:00')), Topic Prob: 0.001
Doc: (50, Timestamp('2021-08-10 00:00:00')), Topic Prob: 0.001
Doc: (78, Timestamp('2021-11-10 00:00:00')), Topic Prob: 0.001
Doc: (70, Timestamp('2021-08-09 00:00:00')), Topic Prob: 0.001
Doc: (70, Timestamp('2021-08-08 00:00:00')), Topic Prob: 0.001
Doc: (7, Timestamp('2021-11-14 00:00:00')), Topic Prob: 0.001
Doc: (88, Timestamp('2021-11-09 00:00:00')), Topic Prob: 0.001
Doc: (74, Timestamp('2021-08-04 00:00:00')), Topic Prob: 0.001
Doc: (52, Timestamp('2021-07-23 00:00:00')), Topic Prob: 0.001
Doc: (40, Timestamp('2021-08-11 00:00:00')), Topic Prob: 0.001
Doc: (74, Timestamp('2021-07-21 00:00:00')), Topic Prob: 0.001
Doc: (47, Timestamp('2021-08-17 00:00:00')), Topic Prob: 0.001
Doc: (90, Timestamp('2021-08-02 00:00:00')), Topic Prob: 0.001
Doc: (89, Timestamp('2021-10-24 00:00:00')), Topic Prob: 0.001
Doc: (88, Timestamp('2021-11-08 00:00:00')), Topic Prob: 0.001
Doc: (48, Timestamp('2021-11-12 00:00:00')), Topic Prob: 0.001
Doc: (62, Timestamp('2021-11-12 00:00:00')), Topic Prob: 0.001
Doc: (44, Timestamp('2021-11-24 00:00:00')), Topic Prob: 0.001
Doc: (13, Timestamp('2021-07-15 00:00:00')), Topic Prob: 0.001
Doc: (7, Timestamp('2021-10-29 00:00:00')), Topic Prob: 0.001
Doc: (52, Timestamp('2021-07-26 00:00:00')), Topic Prob: 0.001
Doc: (78, Timestamp('2021-12-02 00:00:00')), Topic Prob: 0.001
Doc: (48, Timestamp('2021-11-11 00:00:00')), Topic Prob: 0.001
Doc: (13, Timestamp('2021-08-01 00:00:00')), Topic Prob: 0.001
Doc: (90, Timestamp('2021-08-04 00:00:00')), Topic Prob: 0.001
Doc: (58, Timestamp('2021-11-22 00:00:00')), Topic Prob: 0.001
Doc: (35, Timestamp('2021-11-19 00:00:00')), Topic Prob: 0.001
Doc: (44, Timestamp('2021-11-10 00:00:00')), Topic Prob: 0.001
Doc: (70, Timestamp('2021-07-30 00:00:00')), Topic Prob: 0.001
Doc: (10, Timestamp('2021-07-17 00:00:00')), Topic Prob: 0.001
Doc: (48, Timestamp('2021-10-27 00:00:00')), Topic Prob: 0.001
Doc: (7, Timestamp('2021-11-06 00:00:00')), Topic Prob: 0.001
Doc: (35, Timestamp('2021-11-10 00:00:00')), Topic Prob: 0.001
Doc: (80, Timestamp('2021-07-24 00:00:00')), Topic Prob: 0.001
Doc: (4, Timestamp('2021-10-17 00:00:00')), Topic Prob: 0.001
Doc: (50, Timestamp('2021-07-17 00:00:00')), Topic Prob: 0.001
Doc: (47, Timestamp('2021-08-10 00:00:00')), Topic Prob: 0.001
Doc: (13, Timestamp('2021-07-21 00:00:00')), Topic Prob: 0.001
Doc: (46, Timestamp('2021-11-24 00:00:00')), Topic Prob: 0.001
Doc: (75, Timestamp('2021-11-24 00:00:00')), Topic Prob: 0.001
Doc: (11, Timestamp('2021-11-01 00:00:00')), Topic Prob: 0.001
Doc: (20, Timestamp('2021-07-27 00:00:00')), Topic Prob: 0.001
------------------------------
Topic # 5
Doc: (42, Timestamp('2021-11-14 00:00:00')), Topic Prob: 0.001
Doc: (47, Timestamp('2021-07-04 00:00:00')), Topic Prob: 0.001
Doc: (66, Timestamp('2021-10-30 00:00:00')), Topic Prob: 0.001
Doc: (62, Timestamp('2021-12-06 00:00:00')), Topic Prob: 0.001
Doc: (85, Timestamp('2021-08-02 00:00:00')), Topic Prob: 0.001
Doc: (85, Timestamp('2021-08-05 00:00:00')), Topic Prob: 0.001
Doc: (76, Timestamp('2021-08-24 00:00:00')), Topic Prob: 0.001
Doc: (50, Timestamp('2021-07-26 00:00:00')), Topic Prob: 0.001
Doc: (50, Timestamp('2021-08-10 00:00:00')), Topic Prob: 0.001
Doc: (78, Timestamp('2021-11-10 00:00:00')), Topic Prob: 0.001
Doc: (70, Timestamp('2021-08-09 00:00:00')), Topic Prob: 0.001
Doc: (70, Timestamp('2021-08-08 00:00:00')), Topic Prob: 0.001
Doc: (7, Timestamp('2021-11-14 00:00:00')), Topic Prob: 0.001
Doc: (88, Timestamp('2021-11-09 00:00:00')), Topic Prob: 0.001
Doc: (74, Timestamp('2021-08-04 00:00:00')), Topic Prob: 0.001
Doc: (52, Timestamp('2021-07-23 00:00:00')), Topic Prob: 0.001
Doc: (40, Timestamp('2021-08-11 00:00:00')), Topic Prob: 0.001
Doc: (74, Timestamp('2021-07-21 00:00:00')), Topic Prob: 0.001
Doc: (47, Timestamp('2021-08-17 00:00:00')), Topic Prob: 0.001
Doc: (90, Timestamp('2021-08-02 00:00:00')), Topic Prob: 0.001
Doc: (89, Timestamp('2021-10-24 00:00:00')), Topic Prob: 0.001
Doc: (88, Timestamp('2021-11-08 00:00:00')), Topic Prob: 0.001
Doc: (48, Timestamp('2021-11-12 00:00:00')), Topic Prob: 0.001
Doc: (62, Timestamp('2021-11-12 00:00:00')), Topic Prob: 0.001
Doc: (44, Timestamp('2021-11-24 00:00:00')), Topic Prob: 0.001
Doc: (13, Timestamp('2021-07-15 00:00:00')), Topic Prob: 0.001
Doc: (7, Timestamp('2021-10-29 00:00:00')), Topic Prob: 0.001
Doc: (52, Timestamp('2021-07-26 00:00:00')), Topic Prob: 0.001
Doc: (78, Timestamp('2021-12-02 00:00:00')), Topic Prob: 0.001
Doc: (48, Timestamp('2021-11-11 00:00:00')), Topic Prob: 0.001
Doc: (13, Timestamp('2021-08-01 00:00:00')), Topic Prob: 0.001
Doc: (90, Timestamp('2021-08-04 00:00:00')), Topic Prob: 0.001
Doc: (58, Timestamp('2021-11-22 00:00:00')), Topic Prob: 0.001
Doc: (35, Timestamp('2021-11-19 00:00:00')), Topic Prob: 0.001
Doc: (44, Timestamp('2021-11-10 00:00:00')), Topic Prob: 0.001
Doc: (70, Timestamp('2021-07-30 00:00:00')), Topic Prob: 0.001
Doc: (10, Timestamp('2021-07-17 00:00:00')), Topic Prob: 0.001
Doc: (48, Timestamp('2021-10-27 00:00:00')), Topic Prob: 0.001
Doc: (7, Timestamp('2021-11-06 00:00:00')), Topic Prob: 0.001
Doc: (35, Timestamp('2021-11-10 00:00:00')), Topic Prob: 0.001
Doc: (80, Timestamp('2021-07-24 00:00:00')), Topic Prob: 0.001
Doc: (4, Timestamp('2021-10-17 00:00:00')), Topic Prob: 0.001
Doc: (50, Timestamp('2021-07-17 00:00:00')), Topic Prob: 0.001
Doc: (47, Timestamp('2021-08-10 00:00:00')), Topic Prob: 0.001
Doc: (13, Timestamp('2021-07-21 00:00:00')), Topic Prob: 0.001
Doc: (46, Timestamp('2021-11-24 00:00:00')), Topic Prob: 0.001
Doc: (75, Timestamp('2021-11-24 00:00:00')), Topic Prob: 0.001
Doc: (11, Timestamp('2021-11-01 00:00:00')), Topic Prob: 0.001
Doc: (20, Timestamp('2021-07-27 00:00:00')), Topic Prob: 0.001
------------------------------
