Levels:  [ 0. 47.]
saving ...
Topic # 13
Doc: (41, Timestamp('2021-11-25 00:00:00')), Topic Prob: 0.979
Doc: (25, Timestamp('2021-12-03 00:00:00')), Topic Prob: 0.979
Doc: (63, Timestamp('2021-08-11 00:00:00')), Topic Prob: 0.979
Doc: (29, Timestamp('2021-08-09 00:00:00')), Topic Prob: 0.979
Doc: (29, Timestamp('2021-08-05 00:00:00')), Topic Prob: 0.979
Doc: (41, Timestamp('2021-12-02 00:00:00')), Topic Prob: 0.979
Doc: (84, Timestamp('2021-07-23 00:00:00')), Topic Prob: 0.979
Doc: (41, Timestamp('2021-10-31 00:00:00')), Topic Prob: 0.979
Doc: (63, Timestamp('2021-08-09 00:00:00')), Topic Prob: 0.979
Doc: (76, Timestamp('2021-09-04 00:00:00')), Topic Prob: 0.979
Doc: (18, Timestamp('2021-07-22 00:00:00')), Topic Prob: 0.979
Doc: (41, Timestamp('2021-11-06 00:00:00')), Topic Prob: 0.979
Doc: (41, Timestamp('2021-11-12 00:00:00')), Topic Prob: 0.979
Doc: (84, Timestamp('2021-08-08 00:00:00')), Topic Prob: 0.979
Doc: (63, Timestamp('2021-07-26 00:00:00')), Topic Prob: 0.979
Doc: (84, Timestamp('2021-07-17 00:00:00')), Topic Prob: 0.979
Doc: (25, Timestamp('2021-12-05 00:00:00')), Topic Prob: 0.979
Doc: (84, Timestamp('2021-07-29 00:00:00')), Topic Prob: 0.979
Doc: (20, Timestamp('2021-07-24 00:00:00')), Topic Prob: 0.979
Doc: (84, Timestamp('2021-07-24 00:00:00')), Topic Prob: 0.979
Doc: (18, Timestamp('2021-08-08 00:00:00')), Topic Prob: 0.979
Doc: (41, Timestamp('2021-11-04 00:00:00')), Topic Prob: 0.979
Doc: (1, Timestamp('2021-07-27 00:00:00')), Topic Prob: 0.979
Doc: (41, Timestamp('2021-11-24 00:00:00')), Topic Prob: 0.979
Doc: (18, Timestamp('2021-07-23 00:00:00')), Topic Prob: 0.979
Doc: (18, Timestamp('2021-07-17 00:00:00')), Topic Prob: 0.979
Doc: (29, Timestamp('2021-07-19 00:00:00')), Topic Prob: 0.979
Doc: (38, Timestamp('2021-10-22 00:00:00')), Topic Prob: 0.979
Doc: (63, Timestamp('2021-08-03 00:00:00')), Topic Prob: 0.979
Doc: (41, Timestamp('2021-11-22 00:00:00')), Topic Prob: 0.979
Doc: (88, Timestamp('2021-11-06 00:00:00')), Topic Prob: 0.979
Doc: (25, Timestamp('2021-11-28 00:00:00')), Topic Prob: 0.979
Doc: (63, Timestamp('2021-08-02 00:00:00')), Topic Prob: 0.979
Doc: (29, Timestamp('2021-07-16 00:00:00')), Topic Prob: 0.979
Doc: (1, Timestamp('2021-08-12 00:00:00')), Topic Prob: 0.979
Doc: (76, Timestamp('2021-08-21 00:00:00')), Topic Prob: 0.979
Doc: (63, Timestamp('2021-07-24 00:00:00')), Topic Prob: 0.979
Doc: (32, Timestamp('2021-11-16 00:00:00')), Topic Prob: 0.979
Doc: (63, Timestamp('2021-07-21 00:00:00')), Topic Prob: 0.979
Doc: (39, Timestamp('2021-12-20 00:00:00')), Topic Prob: 0.979
Doc: (76, Timestamp('2021-08-15 00:00:00')), Topic Prob: 0.979
Doc: (11, Timestamp('2021-10-23 00:00:00')), Topic Prob: 0.979
Doc: (41, Timestamp('2021-11-26 00:00:00')), Topic Prob: 0.979
Doc: (41, Timestamp('2021-11-30 00:00:00')), Topic Prob: 0.979
Doc: (29, Timestamp('2021-08-03 00:00:00')), Topic Prob: 0.979
Doc: (29, Timestamp('2021-08-13 00:00:00')), Topic Prob: 0.979
Doc: (41, Timestamp('2021-11-15 00:00:00')), Topic Prob: 0.979
Doc: (29, Timestamp('2021-08-02 00:00:00')), Topic Prob: 0.979
Doc: (76, Timestamp('2021-08-22 00:00:00')), Topic Prob: 0.979
------------------------------
Topic # 0
Doc: (7, Timestamp('2021-11-13 00:00:00')), Topic Prob: 0.823
Doc: (42, Timestamp('2021-11-15 00:00:00')), Topic Prob: 0.673
Doc: (42, Timestamp('2021-11-16 00:00:00')), Topic Prob: 0.603
Doc: (8, Timestamp('2021-11-15 00:00:00')), Topic Prob: 0.598
Doc: (42, Timestamp('2021-11-14 00:00:00')), Topic Prob: 0.584
Doc: (5, Timestamp('2021-10-28 00:00:00')), Topic Prob: 0.561
Doc: (48, Timestamp('2021-11-03 00:00:00')), Topic Prob: 0.56
Doc: (7, Timestamp('2021-10-31 00:00:00')), Topic Prob: 0.555
Doc: (20, Timestamp('2021-08-14 00:00:00')), Topic Prob: 0.535
Doc: (7, Timestamp('2021-11-12 00:00:00')), Topic Prob: 0.533
Doc: (36, Timestamp('2021-08-11 00:00:00')), Topic Prob: 0.531
Doc: (7, Timestamp('2021-10-29 00:00:00')), Topic Prob: 0.528
Doc: (48, Timestamp('2021-11-12 00:00:00')), Topic Prob: 0.478
Doc: (23, Timestamp('2021-11-22 00:00:00')), Topic Prob: 0.475
Doc: (47, Timestamp('2021-08-11 00:00:00')), Topic Prob: 0.467
Doc: (2, Timestamp('2021-12-02 00:00:00')), Topic Prob: 0.467
Doc: (67, Timestamp('2021-11-21 00:00:00')), Topic Prob: 0.467
Doc: (48, Timestamp('2021-11-01 00:00:00')), Topic Prob: 0.463
Doc: (4, Timestamp('2021-10-16 00:00:00')), Topic Prob: 0.453
Doc: (2, Timestamp('2021-11-27 00:00:00')), Topic Prob: 0.451
Doc: (7, Timestamp('2021-11-03 00:00:00')), Topic Prob: 0.448
Doc: (5, Timestamp('2021-11-04 00:00:00')), Topic Prob: 0.445
Doc: (47, Timestamp('2021-07-05 00:00:00')), Topic Prob: 0.442
Doc: (66, Timestamp('2021-11-11 00:00:00')), Topic Prob: 0.436
Doc: (4, Timestamp('2021-11-07 00:00:00')), Topic Prob: 0.435
Doc: (62, Timestamp('2021-11-29 00:00:00')), Topic Prob: 0.432
Doc: (62, Timestamp('2021-11-11 00:00:00')), Topic Prob: 0.429
Doc: (70, Timestamp('2021-08-12 00:00:00')), Topic Prob: 0.426
Doc: (23, Timestamp('2021-12-10 00:00:00')), Topic Prob: 0.424
Doc: (36, Timestamp('2021-07-27 00:00:00')), Topic Prob: 0.413
Doc: (53, Timestamp('2021-11-24 00:00:00')), Topic Prob: 0.408
Doc: (30, Timestamp('2021-11-04 00:00:00')), Topic Prob: 0.407
Doc: (74, Timestamp('2021-07-30 00:00:00')), Topic Prob: 0.406
Doc: (4, Timestamp('2021-11-11 00:00:00')), Topic Prob: 0.404
Doc: (13, Timestamp('2021-07-28 00:00:00')), Topic Prob: 0.403
Doc: (66, Timestamp('2021-11-03 00:00:00')), Topic Prob: 0.399
Doc: (42, Timestamp('2021-11-19 00:00:00')), Topic Prob: 0.398
Doc: (75, Timestamp('2021-10-30 00:00:00')), Topic Prob: 0.388
Doc: (13, Timestamp('2021-07-27 00:00:00')), Topic Prob: 0.386
Doc: (2, Timestamp('2021-11-19 00:00:00')), Topic Prob: 0.386
Doc: (13, Timestamp('2021-08-14 00:00:00')), Topic Prob: 0.382
Doc: (2, Timestamp('2021-12-10 00:00:00')), Topic Prob: 0.382
Doc: (70, Timestamp('2021-08-16 00:00:00')), Topic Prob: 0.381
Doc: (13, Timestamp('2021-07-29 00:00:00')), Topic Prob: 0.379
Doc: (35, Timestamp('2021-11-05 00:00:00')), Topic Prob: 0.377
Doc: (71, Timestamp('2021-11-29 00:00:00')), Topic Prob: 0.377
Doc: (53, Timestamp('2021-11-14 00:00:00')), Topic Prob: 0.376
Doc: (4, Timestamp('2021-10-24 00:00:00')), Topic Prob: 0.375
Doc: (13, Timestamp('2021-07-25 00:00:00')), Topic Prob: 0.369
------------------------------
Topic # 1
Doc: (30, Timestamp('2021-10-23 00:00:00')), Topic Prob: 0.191
Doc: (75, Timestamp('2021-11-20 00:00:00')), Topic Prob: 0.171
Doc: (82, Timestamp('2021-11-27 00:00:00')), Topic Prob: 0.15
Doc: (53, Timestamp('2021-12-10 00:00:00')), Topic Prob: 0.149
Doc: (2, Timestamp('2021-12-03 00:00:00')), Topic Prob: 0.105
Doc: (76, Timestamp('2021-08-24 00:00:00')), Topic Prob: 0.062
Doc: (8, Timestamp('2021-11-17 00:00:00')), Topic Prob: 0.043
Doc: (85, Timestamp('2021-07-24 00:00:00')), Topic Prob: 0.043
Doc: (10, Timestamp('2021-07-21 00:00:00')), Topic Prob: 0.022
Doc: (42, Timestamp('2021-11-13 00:00:00')), Topic Prob: 0.022
Doc: (5, Timestamp('2021-11-24 00:00:00')), Topic Prob: 0.022
Doc: (30, Timestamp('2021-11-02 00:00:00')), Topic Prob: 0.022
Doc: (48, Timestamp('2021-11-16 00:00:00')), Topic Prob: 0.022
Doc: (52, Timestamp('2021-08-17 00:00:00')), Topic Prob: 0.022
Doc: (36, Timestamp('2021-07-19 00:00:00')), Topic Prob: 0.022
Doc: (71, Timestamp('2021-11-23 00:00:00')), Topic Prob: 0.001
Doc: (13, Timestamp('2021-08-10 00:00:00')), Topic Prob: 0.001
Doc: (24, Timestamp('2021-11-28 00:00:00')), Topic Prob: 0.001
Doc: (2, Timestamp('2021-12-08 00:00:00')), Topic Prob: 0.001
Doc: (70, Timestamp('2021-08-08 00:00:00')), Topic Prob: 0.001
Doc: (75, Timestamp('2021-11-24 00:00:00')), Topic Prob: 0.001
Doc: (70, Timestamp('2021-07-25 00:00:00')), Topic Prob: 0.001
Doc: (7, Timestamp('2021-11-16 00:00:00')), Topic Prob: 0.001
Doc: (23, Timestamp('2021-11-13 00:00:00')), Topic Prob: 0.001
Doc: (7, Timestamp('2021-11-17 00:00:00')), Topic Prob: 0.001
Doc: (85, Timestamp('2021-07-23 00:00:00')), Topic Prob: 0.001
Doc: (13, Timestamp('2021-07-21 00:00:00')), Topic Prob: 0.001
Doc: (7, Timestamp('2021-10-25 00:00:00')), Topic Prob: 0.001
Doc: (55, Timestamp('2021-11-13 00:00:00')), Topic Prob: 0.001
Doc: (68, Timestamp('2021-07-30 00:00:00')), Topic Prob: 0.001
Doc: (10, Timestamp('2021-07-17 00:00:00')), Topic Prob: 0.001
Doc: (23, Timestamp('2021-11-17 00:00:00')), Topic Prob: 0.001
Doc: (11, Timestamp('2021-11-03 00:00:00')), Topic Prob: 0.001
Doc: (23, Timestamp('2021-11-20 00:00:00')), Topic Prob: 0.001
Doc: (23, Timestamp('2021-11-27 00:00:00')), Topic Prob: 0.001
Doc: (7, Timestamp('2021-11-01 00:00:00')), Topic Prob: 0.001
Doc: (7, Timestamp('2021-10-24 00:00:00')), Topic Prob: 0.001
Doc: (32, Timestamp('2021-10-30 00:00:00')), Topic Prob: 0.001
Doc: (39, Timestamp('2021-11-21 00:00:00')), Topic Prob: 0.001
Doc: (13, Timestamp('2021-08-09 00:00:00')), Topic Prob: 0.001
Doc: (80, Timestamp('2021-07-25 00:00:00')), Topic Prob: 0.001
Doc: (47, Timestamp('2021-07-05 00:00:00')), Topic Prob: 0.001
Doc: (35, Timestamp('2021-11-06 00:00:00')), Topic Prob: 0.001
Doc: (7, Timestamp('2021-10-19 00:00:00')), Topic Prob: 0.001
Doc: (7, Timestamp('2021-11-11 00:00:00')), Topic Prob: 0.001
Doc: (33, Timestamp('2021-07-29 00:00:00')), Topic Prob: 0.001
Doc: (23, Timestamp('2021-11-14 00:00:00')), Topic Prob: 0.001
Doc: (26, Timestamp('2021-07-29 00:00:00')), Topic Prob: 0.001
Doc: (8, Timestamp('2021-11-30 00:00:00')), Topic Prob: 0.001
------------------------------
Topic # 23
Doc: (48, Timestamp('2021-11-09 00:00:00')), Topic Prob: 0.319
Doc: (3, Timestamp('2021-08-07 00:00:00')), Topic Prob: 0.146
Doc: (2, Timestamp('2021-11-16 00:00:00')), Topic Prob: 0.065
Doc: (50, Timestamp('2021-07-26 00:00:00')), Topic Prob: 0.022
Doc: (69, Timestamp('2021-11-23 00:00:00')), Topic Prob: 0.022
Doc: (50, Timestamp('2021-08-01 00:00:00')), Topic Prob: 0.022
Doc: (42, Timestamp('2021-11-18 00:00:00')), Topic Prob: 0.022
Doc: (38, Timestamp('2021-10-18 00:00:00')), Topic Prob: 0.022
Doc: (2, Timestamp('2021-11-15 00:00:00')), Topic Prob: 0.022
Doc: (69, Timestamp('2021-11-05 00:00:00')), Topic Prob: 0.022
Doc: (4, Timestamp('2021-10-23 00:00:00')), Topic Prob: 0.022
Doc: (23, Timestamp('2021-11-30 00:00:00')), Topic Prob: 0.022
Doc: (2, Timestamp('2021-12-12 00:00:00')), Topic Prob: 0.022
Doc: (58, Timestamp('2021-12-02 00:00:00')), Topic Prob: 0.022
Doc: (36, Timestamp('2021-07-23 00:00:00')), Topic Prob: 0.022
Doc: (3, Timestamp('2021-08-12 00:00:00')), Topic Prob: 0.001
Doc: (36, Timestamp('2021-07-29 00:00:00')), Topic Prob: 0.001
Doc: (2, Timestamp('2021-11-24 00:00:00')), Topic Prob: 0.001
Doc: (35, Timestamp('2021-11-14 00:00:00')), Topic Prob: 0.001
Doc: (47, Timestamp('2021-07-24 00:00:00')), Topic Prob: 0.001
Doc: (7, Timestamp('2021-11-16 00:00:00')), Topic Prob: 0.001
Doc: (23, Timestamp('2021-11-13 00:00:00')), Topic Prob: 0.001
Doc: (13, Timestamp('2021-08-15 00:00:00')), Topic Prob: 0.001
Doc: (7, Timestamp('2021-11-17 00:00:00')), Topic Prob: 0.001
Doc: (13, Timestamp('2021-07-21 00:00:00')), Topic Prob: 0.001
Doc: (7, Timestamp('2021-10-25 00:00:00')), Topic Prob: 0.001
Doc: (36, Timestamp('2021-07-20 00:00:00')), Topic Prob: 0.001
Doc: (68, Timestamp('2021-07-30 00:00:00')), Topic Prob: 0.001
Doc: (6, Timestamp('2021-11-01 00:00:00')), Topic Prob: 0.001
Doc: (8, Timestamp('2021-11-27 00:00:00')), Topic Prob: 0.001
Doc: (2, Timestamp('2021-12-01 00:00:00')), Topic Prob: 0.001
Doc: (10, Timestamp('2021-07-17 00:00:00')), Topic Prob: 0.001
Doc: (23, Timestamp('2021-11-17 00:00:00')), Topic Prob: 0.001
Doc: (11, Timestamp('2021-11-03 00:00:00')), Topic Prob: 0.001
Doc: (53, Timestamp('2021-11-15 00:00:00')), Topic Prob: 0.001
Doc: (67, Timestamp('2021-11-21 00:00:00')), Topic Prob: 0.001
Doc: (23, Timestamp('2021-11-20 00:00:00')), Topic Prob: 0.001
Doc: (23, Timestamp('2021-11-27 00:00:00')), Topic Prob: 0.001
Doc: (7, Timestamp('2021-11-01 00:00:00')), Topic Prob: 0.001
Doc: (7, Timestamp('2021-10-24 00:00:00')), Topic Prob: 0.001
Doc: (32, Timestamp('2021-10-30 00:00:00')), Topic Prob: 0.001
Doc: (39, Timestamp('2021-11-21 00:00:00')), Topic Prob: 0.001
Doc: (13, Timestamp('2021-08-09 00:00:00')), Topic Prob: 0.001
Doc: (80, Timestamp('2021-07-25 00:00:00')), Topic Prob: 0.001
Doc: (47, Timestamp('2021-07-05 00:00:00')), Topic Prob: 0.001
Doc: (35, Timestamp('2021-11-06 00:00:00')), Topic Prob: 0.001
Doc: (7, Timestamp('2021-10-19 00:00:00')), Topic Prob: 0.001
Doc: (7, Timestamp('2021-11-11 00:00:00')), Topic Prob: 0.001
Doc: (33, Timestamp('2021-07-29 00:00:00')), Topic Prob: 0.001
------------------------------
Topic # 5
Doc: (7, Timestamp('2021-11-05 00:00:00')), Topic Prob: 0.234
Doc: (3, Timestamp('2021-08-12 00:00:00')), Topic Prob: 0.085
Doc: (3, Timestamp('2021-08-01 00:00:00')), Topic Prob: 0.063
Doc: (2, Timestamp('2021-11-17 00:00:00')), Topic Prob: 0.043
Doc: (7, Timestamp('2021-11-02 00:00:00')), Topic Prob: 0.043
Doc: (80, Timestamp('2021-08-06 00:00:00')), Topic Prob: 0.043
Doc: (7, Timestamp('2021-11-15 00:00:00')), Topic Prob: 0.022
Doc: (7, Timestamp('2021-11-19 00:00:00')), Topic Prob: 0.022
Doc: (42, Timestamp('2021-12-06 00:00:00')), Topic Prob: 0.022
Doc: (30, Timestamp('2021-10-29 00:00:00')), Topic Prob: 0.022
Doc: (37, Timestamp('2021-11-19 00:00:00')), Topic Prob: 0.022
Doc: (75, Timestamp('2021-11-19 00:00:00')), Topic Prob: 0.022
Doc: (27, Timestamp('2021-11-07 00:00:00')), Topic Prob: 0.022
Doc: (9, Timestamp('2021-11-25 00:00:00')), Topic Prob: 0.022
Doc: (48, Timestamp('2021-11-04 00:00:00')), Topic Prob: 0.022
Doc: (50, Timestamp('2021-08-13 00:00:00')), Topic Prob: 0.022
Doc: (73, Timestamp('2021-11-04 00:00:00')), Topic Prob: 0.022
Doc: (36, Timestamp('2021-07-23 00:00:00')), Topic Prob: 0.001
Doc: (58, Timestamp('2021-11-24 00:00:00')), Topic Prob: 0.001
Doc: (35, Timestamp('2021-11-29 00:00:00')), Topic Prob: 0.001
Doc: (7, Timestamp('2021-11-16 00:00:00')), Topic Prob: 0.001
Doc: (23, Timestamp('2021-11-13 00:00:00')), Topic Prob: 0.001
Doc: (7, Timestamp('2021-11-17 00:00:00')), Topic Prob: 0.001
Doc: (31, Timestamp('2021-11-08 00:00:00')), Topic Prob: 0.001
Doc: (13, Timestamp('2021-07-21 00:00:00')), Topic Prob: 0.001
Doc: (50, Timestamp('2021-08-03 00:00:00')), Topic Prob: 0.001
Doc: (7, Timestamp('2021-10-25 00:00:00')), Topic Prob: 0.001
Doc: (68, Timestamp('2021-07-30 00:00:00')), Topic Prob: 0.001
Doc: (71, Timestamp('2021-11-29 00:00:00')), Topic Prob: 0.001
Doc: (10, Timestamp('2021-07-17 00:00:00')), Topic Prob: 0.001
Doc: (23, Timestamp('2021-11-17 00:00:00')), Topic Prob: 0.001
Doc: (11, Timestamp('2021-11-03 00:00:00')), Topic Prob: 0.001
Doc: (48, Timestamp('2021-11-01 00:00:00')), Topic Prob: 0.001
Doc: (23, Timestamp('2021-11-20 00:00:00')), Topic Prob: 0.001
Doc: (23, Timestamp('2021-11-27 00:00:00')), Topic Prob: 0.001
Doc: (7, Timestamp('2021-11-01 00:00:00')), Topic Prob: 0.001
Doc: (7, Timestamp('2021-10-24 00:00:00')), Topic Prob: 0.001
Doc: (32, Timestamp('2021-10-30 00:00:00')), Topic Prob: 0.001
Doc: (39, Timestamp('2021-11-21 00:00:00')), Topic Prob: 0.001
Doc: (13, Timestamp('2021-08-09 00:00:00')), Topic Prob: 0.001
Doc: (80, Timestamp('2021-07-25 00:00:00')), Topic Prob: 0.001
Doc: (47, Timestamp('2021-07-05 00:00:00')), Topic Prob: 0.001
Doc: (35, Timestamp('2021-11-06 00:00:00')), Topic Prob: 0.001
Doc: (7, Timestamp('2021-10-19 00:00:00')), Topic Prob: 0.001
Doc: (7, Timestamp('2021-11-11 00:00:00')), Topic Prob: 0.001
Doc: (33, Timestamp('2021-07-29 00:00:00')), Topic Prob: 0.001
Doc: (23, Timestamp('2021-11-14 00:00:00')), Topic Prob: 0.001
Doc: (26, Timestamp('2021-07-29 00:00:00')), Topic Prob: 0.001
Doc: (8, Timestamp('2021-11-30 00:00:00')), Topic Prob: 0.001
------------------------------
Topic # 17
Doc: (3, Timestamp('2021-08-06 00:00:00')), Topic Prob: 0.043
Doc: (7, Timestamp('2021-11-16 00:00:00')), Topic Prob: 0.001
Doc: (23, Timestamp('2021-11-13 00:00:00')), Topic Prob: 0.001
Doc: (7, Timestamp('2021-11-17 00:00:00')), Topic Prob: 0.001
Doc: (13, Timestamp('2021-07-21 00:00:00')), Topic Prob: 0.001
Doc: (7, Timestamp('2021-10-25 00:00:00')), Topic Prob: 0.001
Doc: (68, Timestamp('2021-07-30 00:00:00')), Topic Prob: 0.001
Doc: (10, Timestamp('2021-07-17 00:00:00')), Topic Prob: 0.001
Doc: (23, Timestamp('2021-11-17 00:00:00')), Topic Prob: 0.001
Doc: (11, Timestamp('2021-11-03 00:00:00')), Topic Prob: 0.001
Doc: (23, Timestamp('2021-11-20 00:00:00')), Topic Prob: 0.001
Doc: (23, Timestamp('2021-11-27 00:00:00')), Topic Prob: 0.001
Doc: (7, Timestamp('2021-11-01 00:00:00')), Topic Prob: 0.001
Doc: (7, Timestamp('2021-10-24 00:00:00')), Topic Prob: 0.001
Doc: (32, Timestamp('2021-10-30 00:00:00')), Topic Prob: 0.001
Doc: (39, Timestamp('2021-11-21 00:00:00')), Topic Prob: 0.001
Doc: (13, Timestamp('2021-08-09 00:00:00')), Topic Prob: 0.001
Doc: (80, Timestamp('2021-07-25 00:00:00')), Topic Prob: 0.001
Doc: (47, Timestamp('2021-07-05 00:00:00')), Topic Prob: 0.001
Doc: (35, Timestamp('2021-11-06 00:00:00')), Topic Prob: 0.001
Doc: (7, Timestamp('2021-10-19 00:00:00')), Topic Prob: 0.001
Doc: (7, Timestamp('2021-11-11 00:00:00')), Topic Prob: 0.001
Doc: (33, Timestamp('2021-07-29 00:00:00')), Topic Prob: 0.001
Doc: (23, Timestamp('2021-11-14 00:00:00')), Topic Prob: 0.001
Doc: (26, Timestamp('2021-07-29 00:00:00')), Topic Prob: 0.001
Doc: (8, Timestamp('2021-11-30 00:00:00')), Topic Prob: 0.001
Doc: (10, Timestamp('2021-08-05 00:00:00')), Topic Prob: 0.001
Doc: (78, Timestamp('2021-11-12 00:00:00')), Topic Prob: 0.001
Doc: (8, Timestamp('2021-11-16 00:00:00')), Topic Prob: 0.001
Doc: (26, Timestamp('2021-07-19 00:00:00')), Topic Prob: 0.001
Doc: (30, Timestamp('2021-11-17 00:00:00')), Topic Prob: 0.001
Doc: (50, Timestamp('2021-08-04 00:00:00')), Topic Prob: 0.001
Doc: (50, Timestamp('2021-07-16 00:00:00')), Topic Prob: 0.001
Doc: (42, Timestamp('2021-12-14 00:00:00')), Topic Prob: 0.001
Doc: (85, Timestamp('2021-08-02 00:00:00')), Topic Prob: 0.001
Doc: (20, Timestamp('2021-07-11 00:00:00')), Topic Prob: 0.001
Doc: (13, Timestamp('2021-08-14 00:00:00')), Topic Prob: 0.001
Doc: (66, Timestamp('2021-10-23 00:00:00')), Topic Prob: 0.001
Doc: (47, Timestamp('2021-08-15 00:00:00')), Topic Prob: 0.001
Doc: (59, Timestamp('2021-12-17 00:00:00')), Topic Prob: 0.001
Doc: (8, Timestamp('2021-11-19 00:00:00')), Topic Prob: 0.001
Doc: (42, Timestamp('2021-12-13 00:00:00')), Topic Prob: 0.001
Doc: (53, Timestamp('2021-11-25 00:00:00')), Topic Prob: 0.001
Doc: (69, Timestamp('2021-11-09 00:00:00')), Topic Prob: 0.001
Doc: (82, Timestamp('2021-11-15 00:00:00')), Topic Prob: 0.001
Doc: (10, Timestamp('2021-08-02 00:00:00')), Topic Prob: 0.001
Doc: (6, Timestamp('2021-11-06 00:00:00')), Topic Prob: 0.001
Doc: (80, Timestamp('2021-08-09 00:00:00')), Topic Prob: 0.001
Doc: (23, Timestamp('2021-12-04 00:00:00')), Topic Prob: 0.001
------------------------------
Topic # 2
Doc: (7, Timestamp('2021-11-16 00:00:00')), Topic Prob: 0.001
Doc: (23, Timestamp('2021-11-13 00:00:00')), Topic Prob: 0.001
Doc: (7, Timestamp('2021-11-17 00:00:00')), Topic Prob: 0.001
Doc: (13, Timestamp('2021-07-21 00:00:00')), Topic Prob: 0.001
Doc: (7, Timestamp('2021-10-25 00:00:00')), Topic Prob: 0.001
Doc: (68, Timestamp('2021-07-30 00:00:00')), Topic Prob: 0.001
Doc: (10, Timestamp('2021-07-17 00:00:00')), Topic Prob: 0.001
Doc: (23, Timestamp('2021-11-17 00:00:00')), Topic Prob: 0.001
Doc: (11, Timestamp('2021-11-03 00:00:00')), Topic Prob: 0.001
Doc: (23, Timestamp('2021-11-20 00:00:00')), Topic Prob: 0.001
Doc: (23, Timestamp('2021-11-27 00:00:00')), Topic Prob: 0.001
Doc: (7, Timestamp('2021-11-01 00:00:00')), Topic Prob: 0.001
Doc: (7, Timestamp('2021-10-24 00:00:00')), Topic Prob: 0.001
Doc: (32, Timestamp('2021-10-30 00:00:00')), Topic Prob: 0.001
Doc: (39, Timestamp('2021-11-21 00:00:00')), Topic Prob: 0.001
Doc: (13, Timestamp('2021-08-09 00:00:00')), Topic Prob: 0.001
Doc: (80, Timestamp('2021-07-25 00:00:00')), Topic Prob: 0.001
Doc: (47, Timestamp('2021-07-05 00:00:00')), Topic Prob: 0.001
Doc: (35, Timestamp('2021-11-06 00:00:00')), Topic Prob: 0.001
Doc: (7, Timestamp('2021-10-19 00:00:00')), Topic Prob: 0.001
Doc: (7, Timestamp('2021-11-11 00:00:00')), Topic Prob: 0.001
Doc: (33, Timestamp('2021-07-29 00:00:00')), Topic Prob: 0.001
Doc: (23, Timestamp('2021-11-14 00:00:00')), Topic Prob: 0.001
Doc: (26, Timestamp('2021-07-29 00:00:00')), Topic Prob: 0.001
Doc: (8, Timestamp('2021-11-30 00:00:00')), Topic Prob: 0.001
Doc: (10, Timestamp('2021-08-05 00:00:00')), Topic Prob: 0.001
Doc: (78, Timestamp('2021-11-12 00:00:00')), Topic Prob: 0.001
Doc: (8, Timestamp('2021-11-16 00:00:00')), Topic Prob: 0.001
Doc: (26, Timestamp('2021-07-19 00:00:00')), Topic Prob: 0.001
Doc: (30, Timestamp('2021-11-17 00:00:00')), Topic Prob: 0.001
Doc: (50, Timestamp('2021-08-04 00:00:00')), Topic Prob: 0.001
Doc: (50, Timestamp('2021-07-16 00:00:00')), Topic Prob: 0.001
Doc: (42, Timestamp('2021-12-14 00:00:00')), Topic Prob: 0.001
Doc: (85, Timestamp('2021-08-02 00:00:00')), Topic Prob: 0.001
Doc: (20, Timestamp('2021-07-11 00:00:00')), Topic Prob: 0.001
Doc: (13, Timestamp('2021-08-14 00:00:00')), Topic Prob: 0.001
Doc: (66, Timestamp('2021-10-23 00:00:00')), Topic Prob: 0.001
Doc: (47, Timestamp('2021-08-15 00:00:00')), Topic Prob: 0.001
Doc: (59, Timestamp('2021-12-17 00:00:00')), Topic Prob: 0.001
Doc: (8, Timestamp('2021-11-19 00:00:00')), Topic Prob: 0.001
Doc: (42, Timestamp('2021-12-13 00:00:00')), Topic Prob: 0.001
Doc: (53, Timestamp('2021-11-25 00:00:00')), Topic Prob: 0.001
Doc: (69, Timestamp('2021-11-09 00:00:00')), Topic Prob: 0.001
Doc: (82, Timestamp('2021-11-15 00:00:00')), Topic Prob: 0.001
Doc: (10, Timestamp('2021-08-02 00:00:00')), Topic Prob: 0.001
Doc: (6, Timestamp('2021-11-06 00:00:00')), Topic Prob: 0.001
Doc: (80, Timestamp('2021-08-09 00:00:00')), Topic Prob: 0.001
Doc: (23, Timestamp('2021-12-04 00:00:00')), Topic Prob: 0.001
Doc: (50, Timestamp('2021-07-26 00:00:00')), Topic Prob: 0.001
------------------------------
Topic # 3
Doc: (7, Timestamp('2021-11-16 00:00:00')), Topic Prob: 0.001
Doc: (23, Timestamp('2021-11-13 00:00:00')), Topic Prob: 0.001
Doc: (7, Timestamp('2021-11-17 00:00:00')), Topic Prob: 0.001
Doc: (13, Timestamp('2021-07-21 00:00:00')), Topic Prob: 0.001
Doc: (7, Timestamp('2021-10-25 00:00:00')), Topic Prob: 0.001
Doc: (68, Timestamp('2021-07-30 00:00:00')), Topic Prob: 0.001
Doc: (10, Timestamp('2021-07-17 00:00:00')), Topic Prob: 0.001
Doc: (23, Timestamp('2021-11-17 00:00:00')), Topic Prob: 0.001
Doc: (11, Timestamp('2021-11-03 00:00:00')), Topic Prob: 0.001
Doc: (23, Timestamp('2021-11-20 00:00:00')), Topic Prob: 0.001
Doc: (23, Timestamp('2021-11-27 00:00:00')), Topic Prob: 0.001
Doc: (7, Timestamp('2021-11-01 00:00:00')), Topic Prob: 0.001
Doc: (7, Timestamp('2021-10-24 00:00:00')), Topic Prob: 0.001
Doc: (32, Timestamp('2021-10-30 00:00:00')), Topic Prob: 0.001
Doc: (39, Timestamp('2021-11-21 00:00:00')), Topic Prob: 0.001
Doc: (13, Timestamp('2021-08-09 00:00:00')), Topic Prob: 0.001
Doc: (80, Timestamp('2021-07-25 00:00:00')), Topic Prob: 0.001
Doc: (47, Timestamp('2021-07-05 00:00:00')), Topic Prob: 0.001
Doc: (35, Timestamp('2021-11-06 00:00:00')), Topic Prob: 0.001
Doc: (7, Timestamp('2021-10-19 00:00:00')), Topic Prob: 0.001
Doc: (7, Timestamp('2021-11-11 00:00:00')), Topic Prob: 0.001
Doc: (33, Timestamp('2021-07-29 00:00:00')), Topic Prob: 0.001
Doc: (23, Timestamp('2021-11-14 00:00:00')), Topic Prob: 0.001
Doc: (26, Timestamp('2021-07-29 00:00:00')), Topic Prob: 0.001
Doc: (8, Timestamp('2021-11-30 00:00:00')), Topic Prob: 0.001
Doc: (10, Timestamp('2021-08-05 00:00:00')), Topic Prob: 0.001
Doc: (78, Timestamp('2021-11-12 00:00:00')), Topic Prob: 0.001
Doc: (8, Timestamp('2021-11-16 00:00:00')), Topic Prob: 0.001
Doc: (26, Timestamp('2021-07-19 00:00:00')), Topic Prob: 0.001
Doc: (30, Timestamp('2021-11-17 00:00:00')), Topic Prob: 0.001
Doc: (50, Timestamp('2021-08-04 00:00:00')), Topic Prob: 0.001
Doc: (50, Timestamp('2021-07-16 00:00:00')), Topic Prob: 0.001
Doc: (42, Timestamp('2021-12-14 00:00:00')), Topic Prob: 0.001
Doc: (85, Timestamp('2021-08-02 00:00:00')), Topic Prob: 0.001
Doc: (20, Timestamp('2021-07-11 00:00:00')), Topic Prob: 0.001
Doc: (13, Timestamp('2021-08-14 00:00:00')), Topic Prob: 0.001
Doc: (66, Timestamp('2021-10-23 00:00:00')), Topic Prob: 0.001
Doc: (47, Timestamp('2021-08-15 00:00:00')), Topic Prob: 0.001
Doc: (59, Timestamp('2021-12-17 00:00:00')), Topic Prob: 0.001
Doc: (8, Timestamp('2021-11-19 00:00:00')), Topic Prob: 0.001
Doc: (42, Timestamp('2021-12-13 00:00:00')), Topic Prob: 0.001
Doc: (53, Timestamp('2021-11-25 00:00:00')), Topic Prob: 0.001
Doc: (69, Timestamp('2021-11-09 00:00:00')), Topic Prob: 0.001
Doc: (82, Timestamp('2021-11-15 00:00:00')), Topic Prob: 0.001
Doc: (10, Timestamp('2021-08-02 00:00:00')), Topic Prob: 0.001
Doc: (6, Timestamp('2021-11-06 00:00:00')), Topic Prob: 0.001
Doc: (80, Timestamp('2021-08-09 00:00:00')), Topic Prob: 0.001
Doc: (23, Timestamp('2021-12-04 00:00:00')), Topic Prob: 0.001
Doc: (50, Timestamp('2021-07-26 00:00:00')), Topic Prob: 0.001
------------------------------
Topic # 4
Doc: (7, Timestamp('2021-11-16 00:00:00')), Topic Prob: 0.001
Doc: (23, Timestamp('2021-11-13 00:00:00')), Topic Prob: 0.001
Doc: (7, Timestamp('2021-11-17 00:00:00')), Topic Prob: 0.001
Doc: (13, Timestamp('2021-07-21 00:00:00')), Topic Prob: 0.001
Doc: (7, Timestamp('2021-10-25 00:00:00')), Topic Prob: 0.001
Doc: (68, Timestamp('2021-07-30 00:00:00')), Topic Prob: 0.001
Doc: (10, Timestamp('2021-07-17 00:00:00')), Topic Prob: 0.001
Doc: (23, Timestamp('2021-11-17 00:00:00')), Topic Prob: 0.001
Doc: (11, Timestamp('2021-11-03 00:00:00')), Topic Prob: 0.001
Doc: (23, Timestamp('2021-11-20 00:00:00')), Topic Prob: 0.001
Doc: (23, Timestamp('2021-11-27 00:00:00')), Topic Prob: 0.001
Doc: (7, Timestamp('2021-11-01 00:00:00')), Topic Prob: 0.001
Doc: (7, Timestamp('2021-10-24 00:00:00')), Topic Prob: 0.001
Doc: (32, Timestamp('2021-10-30 00:00:00')), Topic Prob: 0.001
Doc: (39, Timestamp('2021-11-21 00:00:00')), Topic Prob: 0.001
Doc: (13, Timestamp('2021-08-09 00:00:00')), Topic Prob: 0.001
Doc: (80, Timestamp('2021-07-25 00:00:00')), Topic Prob: 0.001
Doc: (47, Timestamp('2021-07-05 00:00:00')), Topic Prob: 0.001
Doc: (35, Timestamp('2021-11-06 00:00:00')), Topic Prob: 0.001
Doc: (7, Timestamp('2021-10-19 00:00:00')), Topic Prob: 0.001
Doc: (7, Timestamp('2021-11-11 00:00:00')), Topic Prob: 0.001
Doc: (33, Timestamp('2021-07-29 00:00:00')), Topic Prob: 0.001
Doc: (23, Timestamp('2021-11-14 00:00:00')), Topic Prob: 0.001
Doc: (26, Timestamp('2021-07-29 00:00:00')), Topic Prob: 0.001
Doc: (8, Timestamp('2021-11-30 00:00:00')), Topic Prob: 0.001
Doc: (10, Timestamp('2021-08-05 00:00:00')), Topic Prob: 0.001
Doc: (78, Timestamp('2021-11-12 00:00:00')), Topic Prob: 0.001
Doc: (8, Timestamp('2021-11-16 00:00:00')), Topic Prob: 0.001
Doc: (26, Timestamp('2021-07-19 00:00:00')), Topic Prob: 0.001
Doc: (30, Timestamp('2021-11-17 00:00:00')), Topic Prob: 0.001
Doc: (50, Timestamp('2021-08-04 00:00:00')), Topic Prob: 0.001
Doc: (50, Timestamp('2021-07-16 00:00:00')), Topic Prob: 0.001
Doc: (42, Timestamp('2021-12-14 00:00:00')), Topic Prob: 0.001
Doc: (85, Timestamp('2021-08-02 00:00:00')), Topic Prob: 0.001
Doc: (20, Timestamp('2021-07-11 00:00:00')), Topic Prob: 0.001
Doc: (13, Timestamp('2021-08-14 00:00:00')), Topic Prob: 0.001
Doc: (66, Timestamp('2021-10-23 00:00:00')), Topic Prob: 0.001
Doc: (47, Timestamp('2021-08-15 00:00:00')), Topic Prob: 0.001
Doc: (59, Timestamp('2021-12-17 00:00:00')), Topic Prob: 0.001
Doc: (8, Timestamp('2021-11-19 00:00:00')), Topic Prob: 0.001
Doc: (42, Timestamp('2021-12-13 00:00:00')), Topic Prob: 0.001
Doc: (53, Timestamp('2021-11-25 00:00:00')), Topic Prob: 0.001
Doc: (69, Timestamp('2021-11-09 00:00:00')), Topic Prob: 0.001
Doc: (82, Timestamp('2021-11-15 00:00:00')), Topic Prob: 0.001
Doc: (10, Timestamp('2021-08-02 00:00:00')), Topic Prob: 0.001
Doc: (6, Timestamp('2021-11-06 00:00:00')), Topic Prob: 0.001
Doc: (80, Timestamp('2021-08-09 00:00:00')), Topic Prob: 0.001
Doc: (23, Timestamp('2021-12-04 00:00:00')), Topic Prob: 0.001
Doc: (50, Timestamp('2021-07-26 00:00:00')), Topic Prob: 0.001
------------------------------
Topic # 6
Doc: (7, Timestamp('2021-11-16 00:00:00')), Topic Prob: 0.001
Doc: (23, Timestamp('2021-11-13 00:00:00')), Topic Prob: 0.001
Doc: (7, Timestamp('2021-11-17 00:00:00')), Topic Prob: 0.001
Doc: (13, Timestamp('2021-07-21 00:00:00')), Topic Prob: 0.001
Doc: (7, Timestamp('2021-10-25 00:00:00')), Topic Prob: 0.001
Doc: (68, Timestamp('2021-07-30 00:00:00')), Topic Prob: 0.001
Doc: (10, Timestamp('2021-07-17 00:00:00')), Topic Prob: 0.001
Doc: (23, Timestamp('2021-11-17 00:00:00')), Topic Prob: 0.001
Doc: (11, Timestamp('2021-11-03 00:00:00')), Topic Prob: 0.001
Doc: (23, Timestamp('2021-11-20 00:00:00')), Topic Prob: 0.001
Doc: (23, Timestamp('2021-11-27 00:00:00')), Topic Prob: 0.001
Doc: (7, Timestamp('2021-11-01 00:00:00')), Topic Prob: 0.001
Doc: (7, Timestamp('2021-10-24 00:00:00')), Topic Prob: 0.001
Doc: (32, Timestamp('2021-10-30 00:00:00')), Topic Prob: 0.001
Doc: (39, Timestamp('2021-11-21 00:00:00')), Topic Prob: 0.001
Doc: (13, Timestamp('2021-08-09 00:00:00')), Topic Prob: 0.001
Doc: (80, Timestamp('2021-07-25 00:00:00')), Topic Prob: 0.001
Doc: (47, Timestamp('2021-07-05 00:00:00')), Topic Prob: 0.001
Doc: (35, Timestamp('2021-11-06 00:00:00')), Topic Prob: 0.001
Doc: (7, Timestamp('2021-10-19 00:00:00')), Topic Prob: 0.001
Doc: (7, Timestamp('2021-11-11 00:00:00')), Topic Prob: 0.001
Doc: (33, Timestamp('2021-07-29 00:00:00')), Topic Prob: 0.001
Doc: (23, Timestamp('2021-11-14 00:00:00')), Topic Prob: 0.001
Doc: (26, Timestamp('2021-07-29 00:00:00')), Topic Prob: 0.001
Doc: (8, Timestamp('2021-11-30 00:00:00')), Topic Prob: 0.001
Doc: (10, Timestamp('2021-08-05 00:00:00')), Topic Prob: 0.001
Doc: (78, Timestamp('2021-11-12 00:00:00')), Topic Prob: 0.001
Doc: (8, Timestamp('2021-11-16 00:00:00')), Topic Prob: 0.001
Doc: (26, Timestamp('2021-07-19 00:00:00')), Topic Prob: 0.001
Doc: (30, Timestamp('2021-11-17 00:00:00')), Topic Prob: 0.001
Doc: (50, Timestamp('2021-08-04 00:00:00')), Topic Prob: 0.001
Doc: (50, Timestamp('2021-07-16 00:00:00')), Topic Prob: 0.001
Doc: (42, Timestamp('2021-12-14 00:00:00')), Topic Prob: 0.001
Doc: (85, Timestamp('2021-08-02 00:00:00')), Topic Prob: 0.001
Doc: (20, Timestamp('2021-07-11 00:00:00')), Topic Prob: 0.001
Doc: (13, Timestamp('2021-08-14 00:00:00')), Topic Prob: 0.001
Doc: (66, Timestamp('2021-10-23 00:00:00')), Topic Prob: 0.001
Doc: (47, Timestamp('2021-08-15 00:00:00')), Topic Prob: 0.001
Doc: (59, Timestamp('2021-12-17 00:00:00')), Topic Prob: 0.001
Doc: (8, Timestamp('2021-11-19 00:00:00')), Topic Prob: 0.001
Doc: (42, Timestamp('2021-12-13 00:00:00')), Topic Prob: 0.001
Doc: (53, Timestamp('2021-11-25 00:00:00')), Topic Prob: 0.001
Doc: (69, Timestamp('2021-11-09 00:00:00')), Topic Prob: 0.001
Doc: (82, Timestamp('2021-11-15 00:00:00')), Topic Prob: 0.001
Doc: (10, Timestamp('2021-08-02 00:00:00')), Topic Prob: 0.001
Doc: (6, Timestamp('2021-11-06 00:00:00')), Topic Prob: 0.001
Doc: (80, Timestamp('2021-08-09 00:00:00')), Topic Prob: 0.001
Doc: (23, Timestamp('2021-12-04 00:00:00')), Topic Prob: 0.001
Doc: (50, Timestamp('2021-07-26 00:00:00')), Topic Prob: 0.001
------------------------------
Topic # 7
Doc: (7, Timestamp('2021-11-16 00:00:00')), Topic Prob: 0.001
Doc: (23, Timestamp('2021-11-13 00:00:00')), Topic Prob: 0.001
Doc: (7, Timestamp('2021-11-17 00:00:00')), Topic Prob: 0.001
Doc: (13, Timestamp('2021-07-21 00:00:00')), Topic Prob: 0.001
Doc: (7, Timestamp('2021-10-25 00:00:00')), Topic Prob: 0.001
Doc: (68, Timestamp('2021-07-30 00:00:00')), Topic Prob: 0.001
Doc: (10, Timestamp('2021-07-17 00:00:00')), Topic Prob: 0.001
Doc: (23, Timestamp('2021-11-17 00:00:00')), Topic Prob: 0.001
Doc: (11, Timestamp('2021-11-03 00:00:00')), Topic Prob: 0.001
Doc: (23, Timestamp('2021-11-20 00:00:00')), Topic Prob: 0.001
Doc: (23, Timestamp('2021-11-27 00:00:00')), Topic Prob: 0.001
Doc: (7, Timestamp('2021-11-01 00:00:00')), Topic Prob: 0.001
Doc: (7, Timestamp('2021-10-24 00:00:00')), Topic Prob: 0.001
Doc: (32, Timestamp('2021-10-30 00:00:00')), Topic Prob: 0.001
Doc: (39, Timestamp('2021-11-21 00:00:00')), Topic Prob: 0.001
Doc: (13, Timestamp('2021-08-09 00:00:00')), Topic Prob: 0.001
Doc: (80, Timestamp('2021-07-25 00:00:00')), Topic Prob: 0.001
Doc: (47, Timestamp('2021-07-05 00:00:00')), Topic Prob: 0.001
Doc: (35, Timestamp('2021-11-06 00:00:00')), Topic Prob: 0.001
Doc: (7, Timestamp('2021-10-19 00:00:00')), Topic Prob: 0.001
Doc: (7, Timestamp('2021-11-11 00:00:00')), Topic Prob: 0.001
Doc: (33, Timestamp('2021-07-29 00:00:00')), Topic Prob: 0.001
Doc: (23, Timestamp('2021-11-14 00:00:00')), Topic Prob: 0.001
Doc: (26, Timestamp('2021-07-29 00:00:00')), Topic Prob: 0.001
Doc: (8, Timestamp('2021-11-30 00:00:00')), Topic Prob: 0.001
Doc: (10, Timestamp('2021-08-05 00:00:00')), Topic Prob: 0.001
Doc: (78, Timestamp('2021-11-12 00:00:00')), Topic Prob: 0.001
Doc: (8, Timestamp('2021-11-16 00:00:00')), Topic Prob: 0.001
Doc: (26, Timestamp('2021-07-19 00:00:00')), Topic Prob: 0.001
Doc: (30, Timestamp('2021-11-17 00:00:00')), Topic Prob: 0.001
Doc: (50, Timestamp('2021-08-04 00:00:00')), Topic Prob: 0.001
Doc: (50, Timestamp('2021-07-16 00:00:00')), Topic Prob: 0.001
Doc: (42, Timestamp('2021-12-14 00:00:00')), Topic Prob: 0.001
Doc: (85, Timestamp('2021-08-02 00:00:00')), Topic Prob: 0.001
Doc: (20, Timestamp('2021-07-11 00:00:00')), Topic Prob: 0.001
Doc: (13, Timestamp('2021-08-14 00:00:00')), Topic Prob: 0.001
Doc: (66, Timestamp('2021-10-23 00:00:00')), Topic Prob: 0.001
Doc: (47, Timestamp('2021-08-15 00:00:00')), Topic Prob: 0.001
Doc: (59, Timestamp('2021-12-17 00:00:00')), Topic Prob: 0.001
Doc: (8, Timestamp('2021-11-19 00:00:00')), Topic Prob: 0.001
Doc: (42, Timestamp('2021-12-13 00:00:00')), Topic Prob: 0.001
Doc: (53, Timestamp('2021-11-25 00:00:00')), Topic Prob: 0.001
Doc: (69, Timestamp('2021-11-09 00:00:00')), Topic Prob: 0.001
Doc: (82, Timestamp('2021-11-15 00:00:00')), Topic Prob: 0.001
Doc: (10, Timestamp('2021-08-02 00:00:00')), Topic Prob: 0.001
Doc: (6, Timestamp('2021-11-06 00:00:00')), Topic Prob: 0.001
Doc: (80, Timestamp('2021-08-09 00:00:00')), Topic Prob: 0.001
Doc: (23, Timestamp('2021-12-04 00:00:00')), Topic Prob: 0.001
Doc: (50, Timestamp('2021-07-26 00:00:00')), Topic Prob: 0.001
------------------------------
