Levels:  [  0.   47.  231.5]
loading...
Topic # 25
Doc: (25, Timestamp('2021-12-03 00:00:00')), Topic Prob: 0.979
Doc: (25, Timestamp('2021-11-24 00:00:00')), Topic Prob: 0.979
Doc: (29, Timestamp('2021-08-05 00:00:00')), Topic Prob: 0.979
Doc: (63, Timestamp('2021-08-11 00:00:00')), Topic Prob: 0.979
Doc: (84, Timestamp('2021-07-24 00:00:00')), Topic Prob: 0.979
Doc: (63, Timestamp('2021-07-26 00:00:00')), Topic Prob: 0.979
Doc: (41, Timestamp('2021-11-06 00:00:00')), Topic Prob: 0.979
Doc: (63, Timestamp('2021-08-09 00:00:00')), Topic Prob: 0.979
Doc: (25, Timestamp('2021-12-05 00:00:00')), Topic Prob: 0.979
Doc: (41, Timestamp('2021-11-22 00:00:00')), Topic Prob: 0.979
Doc: (84, Timestamp('2021-07-29 00:00:00')), Topic Prob: 0.979
Doc: (41, Timestamp('2021-11-05 00:00:00')), Topic Prob: 0.979
Doc: (27, Timestamp('2021-11-14 00:00:00')), Topic Prob: 0.979
Doc: (63, Timestamp('2021-07-21 00:00:00')), Topic Prob: 0.979
Doc: (41, Timestamp('2021-11-30 00:00:00')), Topic Prob: 0.979
Doc: (41, Timestamp('2021-11-24 00:00:00')), Topic Prob: 0.979
Doc: (18, Timestamp('2021-07-22 00:00:00')), Topic Prob: 0.979
Doc: (29, Timestamp('2021-08-13 00:00:00')), Topic Prob: 0.979
Doc: (14, Timestamp('2021-11-18 00:00:00')), Topic Prob: 0.979
Doc: (41, Timestamp('2021-11-25 00:00:00')), Topic Prob: 0.979
Doc: (27, Timestamp('2021-11-13 00:00:00')), Topic Prob: 0.979
Doc: (41, Timestamp('2021-12-02 00:00:00')), Topic Prob: 0.979
Doc: (60, Timestamp('2021-11-13 00:00:00')), Topic Prob: 0.979
Doc: (18, Timestamp('2021-08-08 00:00:00')), Topic Prob: 0.979
Doc: (68, Timestamp('2021-07-18 00:00:00')), Topic Prob: 0.979
Doc: (77, Timestamp('2021-08-15 00:00:00')), Topic Prob: 0.979
Doc: (9, Timestamp('2021-11-14 00:00:00')), Topic Prob: 0.979
Doc: (22, Timestamp('2021-11-11 00:00:00')), Topic Prob: 0.979
Doc: (20, Timestamp('2021-07-24 00:00:00')), Topic Prob: 0.979
Doc: (22, Timestamp('2021-11-07 00:00:00')), Topic Prob: 0.979
Doc: (39, Timestamp('2021-12-06 00:00:00')), Topic Prob: 0.979
Doc: (41, Timestamp('2021-11-04 00:00:00')), Topic Prob: 0.979
Doc: (77, Timestamp('2021-07-31 00:00:00')), Topic Prob: 0.979
Doc: (51, Timestamp('2021-08-01 00:00:00')), Topic Prob: 0.979
Doc: (37, Timestamp('2021-12-11 00:00:00')), Topic Prob: 0.979
Doc: (90, Timestamp('2021-08-06 00:00:00')), Topic Prob: 0.979
Doc: (46, Timestamp('2021-12-07 00:00:00')), Topic Prob: 0.979
Doc: (22, Timestamp('2021-10-30 00:00:00')), Topic Prob: 0.979
Doc: (1, Timestamp('2021-08-01 00:00:00')), Topic Prob: 0.979
Doc: (1, Timestamp('2021-07-18 00:00:00')), Topic Prob: 0.979
Doc: (63, Timestamp('2021-07-31 00:00:00')), Topic Prob: 0.979
Doc: (22, Timestamp('2021-11-20 00:00:00')), Topic Prob: 0.979
Doc: (54, Timestamp('2021-07-22 00:00:00')), Topic Prob: 0.979
Doc: (18, Timestamp('2021-08-03 00:00:00')), Topic Prob: 0.979
Doc: (26, Timestamp('2021-07-25 00:00:00')), Topic Prob: 0.979
Doc: (63, Timestamp('2021-07-24 00:00:00')), Topic Prob: 0.979
Doc: (1, Timestamp('2021-07-23 00:00:00')), Topic Prob: 0.979
Doc: (76, Timestamp('2021-08-19 00:00:00')), Topic Prob: 0.979
Doc: (64, Timestamp('2021-08-14 00:00:00')), Topic Prob: 0.979
------------------------------
Topic # 9
Doc: (31, Timestamp('2021-11-11 00:00:00')), Topic Prob: 0.979
Doc: (31, Timestamp('2021-11-10 00:00:00')), Topic Prob: 0.979
Doc: (31, Timestamp('2021-11-18 00:00:00')), Topic Prob: 0.979
Doc: (31, Timestamp('2021-11-03 00:00:00')), Topic Prob: 0.979
Doc: (31, Timestamp('2021-11-15 00:00:00')), Topic Prob: 0.979
Doc: (18, Timestamp('2021-07-20 00:00:00')), Topic Prob: 0.979
Doc: (20, Timestamp('2021-07-06 00:00:00')), Topic Prob: 0.979
Doc: (14, Timestamp('2021-10-18 00:00:00')), Topic Prob: 0.979
Doc: (31, Timestamp('2021-10-20 00:00:00')), Topic Prob: 0.979
Doc: (31, Timestamp('2021-10-28 00:00:00')), Topic Prob: 0.979
Doc: (31, Timestamp('2021-11-04 00:00:00')), Topic Prob: 0.979
Doc: (88, Timestamp('2021-11-19 00:00:00')), Topic Prob: 0.979
Doc: (9, Timestamp('2021-12-01 00:00:00')), Topic Prob: 0.979
Doc: (31, Timestamp('2021-10-25 00:00:00')), Topic Prob: 0.979
Doc: (31, Timestamp('2021-11-17 00:00:00')), Topic Prob: 0.979
Doc: (1, Timestamp('2021-07-26 00:00:00')), Topic Prob: 0.979
Doc: (31, Timestamp('2021-10-26 00:00:00')), Topic Prob: 0.979
Doc: (18, Timestamp('2021-07-19 00:00:00')), Topic Prob: 0.979
Doc: (38, Timestamp('2021-10-21 00:00:00')), Topic Prob: 0.979
Doc: (11, Timestamp('2021-10-26 00:00:00')), Topic Prob: 0.979
Doc: (2, Timestamp('2021-11-23 00:00:00')), Topic Prob: 0.979
Doc: (70, Timestamp('2021-08-11 00:00:00')), Topic Prob: 0.979
Doc: (27, Timestamp('2021-11-05 00:00:00')), Topic Prob: 0.979
Doc: (11, Timestamp('2021-10-20 00:00:00')), Topic Prob: 0.979
Doc: (12, Timestamp('2021-07-19 00:00:00')), Topic Prob: 0.979
Doc: (67, Timestamp('2021-12-07 00:00:00')), Topic Prob: 0.979
Doc: (31, Timestamp('2021-11-01 00:00:00')), Topic Prob: 0.979
Doc: (31, Timestamp('2021-10-19 00:00:00')), Topic Prob: 0.979
Doc: (31, Timestamp('2021-10-21 00:00:00')), Topic Prob: 0.979
Doc: (9, Timestamp('2021-11-19 00:00:00')), Topic Prob: 0.979
Doc: (56, Timestamp('2021-08-04 00:00:00')), Topic Prob: 0.979
Doc: (9, Timestamp('2021-12-02 00:00:00')), Topic Prob: 0.979
Doc: (88, Timestamp('2021-10-26 00:00:00')), Topic Prob: 0.979
Doc: (31, Timestamp('2021-11-12 00:00:00')), Topic Prob: 0.979
Doc: (31, Timestamp('2021-10-18 00:00:00')), Topic Prob: 0.979
Doc: (73, Timestamp('2021-11-02 00:00:00')), Topic Prob: 0.979
Doc: (31, Timestamp('2021-11-16 00:00:00')), Topic Prob: 0.979
Doc: (35, Timestamp('2021-12-03 00:00:00')), Topic Prob: 0.979
Doc: (9, Timestamp('2021-11-28 00:00:00')), Topic Prob: 0.979
Doc: (31, Timestamp('2021-11-02 00:00:00')), Topic Prob: 0.979
Doc: (64, Timestamp('2021-08-11 00:00:00')), Topic Prob: 0.979
Doc: (75, Timestamp('2021-11-07 00:00:00')), Topic Prob: 0.979
Doc: (39, Timestamp('2021-11-25 00:00:00')), Topic Prob: 0.958
Doc: (68, Timestamp('2021-08-17 00:00:00')), Topic Prob: 0.958
Doc: (9, Timestamp('2021-12-10 00:00:00')), Topic Prob: 0.958
Doc: (2, Timestamp('2021-11-15 00:00:00')), Topic Prob: 0.958
Doc: (27, Timestamp('2021-11-03 00:00:00')), Topic Prob: 0.958
Doc: (18, Timestamp('2021-07-29 00:00:00')), Topic Prob: 0.957
Doc: (11, Timestamp('2021-11-16 00:00:00')), Topic Prob: 0.956
------------------------------
Topic # 0
Doc: (10, Timestamp('2021-07-28 00:00:00')), Topic Prob: 0.979
Doc: (10, Timestamp('2021-07-30 00:00:00')), Topic Prob: 0.979
Doc: (10, Timestamp('2021-08-03 00:00:00')), Topic Prob: 0.979
Doc: (11, Timestamp('2021-11-15 00:00:00')), Topic Prob: 0.979
Doc: (8, Timestamp('2021-12-03 00:00:00')), Topic Prob: 0.958
Doc: (8, Timestamp('2021-11-12 00:00:00')), Topic Prob: 0.958
Doc: (10, Timestamp('2021-08-12 00:00:00')), Topic Prob: 0.958
Doc: (21, Timestamp('2021-11-19 00:00:00')), Topic Prob: 0.958
Doc: (10, Timestamp('2021-08-07 00:00:00')), Topic Prob: 0.954
Doc: (10, Timestamp('2021-08-05 00:00:00')), Topic Prob: 0.95
Doc: (35, Timestamp('2021-11-06 00:00:00')), Topic Prob: 0.937
Doc: (48, Timestamp('2021-11-01 00:00:00')), Topic Prob: 0.937
Doc: (21, Timestamp('2021-11-26 00:00:00')), Topic Prob: 0.936
Doc: (10, Timestamp('2021-08-06 00:00:00')), Topic Prob: 0.934
Doc: (10, Timestamp('2021-08-02 00:00:00')), Topic Prob: 0.934
Doc: (10, Timestamp('2021-08-17 00:00:00')), Topic Prob: 0.934
Doc: (10, Timestamp('2021-08-16 00:00:00')), Topic Prob: 0.928
Doc: (10, Timestamp('2021-08-13 00:00:00')), Topic Prob: 0.928
Doc: (10, Timestamp('2021-07-20 00:00:00')), Topic Prob: 0.927
Doc: (12, Timestamp('2021-08-14 00:00:00')), Topic Prob: 0.925
Doc: (8, Timestamp('2021-11-24 00:00:00')), Topic Prob: 0.924
Doc: (62, Timestamp('2021-11-09 00:00:00')), Topic Prob: 0.924
Doc: (10, Timestamp('2021-07-23 00:00:00')), Topic Prob: 0.922
Doc: (33, Timestamp('2021-08-02 00:00:00')), Topic Prob: 0.922
Doc: (10, Timestamp('2021-07-21 00:00:00')), Topic Prob: 0.915
Doc: (48, Timestamp('2021-11-03 00:00:00')), Topic Prob: 0.913
Doc: (48, Timestamp('2021-10-26 00:00:00')), Topic Prob: 0.907
Doc: (10, Timestamp('2021-07-24 00:00:00')), Topic Prob: 0.904
Doc: (62, Timestamp('2021-12-10 00:00:00')), Topic Prob: 0.902
Doc: (8, Timestamp('2021-12-01 00:00:00')), Topic Prob: 0.897
Doc: (8, Timestamp('2021-12-11 00:00:00')), Topic Prob: 0.894
Doc: (10, Timestamp('2021-08-04 00:00:00')), Topic Prob: 0.893
Doc: (5, Timestamp('2021-11-13 00:00:00')), Topic Prob: 0.891
Doc: (7, Timestamp('2021-10-31 00:00:00')), Topic Prob: 0.888
Doc: (47, Timestamp('2021-07-29 00:00:00')), Topic Prob: 0.886
Doc: (10, Timestamp('2021-07-17 00:00:00')), Topic Prob: 0.885
Doc: (10, Timestamp('2021-08-14 00:00:00')), Topic Prob: 0.883
Doc: (77, Timestamp('2021-07-19 00:00:00')), Topic Prob: 0.879
Doc: (28, Timestamp('2021-08-07 00:00:00')), Topic Prob: 0.878
Doc: (67, Timestamp('2021-11-21 00:00:00')), Topic Prob: 0.877
Doc: (80, Timestamp('2021-07-25 00:00:00')), Topic Prob: 0.877
Doc: (80, Timestamp('2021-07-26 00:00:00')), Topic Prob: 0.876
Doc: (6, Timestamp('2021-11-10 00:00:00')), Topic Prob: 0.871
Doc: (48, Timestamp('2021-11-17 00:00:00')), Topic Prob: 0.862
Doc: (42, Timestamp('2021-11-13 00:00:00')), Topic Prob: 0.861
Doc: (62, Timestamp('2021-11-22 00:00:00')), Topic Prob: 0.859
Doc: (85, Timestamp('2021-08-02 00:00:00')), Topic Prob: 0.859
Doc: (21, Timestamp('2021-12-06 00:00:00')), Topic Prob: 0.858
Doc: (47, Timestamp('2021-07-23 00:00:00')), Topic Prob: 0.858
------------------------------
Topic # 18
Doc: (81, Timestamp('2021-12-09 00:00:00')), Topic Prob: 0.913
Doc: (40, Timestamp('2021-08-13 00:00:00')), Topic Prob: 0.862
Doc: (7, Timestamp('2021-10-26 00:00:00')), Topic Prob: 0.845
Doc: (40, Timestamp('2021-08-05 00:00:00')), Topic Prob: 0.794
Doc: (51, Timestamp('2021-07-22 00:00:00')), Topic Prob: 0.793
Doc: (40, Timestamp('2021-07-28 00:00:00')), Topic Prob: 0.783
Doc: (74, Timestamp('2021-08-09 00:00:00')), Topic Prob: 0.771
Doc: (42, Timestamp('2021-12-15 00:00:00')), Topic Prob: 0.764
Doc: (74, Timestamp('2021-08-10 00:00:00')), Topic Prob: 0.716
Doc: (0, Timestamp('2021-08-09 00:00:00')), Topic Prob: 0.705
Doc: (69, Timestamp('2021-11-12 00:00:00')), Topic Prob: 0.704
Doc: (67, Timestamp('2021-11-10 00:00:00')), Topic Prob: 0.7
Doc: (37, Timestamp('2021-11-13 00:00:00')), Topic Prob: 0.697
Doc: (73, Timestamp('2021-11-08 00:00:00')), Topic Prob: 0.691
Doc: (82, Timestamp('2021-11-26 00:00:00')), Topic Prob: 0.691
Doc: (88, Timestamp('2021-11-12 00:00:00')), Topic Prob: 0.687
Doc: (72, Timestamp('2021-08-08 00:00:00')), Topic Prob: 0.68
Doc: (92, Timestamp('2021-08-15 00:00:00')), Topic Prob: 0.679
Doc: (81, Timestamp('2021-11-15 00:00:00')), Topic Prob: 0.675
Doc: (67, Timestamp('2021-11-11 00:00:00')), Topic Prob: 0.674
Doc: (27, Timestamp('2021-11-26 00:00:00')), Topic Prob: 0.674
Doc: (81, Timestamp('2021-11-29 00:00:00')), Topic Prob: 0.664
Doc: (42, Timestamp('2021-12-14 00:00:00')), Topic Prob: 0.664
Doc: (40, Timestamp('2021-07-29 00:00:00')), Topic Prob: 0.662
Doc: (47, Timestamp('2021-08-04 00:00:00')), Topic Prob: 0.648
Doc: (51, Timestamp('2021-08-07 00:00:00')), Topic Prob: 0.648
Doc: (92, Timestamp('2021-08-20 00:00:00')), Topic Prob: 0.648
Doc: (0, Timestamp('2021-08-11 00:00:00')), Topic Prob: 0.646
Doc: (83, Timestamp('2021-07-26 00:00:00')), Topic Prob: 0.643
Doc: (27, Timestamp('2021-11-25 00:00:00')), Topic Prob: 0.639
Doc: (0, Timestamp('2021-07-16 00:00:00')), Topic Prob: 0.633
Doc: (43, Timestamp('2021-09-16 00:00:00')), Topic Prob: 0.629
Doc: (40, Timestamp('2021-07-22 00:00:00')), Topic Prob: 0.628
Doc: (82, Timestamp('2021-10-28 00:00:00')), Topic Prob: 0.627
Doc: (1, Timestamp('2021-08-15 00:00:00')), Topic Prob: 0.622
Doc: (81, Timestamp('2021-12-08 00:00:00')), Topic Prob: 0.622
Doc: (0, Timestamp('2021-07-29 00:00:00')), Topic Prob: 0.617
Doc: (81, Timestamp('2021-12-07 00:00:00')), Topic Prob: 0.612
Doc: (6, Timestamp('2021-10-27 00:00:00')), Topic Prob: 0.611
Doc: (42, Timestamp('2021-12-09 00:00:00')), Topic Prob: 0.609
Doc: (81, Timestamp('2021-11-24 00:00:00')), Topic Prob: 0.609
Doc: (81, Timestamp('2021-12-03 00:00:00')), Topic Prob: 0.605
Doc: (81, Timestamp('2021-11-25 00:00:00')), Topic Prob: 0.605
Doc: (83, Timestamp('2021-08-11 00:00:00')), Topic Prob: 0.598
Doc: (83, Timestamp('2021-08-04 00:00:00')), Topic Prob: 0.596
Doc: (0, Timestamp('2021-07-26 00:00:00')), Topic Prob: 0.596
Doc: (74, Timestamp('2021-08-03 00:00:00')), Topic Prob: 0.588
Doc: (74, Timestamp('2021-07-17 00:00:00')), Topic Prob: 0.587
Doc: (30, Timestamp('2021-11-05 00:00:00')), Topic Prob: 0.587
------------------------------
Topic # 7
Doc: (25, Timestamp('2021-12-08 00:00:00')), Topic Prob: 0.409
Doc: (13, Timestamp('2021-08-04 00:00:00')), Topic Prob: 0.386
Doc: (50, Timestamp('2021-08-17 00:00:00')), Topic Prob: 0.385
Doc: (47, Timestamp('2021-07-26 00:00:00')), Topic Prob: 0.362
Doc: (66, Timestamp('2021-11-03 00:00:00')), Topic Prob: 0.359
Doc: (89, Timestamp('2021-11-01 00:00:00')), Topic Prob: 0.316
Doc: (5, Timestamp('2021-10-26 00:00:00')), Topic Prob: 0.314
Doc: (5, Timestamp('2021-10-28 00:00:00')), Topic Prob: 0.307
Doc: (36, Timestamp('2021-07-29 00:00:00')), Topic Prob: 0.3
Doc: (1, Timestamp('2021-08-02 00:00:00')), Topic Prob: 0.296
Doc: (46, Timestamp('2021-11-14 00:00:00')), Topic Prob: 0.295
Doc: (89, Timestamp('2021-11-14 00:00:00')), Topic Prob: 0.295
Doc: (4, Timestamp('2021-10-16 00:00:00')), Topic Prob: 0.289
Doc: (50, Timestamp('2021-08-15 00:00:00')), Topic Prob: 0.284
Doc: (34, Timestamp('2021-11-02 00:00:00')), Topic Prob: 0.28
Doc: (42, Timestamp('2021-11-24 00:00:00')), Topic Prob: 0.276
Doc: (5, Timestamp('2021-10-29 00:00:00')), Topic Prob: 0.271
Doc: (75, Timestamp('2021-11-23 00:00:00')), Topic Prob: 0.263
Doc: (24, Timestamp('2021-11-14 00:00:00')), Topic Prob: 0.263
Doc: (12, Timestamp('2021-08-10 00:00:00')), Topic Prob: 0.263
Doc: (0, Timestamp('2021-08-01 00:00:00')), Topic Prob: 0.263
Doc: (38, Timestamp('2021-10-29 00:00:00')), Topic Prob: 0.262
Doc: (84, Timestamp('2021-08-15 00:00:00')), Topic Prob: 0.257
Doc: (12, Timestamp('2021-07-27 00:00:00')), Topic Prob: 0.255
Doc: (12, Timestamp('2021-07-15 00:00:00')), Topic Prob: 0.255
Doc: (8, Timestamp('2021-11-28 00:00:00')), Topic Prob: 0.254
Doc: (47, Timestamp('2021-07-25 00:00:00')), Topic Prob: 0.253
Doc: (11, Timestamp('2021-10-28 00:00:00')), Topic Prob: 0.252
Doc: (38, Timestamp('2021-11-01 00:00:00')), Topic Prob: 0.25
Doc: (52, Timestamp('2021-08-03 00:00:00')), Topic Prob: 0.25
Doc: (77, Timestamp('2021-07-15 00:00:00')), Topic Prob: 0.244
Doc: (46, Timestamp('2021-12-13 00:00:00')), Topic Prob: 0.243
Doc: (47, Timestamp('2021-08-02 00:00:00')), Topic Prob: 0.242
Doc: (50, Timestamp('2021-07-22 00:00:00')), Topic Prob: 0.24
Doc: (33, Timestamp('2021-07-19 00:00:00')), Topic Prob: 0.237
Doc: (5, Timestamp('2021-11-07 00:00:00')), Topic Prob: 0.237
Doc: (3, Timestamp('2021-08-05 00:00:00')), Topic Prob: 0.236
Doc: (82, Timestamp('2021-11-03 00:00:00')), Topic Prob: 0.235
Doc: (47, Timestamp('2021-07-09 00:00:00')), Topic Prob: 0.235
Doc: (40, Timestamp('2021-07-24 00:00:00')), Topic Prob: 0.232
Doc: (34, Timestamp('2021-10-28 00:00:00')), Topic Prob: 0.231
Doc: (90, Timestamp('2021-07-29 00:00:00')), Topic Prob: 0.229
Doc: (0, Timestamp('2021-07-31 00:00:00')), Topic Prob: 0.228
Doc: (46, Timestamp('2021-12-12 00:00:00')), Topic Prob: 0.226
Doc: (3, Timestamp('2021-07-18 00:00:00')), Topic Prob: 0.225
Doc: (53, Timestamp('2021-11-17 00:00:00')), Topic Prob: 0.225
Doc: (2, Timestamp('2021-12-05 00:00:00')), Topic Prob: 0.224
Doc: (5, Timestamp('2021-10-31 00:00:00')), Topic Prob: 0.223
Doc: (89, Timestamp('2021-11-16 00:00:00')), Topic Prob: 0.222
------------------------------
Topic # 28
Doc: (3, Timestamp('2021-07-27 00:00:00')), Topic Prob: 0.329
Doc: (66, Timestamp('2021-11-11 00:00:00')), Topic Prob: 0.258
Doc: (16, Timestamp('2021-10-27 00:00:00')), Topic Prob: 0.232
Doc: (12, Timestamp('2021-08-05 00:00:00')), Topic Prob: 0.229
Doc: (69, Timestamp('2021-11-08 00:00:00')), Topic Prob: 0.221
Doc: (59, Timestamp('2021-12-15 00:00:00')), Topic Prob: 0.217
Doc: (20, Timestamp('2021-08-14 00:00:00')), Topic Prob: 0.215
Doc: (59, Timestamp('2021-12-09 00:00:00')), Topic Prob: 0.214
Doc: (59, Timestamp('2021-12-08 00:00:00')), Topic Prob: 0.21
Doc: (13, Timestamp('2021-08-14 00:00:00')), Topic Prob: 0.209
Doc: (20, Timestamp('2021-08-16 00:00:00')), Topic Prob: 0.208
Doc: (22, Timestamp('2021-11-23 00:00:00')), Topic Prob: 0.203
Doc: (59, Timestamp('2021-12-11 00:00:00')), Topic Prob: 0.202
Doc: (53, Timestamp('2021-11-16 00:00:00')), Topic Prob: 0.199
Doc: (34, Timestamp('2021-11-27 00:00:00')), Topic Prob: 0.198
Doc: (59, Timestamp('2021-12-12 00:00:00')), Topic Prob: 0.197
Doc: (4, Timestamp('2021-11-02 00:00:00')), Topic Prob: 0.196
Doc: (47, Timestamp('2021-07-05 00:00:00')), Topic Prob: 0.194
Doc: (72, Timestamp('2021-08-09 00:00:00')), Topic Prob: 0.187
Doc: (16, Timestamp('2021-11-18 00:00:00')), Topic Prob: 0.183
Doc: (66, Timestamp('2021-11-08 00:00:00')), Topic Prob: 0.182
Doc: (29, Timestamp('2021-08-08 00:00:00')), Topic Prob: 0.175
Doc: (35, Timestamp('2021-12-06 00:00:00')), Topic Prob: 0.174
Doc: (7, Timestamp('2021-11-18 00:00:00')), Topic Prob: 0.171
Doc: (52, Timestamp('2021-08-11 00:00:00')), Topic Prob: 0.168
Doc: (90, Timestamp('2021-08-09 00:00:00')), Topic Prob: 0.168
Doc: (16, Timestamp('2021-11-14 00:00:00')), Topic Prob: 0.167
Doc: (4, Timestamp('2021-10-27 00:00:00')), Topic Prob: 0.166
Doc: (55, Timestamp('2021-11-15 00:00:00')), Topic Prob: 0.166
Doc: (53, Timestamp('2021-11-14 00:00:00')), Topic Prob: 0.164
Doc: (20, Timestamp('2021-08-02 00:00:00')), Topic Prob: 0.163
Doc: (74, Timestamp('2021-08-01 00:00:00')), Topic Prob: 0.162
Doc: (69, Timestamp('2021-10-30 00:00:00')), Topic Prob: 0.162
Doc: (66, Timestamp('2021-10-29 00:00:00')), Topic Prob: 0.161
Doc: (80, Timestamp('2021-07-29 00:00:00')), Topic Prob: 0.157
Doc: (47, Timestamp('2021-07-15 00:00:00')), Topic Prob: 0.157
Doc: (4, Timestamp('2021-11-11 00:00:00')), Topic Prob: 0.156
Doc: (22, Timestamp('2021-11-22 00:00:00')), Topic Prob: 0.156
Doc: (76, Timestamp('2021-08-27 00:00:00')), Topic Prob: 0.156
Doc: (16, Timestamp('2021-11-21 00:00:00')), Topic Prob: 0.154
Doc: (29, Timestamp('2021-07-31 00:00:00')), Topic Prob: 0.153
Doc: (71, Timestamp('2021-11-27 00:00:00')), Topic Prob: 0.151
Doc: (3, Timestamp('2021-07-31 00:00:00')), Topic Prob: 0.151
Doc: (74, Timestamp('2021-07-17 00:00:00')), Topic Prob: 0.151
Doc: (53, Timestamp('2021-11-27 00:00:00')), Topic Prob: 0.15
Doc: (23, Timestamp('2021-12-05 00:00:00')), Topic Prob: 0.15
Doc: (74, Timestamp('2021-07-30 00:00:00')), Topic Prob: 0.149
Doc: (62, Timestamp('2021-11-12 00:00:00')), Topic Prob: 0.147
Doc: (47, Timestamp('2021-07-26 00:00:00')), Topic Prob: 0.147
------------------------------
Topic # 22
Doc: (71, Timestamp('2021-11-30 00:00:00')), Topic Prob: 0.614
Doc: (71, Timestamp('2021-11-13 00:00:00')), Topic Prob: 0.597
Doc: (71, Timestamp('2021-11-09 00:00:00')), Topic Prob: 0.573
Doc: (70, Timestamp('2021-07-24 00:00:00')), Topic Prob: 0.448
Doc: (30, Timestamp('2021-11-08 00:00:00')), Topic Prob: 0.438
Doc: (35, Timestamp('2021-11-23 00:00:00')), Topic Prob: 0.404
Doc: (66, Timestamp('2021-10-21 00:00:00')), Topic Prob: 0.391
Doc: (21, Timestamp('2021-12-04 00:00:00')), Topic Prob: 0.373
Doc: (80, Timestamp('2021-08-09 00:00:00')), Topic Prob: 0.356
Doc: (42, Timestamp('2021-11-18 00:00:00')), Topic Prob: 0.354
Doc: (71, Timestamp('2021-11-12 00:00:00')), Topic Prob: 0.35
Doc: (30, Timestamp('2021-11-01 00:00:00')), Topic Prob: 0.347
Doc: (80, Timestamp('2021-07-24 00:00:00')), Topic Prob: 0.345
Doc: (23, Timestamp('2021-12-02 00:00:00')), Topic Prob: 0.331
Doc: (13, Timestamp('2021-07-24 00:00:00')), Topic Prob: 0.33
Doc: (42, Timestamp('2021-11-14 00:00:00')), Topic Prob: 0.323
Doc: (71, Timestamp('2021-11-10 00:00:00')), Topic Prob: 0.307
Doc: (72, Timestamp('2021-08-11 00:00:00')), Topic Prob: 0.293
Doc: (48, Timestamp('2021-10-16 00:00:00')), Topic Prob: 0.285
Doc: (23, Timestamp('2021-11-30 00:00:00')), Topic Prob: 0.281
Doc: (13, Timestamp('2021-07-31 00:00:00')), Topic Prob: 0.277
Doc: (80, Timestamp('2021-07-18 00:00:00')), Topic Prob: 0.269
Doc: (50, Timestamp('2021-08-07 00:00:00')), Topic Prob: 0.269
Doc: (82, Timestamp('2021-11-09 00:00:00')), Topic Prob: 0.26
Doc: (82, Timestamp('2021-11-27 00:00:00')), Topic Prob: 0.259
Doc: (48, Timestamp('2021-10-28 00:00:00')), Topic Prob: 0.258
Doc: (5, Timestamp('2021-11-21 00:00:00')), Topic Prob: 0.258
Doc: (5, Timestamp('2021-11-26 00:00:00')), Topic Prob: 0.258
Doc: (35, Timestamp('2021-11-10 00:00:00')), Topic Prob: 0.257
Doc: (35, Timestamp('2021-11-14 00:00:00')), Topic Prob: 0.254
Doc: (3, Timestamp('2021-08-13 00:00:00')), Topic Prob: 0.252
Doc: (24, Timestamp('2021-11-07 00:00:00')), Topic Prob: 0.246
Doc: (33, Timestamp('2021-08-11 00:00:00')), Topic Prob: 0.245
Doc: (5, Timestamp('2021-11-12 00:00:00')), Topic Prob: 0.236
Doc: (13, Timestamp('2021-08-01 00:00:00')), Topic Prob: 0.236
Doc: (5, Timestamp('2021-11-22 00:00:00')), Topic Prob: 0.235
Doc: (5, Timestamp('2021-11-15 00:00:00')), Topic Prob: 0.235
Doc: (76, Timestamp('2021-08-17 00:00:00')), Topic Prob: 0.234
Doc: (13, Timestamp('2021-08-04 00:00:00')), Topic Prob: 0.229
Doc: (22, Timestamp('2021-11-04 00:00:00')), Topic Prob: 0.226
Doc: (28, Timestamp('2021-07-21 00:00:00')), Topic Prob: 0.226
Doc: (65, Timestamp('2021-11-11 00:00:00')), Topic Prob: 0.223
Doc: (44, Timestamp('2021-11-10 00:00:00')), Topic Prob: 0.223
Doc: (5, Timestamp('2021-10-27 00:00:00')), Topic Prob: 0.219
Doc: (71, Timestamp('2021-12-01 00:00:00')), Topic Prob: 0.219
Doc: (0, Timestamp('2021-08-03 00:00:00')), Topic Prob: 0.215
Doc: (5, Timestamp('2021-11-04 00:00:00')), Topic Prob: 0.214
Doc: (5, Timestamp('2021-11-24 00:00:00')), Topic Prob: 0.214
Doc: (42, Timestamp('2021-11-20 00:00:00')), Topic Prob: 0.212
------------------------------
Topic # 5
Doc: (3, Timestamp('2021-08-12 00:00:00')), Topic Prob: 0.685
Doc: (3, Timestamp('2021-08-13 00:00:00')), Topic Prob: 0.379
Doc: (3, Timestamp('2021-08-04 00:00:00')), Topic Prob: 0.314
Doc: (36, Timestamp('2021-07-22 00:00:00')), Topic Prob: 0.287
Doc: (4, Timestamp('2021-10-29 00:00:00')), Topic Prob: 0.252
Doc: (36, Timestamp('2021-08-11 00:00:00')), Topic Prob: 0.24
Doc: (36, Timestamp('2021-07-26 00:00:00')), Topic Prob: 0.236
Doc: (3, Timestamp('2021-07-15 00:00:00')), Topic Prob: 0.226
Doc: (70, Timestamp('2021-08-09 00:00:00')), Topic Prob: 0.218
Doc: (36, Timestamp('2021-08-12 00:00:00')), Topic Prob: 0.214
Doc: (80, Timestamp('2021-07-24 00:00:00')), Topic Prob: 0.214
Doc: (75, Timestamp('2021-11-22 00:00:00')), Topic Prob: 0.211
Doc: (46, Timestamp('2021-11-20 00:00:00')), Topic Prob: 0.21
Doc: (74, Timestamp('2021-07-20 00:00:00')), Topic Prob: 0.21
Doc: (4, Timestamp('2021-11-17 00:00:00')), Topic Prob: 0.203
Doc: (36, Timestamp('2021-08-09 00:00:00')), Topic Prob: 0.201
Doc: (35, Timestamp('2021-11-27 00:00:00')), Topic Prob: 0.2
Doc: (70, Timestamp('2021-07-27 00:00:00')), Topic Prob: 0.2
Doc: (71, Timestamp('2021-11-20 00:00:00')), Topic Prob: 0.199
Doc: (71, Timestamp('2021-12-04 00:00:00')), Topic Prob: 0.196
Doc: (72, Timestamp('2021-08-06 00:00:00')), Topic Prob: 0.196
Doc: (70, Timestamp('2021-08-08 00:00:00')), Topic Prob: 0.195
Doc: (36, Timestamp('2021-08-13 00:00:00')), Topic Prob: 0.192
Doc: (71, Timestamp('2021-11-19 00:00:00')), Topic Prob: 0.19
Doc: (42, Timestamp('2021-11-19 00:00:00')), Topic Prob: 0.185
Doc: (75, Timestamp('2021-11-15 00:00:00')), Topic Prob: 0.183
Doc: (3, Timestamp('2021-08-10 00:00:00')), Topic Prob: 0.181
Doc: (50, Timestamp('2021-07-21 00:00:00')), Topic Prob: 0.179
Doc: (36, Timestamp('2021-07-20 00:00:00')), Topic Prob: 0.175
Doc: (70, Timestamp('2021-07-26 00:00:00')), Topic Prob: 0.174
Doc: (70, Timestamp('2021-08-01 00:00:00')), Topic Prob: 0.173
Doc: (2, Timestamp('2021-11-20 00:00:00')), Topic Prob: 0.169
Doc: (58, Timestamp('2021-11-27 00:00:00')), Topic Prob: 0.168
Doc: (23, Timestamp('2021-11-20 00:00:00')), Topic Prob: 0.166
Doc: (75, Timestamp('2021-11-01 00:00:00')), Topic Prob: 0.166
Doc: (91, Timestamp('2021-11-25 00:00:00')), Topic Prob: 0.165
Doc: (36, Timestamp('2021-08-02 00:00:00')), Topic Prob: 0.163
Doc: (3, Timestamp('2021-07-27 00:00:00')), Topic Prob: 0.161
Doc: (3, Timestamp('2021-07-20 00:00:00')), Topic Prob: 0.16
Doc: (82, Timestamp('2021-11-27 00:00:00')), Topic Prob: 0.16
Doc: (36, Timestamp('2021-07-29 00:00:00')), Topic Prob: 0.16
Doc: (36, Timestamp('2021-08-06 00:00:00')), Topic Prob: 0.159
Doc: (44, Timestamp('2021-11-05 00:00:00')), Topic Prob: 0.159
Doc: (89, Timestamp('2021-10-22 00:00:00')), Topic Prob: 0.158
Doc: (75, Timestamp('2021-10-29 00:00:00')), Topic Prob: 0.158
Doc: (80, Timestamp('2021-07-27 00:00:00')), Topic Prob: 0.157
Doc: (3, Timestamp('2021-08-03 00:00:00')), Topic Prob: 0.157
Doc: (75, Timestamp('2021-11-08 00:00:00')), Topic Prob: 0.157
Doc: (43, Timestamp('2021-08-27 00:00:00')), Topic Prob: 0.156
------------------------------
Topic # 21
Doc: (0, Timestamp('2021-07-30 00:00:00')), Topic Prob: 0.233
Doc: (39, Timestamp('2021-12-05 00:00:00')), Topic Prob: 0.213
Doc: (23, Timestamp('2021-11-22 00:00:00')), Topic Prob: 0.185
Doc: (66, Timestamp('2021-10-18 00:00:00')), Topic Prob: 0.169
Doc: (70, Timestamp('2021-07-24 00:00:00')), Topic Prob: 0.148
Doc: (59, Timestamp('2021-11-25 00:00:00')), Topic Prob: 0.146
Doc: (13, Timestamp('2021-07-15 00:00:00')), Topic Prob: 0.141
Doc: (47, Timestamp('2021-07-02 00:00:00')), Topic Prob: 0.138
Doc: (39, Timestamp('2021-11-21 00:00:00')), Topic Prob: 0.137
Doc: (34, Timestamp('2021-11-17 00:00:00')), Topic Prob: 0.131
Doc: (42, Timestamp('2021-11-14 00:00:00')), Topic Prob: 0.126
Doc: (70, Timestamp('2021-07-22 00:00:00')), Topic Prob: 0.125
Doc: (90, Timestamp('2021-08-10 00:00:00')), Topic Prob: 0.116
Doc: (13, Timestamp('2021-08-15 00:00:00')), Topic Prob: 0.114
Doc: (69, Timestamp('2021-11-01 00:00:00')), Topic Prob: 0.114
Doc: (47, Timestamp('2021-07-07 00:00:00')), Topic Prob: 0.108
Doc: (23, Timestamp('2021-12-10 00:00:00')), Topic Prob: 0.107
Doc: (23, Timestamp('2021-11-23 00:00:00')), Topic Prob: 0.107
Doc: (22, Timestamp('2021-11-03 00:00:00')), Topic Prob: 0.107
Doc: (34, Timestamp('2021-11-21 00:00:00')), Topic Prob: 0.107
Doc: (74, Timestamp('2021-07-31 00:00:00')), Topic Prob: 0.107
Doc: (59, Timestamp('2021-11-19 00:00:00')), Topic Prob: 0.107
Doc: (7, Timestamp('2021-11-12 00:00:00')), Topic Prob: 0.107
Doc: (23, Timestamp('2021-12-11 00:00:00')), Topic Prob: 0.103
Doc: (74, Timestamp('2021-07-23 00:00:00')), Topic Prob: 0.103
Doc: (66, Timestamp('2021-10-30 00:00:00')), Topic Prob: 0.102
Doc: (70, Timestamp('2021-07-18 00:00:00')), Topic Prob: 0.098
Doc: (81, Timestamp('2021-12-12 00:00:00')), Topic Prob: 0.098
Doc: (13, Timestamp('2021-07-25 00:00:00')), Topic Prob: 0.098
Doc: (53, Timestamp('2021-11-24 00:00:00')), Topic Prob: 0.096
Doc: (50, Timestamp('2021-07-23 00:00:00')), Topic Prob: 0.096
Doc: (23, Timestamp('2021-12-08 00:00:00')), Topic Prob: 0.094
Doc: (0, Timestamp('2021-08-06 00:00:00')), Topic Prob: 0.093
Doc: (74, Timestamp('2021-07-30 00:00:00')), Topic Prob: 0.09
Doc: (3, Timestamp('2021-08-16 00:00:00')), Topic Prob: 0.09
Doc: (13, Timestamp('2021-07-28 00:00:00')), Topic Prob: 0.09
Doc: (47, Timestamp('2021-08-15 00:00:00')), Topic Prob: 0.086
Doc: (13, Timestamp('2021-07-19 00:00:00')), Topic Prob: 0.086
Doc: (47, Timestamp('2021-08-10 00:00:00')), Topic Prob: 0.086
Doc: (29, Timestamp('2021-07-25 00:00:00')), Topic Prob: 0.086
Doc: (70, Timestamp('2021-08-08 00:00:00')), Topic Prob: 0.086
Doc: (70, Timestamp('2021-08-03 00:00:00')), Topic Prob: 0.086
Doc: (64, Timestamp('2021-08-05 00:00:00')), Topic Prob: 0.086
Doc: (67, Timestamp('2021-11-29 00:00:00')), Topic Prob: 0.086
Doc: (8, Timestamp('2021-11-14 00:00:00')), Topic Prob: 0.085
Doc: (74, Timestamp('2021-07-22 00:00:00')), Topic Prob: 0.085
Doc: (14, Timestamp('2021-11-17 00:00:00')), Topic Prob: 0.084
Doc: (80, Timestamp('2021-08-05 00:00:00')), Topic Prob: 0.083
Doc: (74, Timestamp('2021-07-29 00:00:00')), Topic Prob: 0.082
------------------------------
Topic # 23
Doc: (3, Timestamp('2021-08-06 00:00:00')), Topic Prob: 0.705
Doc: (30, Timestamp('2021-10-24 00:00:00')), Topic Prob: 0.232
Doc: (33, Timestamp('2021-07-22 00:00:00')), Topic Prob: 0.189
Doc: (51, Timestamp('2021-07-19 00:00:00')), Topic Prob: 0.185
Doc: (48, Timestamp('2021-10-29 00:00:00')), Topic Prob: 0.182
Doc: (71, Timestamp('2021-12-02 00:00:00')), Topic Prob: 0.151
Doc: (3, Timestamp('2021-07-21 00:00:00')), Topic Prob: 0.143
Doc: (3, Timestamp('2021-08-05 00:00:00')), Topic Prob: 0.142
Doc: (3, Timestamp('2021-07-25 00:00:00')), Topic Prob: 0.139
Doc: (32, Timestamp('2021-11-28 00:00:00')), Topic Prob: 0.138
Doc: (71, Timestamp('2021-11-14 00:00:00')), Topic Prob: 0.128
Doc: (50, Timestamp('2021-08-08 00:00:00')), Topic Prob: 0.127
Doc: (30, Timestamp('2021-11-04 00:00:00')), Topic Prob: 0.126
Doc: (71, Timestamp('2021-12-05 00:00:00')), Topic Prob: 0.126
Doc: (33, Timestamp('2021-07-23 00:00:00')), Topic Prob: 0.126
Doc: (35, Timestamp('2021-11-05 00:00:00')), Topic Prob: 0.12
Doc: (52, Timestamp('2021-08-07 00:00:00')), Topic Prob: 0.119
Doc: (50, Timestamp('2021-08-02 00:00:00')), Topic Prob: 0.119
Doc: (69, Timestamp('2021-11-26 00:00:00')), Topic Prob: 0.118
Doc: (42, Timestamp('2021-11-26 00:00:00')), Topic Prob: 0.116
Doc: (59, Timestamp('2021-12-01 00:00:00')), Topic Prob: 0.116
Doc: (3, Timestamp('2021-07-16 00:00:00')), Topic Prob: 0.114
Doc: (76, Timestamp('2021-08-10 00:00:00')), Topic Prob: 0.11
Doc: (36, Timestamp('2021-07-28 00:00:00')), Topic Prob: 0.109
Doc: (42, Timestamp('2021-11-22 00:00:00')), Topic Prob: 0.109
Doc: (42, Timestamp('2021-12-05 00:00:00')), Topic Prob: 0.109
Doc: (82, Timestamp('2021-10-28 00:00:00')), Topic Prob: 0.107
Doc: (3, Timestamp('2021-07-20 00:00:00')), Topic Prob: 0.102
Doc: (3, Timestamp('2021-08-08 00:00:00')), Topic Prob: 0.1
Doc: (50, Timestamp('2021-08-15 00:00:00')), Topic Prob: 0.1
Doc: (3, Timestamp('2021-07-17 00:00:00')), Topic Prob: 0.099
Doc: (76, Timestamp('2021-08-26 00:00:00')), Topic Prob: 0.097
Doc: (3, Timestamp('2021-07-23 00:00:00')), Topic Prob: 0.096
Doc: (33, Timestamp('2021-07-29 00:00:00')), Topic Prob: 0.095
Doc: (42, Timestamp('2021-12-01 00:00:00')), Topic Prob: 0.094
Doc: (7, Timestamp('2021-11-09 00:00:00')), Topic Prob: 0.093
Doc: (82, Timestamp('2021-11-17 00:00:00')), Topic Prob: 0.093
Doc: (71, Timestamp('2021-11-11 00:00:00')), Topic Prob: 0.092
Doc: (36, Timestamp('2021-07-19 00:00:00')), Topic Prob: 0.092
Doc: (50, Timestamp('2021-07-21 00:00:00')), Topic Prob: 0.09
Doc: (48, Timestamp('2021-11-14 00:00:00')), Topic Prob: 0.087
Doc: (3, Timestamp('2021-08-02 00:00:00')), Topic Prob: 0.087
Doc: (3, Timestamp('2021-08-01 00:00:00')), Topic Prob: 0.087
Doc: (48, Timestamp('2021-11-04 00:00:00')), Topic Prob: 0.086
Doc: (44, Timestamp('2021-11-18 00:00:00')), Topic Prob: 0.086
Doc: (42, Timestamp('2021-11-29 00:00:00')), Topic Prob: 0.086
Doc: (3, Timestamp('2021-07-19 00:00:00')), Topic Prob: 0.085
Doc: (3, Timestamp('2021-07-31 00:00:00')), Topic Prob: 0.084
Doc: (65, Timestamp('2021-11-19 00:00:00')), Topic Prob: 0.082
------------------------------
Topic # 4
Doc: (3, Timestamp('2021-07-25 00:00:00')), Topic Prob: 0.255
Doc: (4, Timestamp('2021-10-17 00:00:00')), Topic Prob: 0.104
Doc: (91, Timestamp('2021-12-10 00:00:00')), Topic Prob: 0.102
Doc: (50, Timestamp('2021-08-13 00:00:00')), Topic Prob: 0.101
Doc: (74, Timestamp('2021-07-24 00:00:00')), Topic Prob: 0.098
Doc: (9, Timestamp('2021-11-12 00:00:00')), Topic Prob: 0.086
Doc: (64, Timestamp('2021-08-10 00:00:00')), Topic Prob: 0.086
Doc: (8, Timestamp('2021-12-11 00:00:00')), Topic Prob: 0.086
Doc: (91, Timestamp('2021-11-18 00:00:00')), Topic Prob: 0.084
Doc: (53, Timestamp('2021-11-25 00:00:00')), Topic Prob: 0.078
Doc: (23, Timestamp('2021-11-20 00:00:00')), Topic Prob: 0.071
Doc: (58, Timestamp('2021-11-20 00:00:00')), Topic Prob: 0.071
Doc: (53, Timestamp('2021-11-16 00:00:00')), Topic Prob: 0.07
Doc: (91, Timestamp('2021-11-29 00:00:00')), Topic Prob: 0.07
Doc: (89, Timestamp('2021-10-22 00:00:00')), Topic Prob: 0.069
Doc: (23, Timestamp('2021-12-05 00:00:00')), Topic Prob: 0.068
Doc: (7, Timestamp('2021-11-09 00:00:00')), Topic Prob: 0.068
Doc: (74, Timestamp('2021-08-02 00:00:00')), Topic Prob: 0.065
Doc: (66, Timestamp('2021-11-18 00:00:00')), Topic Prob: 0.065
Doc: (53, Timestamp('2021-12-02 00:00:00')), Topic Prob: 0.065
Doc: (53, Timestamp('2021-11-30 00:00:00')), Topic Prob: 0.065
Doc: (5, Timestamp('2021-11-22 00:00:00')), Topic Prob: 0.065
Doc: (62, Timestamp('2021-11-14 00:00:00')), Topic Prob: 0.065
Doc: (89, Timestamp('2021-11-06 00:00:00')), Topic Prob: 0.065
Doc: (28, Timestamp('2021-08-20 00:00:00')), Topic Prob: 0.065
Doc: (90, Timestamp('2021-07-19 00:00:00')), Topic Prob: 0.065
Doc: (1, Timestamp('2021-08-08 00:00:00')), Topic Prob: 0.065
Doc: (43, Timestamp('2021-09-07 00:00:00')), Topic Prob: 0.065
Doc: (9, Timestamp('2021-11-26 00:00:00')), Topic Prob: 0.065
Doc: (2, Timestamp('2021-11-20 00:00:00')), Topic Prob: 0.065
Doc: (30, Timestamp('2021-10-25 00:00:00')), Topic Prob: 0.065
Doc: (39, Timestamp('2021-11-24 00:00:00')), Topic Prob: 0.065
Doc: (64, Timestamp('2021-08-15 00:00:00')), Topic Prob: 0.065
Doc: (52, Timestamp('2021-08-15 00:00:00')), Topic Prob: 0.063
Doc: (43, Timestamp('2021-09-13 00:00:00')), Topic Prob: 0.062
Doc: (91, Timestamp('2021-11-16 00:00:00')), Topic Prob: 0.061
Doc: (14, Timestamp('2021-10-19 00:00:00')), Topic Prob: 0.061
Doc: (85, Timestamp('2021-08-02 00:00:00')), Topic Prob: 0.061
Doc: (53, Timestamp('2021-12-06 00:00:00')), Topic Prob: 0.059
Doc: (11, Timestamp('2021-10-21 00:00:00')), Topic Prob: 0.057
Doc: (80, Timestamp('2021-08-16 00:00:00')), Topic Prob: 0.057
Doc: (41, Timestamp('2021-11-03 00:00:00')), Topic Prob: 0.057
Doc: (14, Timestamp('2021-11-01 00:00:00')), Topic Prob: 0.056
Doc: (26, Timestamp('2021-08-09 00:00:00')), Topic Prob: 0.056
Doc: (4, Timestamp('2021-10-20 00:00:00')), Topic Prob: 0.056
Doc: (70, Timestamp('2021-08-06 00:00:00')), Topic Prob: 0.055
Doc: (53, Timestamp('2021-12-13 00:00:00')), Topic Prob: 0.055
Doc: (62, Timestamp('2021-11-18 00:00:00')), Topic Prob: 0.054
Doc: (88, Timestamp('2021-10-29 00:00:00')), Topic Prob: 0.053
------------------------------
