Levels:  [ 0. 47.]
loading...
Topic # 25
Doc: (29, Timestamp('2021-08-05 00:00:00')), Topic Prob: 0.979
Doc: (41, Timestamp('2021-11-24 00:00:00')), Topic Prob: 0.979
Doc: (41, Timestamp('2021-11-06 00:00:00')), Topic Prob: 0.979
Doc: (20, Timestamp('2021-07-24 00:00:00')), Topic Prob: 0.979
Doc: (63, Timestamp('2021-08-11 00:00:00')), Topic Prob: 0.979
Doc: (25, Timestamp('2021-12-03 00:00:00')), Topic Prob: 0.979
Doc: (63, Timestamp('2021-08-09 00:00:00')), Topic Prob: 0.979
Doc: (41, Timestamp('2021-10-31 00:00:00')), Topic Prob: 0.979
Doc: (25, Timestamp('2021-12-05 00:00:00')), Topic Prob: 0.979
Doc: (84, Timestamp('2021-07-24 00:00:00')), Topic Prob: 0.979
Doc: (41, Timestamp('2021-11-04 00:00:00')), Topic Prob: 0.979
Doc: (63, Timestamp('2021-07-24 00:00:00')), Topic Prob: 0.979
Doc: (41, Timestamp('2021-11-26 00:00:00')), Topic Prob: 0.979
Doc: (63, Timestamp('2021-07-26 00:00:00')), Topic Prob: 0.979
Doc: (1, Timestamp('2021-07-22 00:00:00')), Topic Prob: 0.979
Doc: (18, Timestamp('2021-08-08 00:00:00')), Topic Prob: 0.979
Doc: (1, Timestamp('2021-07-27 00:00:00')), Topic Prob: 0.979
Doc: (26, Timestamp('2021-07-25 00:00:00')), Topic Prob: 0.979
Doc: (51, Timestamp('2021-08-01 00:00:00')), Topic Prob: 0.979
Doc: (41, Timestamp('2021-12-02 00:00:00')), Topic Prob: 0.979
Doc: (41, Timestamp('2021-11-25 00:00:00')), Topic Prob: 0.979
Doc: (18, Timestamp('2021-07-22 00:00:00')), Topic Prob: 0.979
Doc: (9, Timestamp('2021-11-14 00:00:00')), Topic Prob: 0.979
Doc: (1, Timestamp('2021-08-12 00:00:00')), Topic Prob: 0.979
Doc: (29, Timestamp('2021-08-03 00:00:00')), Topic Prob: 0.979
Doc: (19, Timestamp('2021-11-22 00:00:00')), Topic Prob: 0.979
Doc: (32, Timestamp('2021-11-16 00:00:00')), Topic Prob: 0.979
Doc: (41, Timestamp('2021-11-15 00:00:00')), Topic Prob: 0.979
Doc: (41, Timestamp('2021-11-23 00:00:00')), Topic Prob: 0.979
Doc: (1, Timestamp('2021-08-07 00:00:00')), Topic Prob: 0.979
Doc: (63, Timestamp('2021-08-21 00:00:00')), Topic Prob: 0.979
Doc: (25, Timestamp('2021-11-24 00:00:00')), Topic Prob: 0.979
Doc: (18, Timestamp('2021-08-11 00:00:00')), Topic Prob: 0.979
Doc: (77, Timestamp('2021-07-28 00:00:00')), Topic Prob: 0.979
Doc: (41, Timestamp('2021-11-22 00:00:00')), Topic Prob: 0.979
Doc: (51, Timestamp('2021-08-10 00:00:00')), Topic Prob: 0.979
Doc: (60, Timestamp('2021-11-11 00:00:00')), Topic Prob: 0.979
Doc: (34, Timestamp('2021-10-27 00:00:00')), Topic Prob: 0.979
Doc: (63, Timestamp('2021-07-31 00:00:00')), Topic Prob: 0.979
Doc: (44, Timestamp('2021-12-05 00:00:00')), Topic Prob: 0.979
Doc: (39, Timestamp('2021-12-10 00:00:00')), Topic Prob: 0.979
Doc: (11, Timestamp('2021-10-23 00:00:00')), Topic Prob: 0.979
Doc: (77, Timestamp('2021-07-31 00:00:00')), Topic Prob: 0.979
Doc: (84, Timestamp('2021-07-29 00:00:00')), Topic Prob: 0.979
Doc: (18, Timestamp('2021-07-24 00:00:00')), Topic Prob: 0.979
Doc: (68, Timestamp('2021-07-18 00:00:00')), Topic Prob: 0.979
Doc: (29, Timestamp('2021-08-02 00:00:00')), Topic Prob: 0.979
Doc: (56, Timestamp('2021-07-31 00:00:00')), Topic Prob: 0.979
Doc: (88, Timestamp('2021-11-06 00:00:00')), Topic Prob: 0.979
------------------------------
Topic # 9
Doc: (18, Timestamp('2021-08-02 00:00:00')), Topic Prob: 0.979
Doc: (31, Timestamp('2021-10-26 00:00:00')), Topic Prob: 0.979
Doc: (18, Timestamp('2021-07-20 00:00:00')), Topic Prob: 0.979
Doc: (18, Timestamp('2021-07-26 00:00:00')), Topic Prob: 0.979
Doc: (18, Timestamp('2021-07-19 00:00:00')), Topic Prob: 0.979
Doc: (18, Timestamp('2021-08-06 00:00:00')), Topic Prob: 0.979
Doc: (26, Timestamp('2021-07-22 00:00:00')), Topic Prob: 0.979
Doc: (18, Timestamp('2021-07-27 00:00:00')), Topic Prob: 0.979
Doc: (31, Timestamp('2021-11-01 00:00:00')), Topic Prob: 0.979
Doc: (88, Timestamp('2021-11-05 00:00:00')), Topic Prob: 0.979
Doc: (9, Timestamp('2021-12-04 00:00:00')), Topic Prob: 0.945
Doc: (80, Timestamp('2021-08-14 00:00:00')), Topic Prob: 0.944
Doc: (20, Timestamp('2021-07-02 00:00:00')), Topic Prob: 0.937
Doc: (88, Timestamp('2021-11-03 00:00:00')), Topic Prob: 0.936
Doc: (52, Timestamp('2021-08-04 00:00:00')), Topic Prob: 0.93
Doc: (80, Timestamp('2021-08-06 00:00:00')), Topic Prob: 0.928
Doc: (31, Timestamp('2021-11-03 00:00:00')), Topic Prob: 0.926
Doc: (56, Timestamp('2021-08-04 00:00:00')), Topic Prob: 0.924
Doc: (11, Timestamp('2021-11-08 00:00:00')), Topic Prob: 0.922
Doc: (18, Timestamp('2021-08-05 00:00:00')), Topic Prob: 0.918
Doc: (20, Timestamp('2021-07-05 00:00:00')), Topic Prob: 0.911
Doc: (88, Timestamp('2021-11-15 00:00:00')), Topic Prob: 0.904
Doc: (52, Timestamp('2021-08-05 00:00:00')), Topic Prob: 0.901
Doc: (11, Timestamp('2021-10-18 00:00:00')), Topic Prob: 0.901
Doc: (52, Timestamp('2021-07-28 00:00:00')), Topic Prob: 0.897
Doc: (31, Timestamp('2021-11-04 00:00:00')), Topic Prob: 0.895
Doc: (88, Timestamp('2021-11-19 00:00:00')), Topic Prob: 0.893
Doc: (31, Timestamp('2021-11-10 00:00:00')), Topic Prob: 0.892
Doc: (11, Timestamp('2021-10-20 00:00:00')), Topic Prob: 0.892
Doc: (88, Timestamp('2021-11-02 00:00:00')), Topic Prob: 0.889
Doc: (52, Timestamp('2021-08-18 00:00:00')), Topic Prob: 0.887
Doc: (2, Timestamp('2021-11-15 00:00:00')), Topic Prob: 0.885
Doc: (8, Timestamp('2021-11-20 00:00:00')), Topic Prob: 0.885
Doc: (52, Timestamp('2021-08-20 00:00:00')), Topic Prob: 0.884
Doc: (4, Timestamp('2021-11-05 00:00:00')), Topic Prob: 0.882
Doc: (52, Timestamp('2021-07-23 00:00:00')), Topic Prob: 0.876
Doc: (18, Timestamp('2021-07-28 00:00:00')), Topic Prob: 0.876
Doc: (52, Timestamp('2021-07-27 00:00:00')), Topic Prob: 0.875
Doc: (52, Timestamp('2021-08-10 00:00:00')), Topic Prob: 0.872
Doc: (80, Timestamp('2021-07-19 00:00:00')), Topic Prob: 0.869
Doc: (52, Timestamp('2021-08-17 00:00:00')), Topic Prob: 0.867
Doc: (64, Timestamp('2021-08-20 00:00:00')), Topic Prob: 0.866
Doc: (90, Timestamp('2021-08-02 00:00:00')), Topic Prob: 0.862
Doc: (31, Timestamp('2021-10-21 00:00:00')), Topic Prob: 0.862
Doc: (31, Timestamp('2021-11-13 00:00:00')), Topic Prob: 0.86
Doc: (11, Timestamp('2021-10-19 00:00:00')), Topic Prob: 0.858
Doc: (31, Timestamp('2021-10-18 00:00:00')), Topic Prob: 0.857
Doc: (27, Timestamp('2021-11-10 00:00:00')), Topic Prob: 0.856
Doc: (31, Timestamp('2021-10-28 00:00:00')), Topic Prob: 0.852
------------------------------
Topic # 22
Doc: (85, Timestamp('2021-08-11 00:00:00')), Topic Prob: 0.979
Doc: (83, Timestamp('2021-07-31 00:00:00')), Topic Prob: 0.979
Doc: (72, Timestamp('2021-08-03 00:00:00')), Topic Prob: 0.979
Doc: (85, Timestamp('2021-08-15 00:00:00')), Topic Prob: 0.979
Doc: (33, Timestamp('2021-07-21 00:00:00')), Topic Prob: 0.979
Doc: (21, Timestamp('2021-11-15 00:00:00')), Topic Prob: 0.979
Doc: (65, Timestamp('2021-11-14 00:00:00')), Topic Prob: 0.979
Doc: (85, Timestamp('2021-08-09 00:00:00')), Topic Prob: 0.979
Doc: (51, Timestamp('2021-07-26 00:00:00')), Topic Prob: 0.979
Doc: (59, Timestamp('2021-12-07 00:00:00')), Topic Prob: 0.979
Doc: (64, Timestamp('2021-08-16 00:00:00')), Topic Prob: 0.979
Doc: (21, Timestamp('2021-11-17 00:00:00')), Topic Prob: 0.979
Doc: (1, Timestamp('2021-07-17 00:00:00')), Topic Prob: 0.979
Doc: (74, Timestamp('2021-08-10 00:00:00')), Topic Prob: 0.979
Doc: (73, Timestamp('2021-10-27 00:00:00')), Topic Prob: 0.979
Doc: (81, Timestamp('2021-11-27 00:00:00')), Topic Prob: 0.979
Doc: (85, Timestamp('2021-08-13 00:00:00')), Topic Prob: 0.979
Doc: (68, Timestamp('2021-08-04 00:00:00')), Topic Prob: 0.979
Doc: (84, Timestamp('2021-08-14 00:00:00')), Topic Prob: 0.979
Doc: (43, Timestamp('2021-08-21 00:00:00')), Topic Prob: 0.979
Doc: (6, Timestamp('2021-10-28 00:00:00')), Topic Prob: 0.979
Doc: (85, Timestamp('2021-08-12 00:00:00')), Topic Prob: 0.979
Doc: (85, Timestamp('2021-08-10 00:00:00')), Topic Prob: 0.979
Doc: (6, Timestamp('2021-11-12 00:00:00')), Topic Prob: 0.979
Doc: (72, Timestamp('2021-07-27 00:00:00')), Topic Prob: 0.979
Doc: (91, Timestamp('2021-11-14 00:00:00')), Topic Prob: 0.979
Doc: (83, Timestamp('2021-07-29 00:00:00')), Topic Prob: 0.979
Doc: (28, Timestamp('2021-08-21 00:00:00')), Topic Prob: 0.979
Doc: (43, Timestamp('2021-09-06 00:00:00')), Topic Prob: 0.979
Doc: (72, Timestamp('2021-07-25 00:00:00')), Topic Prob: 0.979
Doc: (43, Timestamp('2021-08-29 00:00:00')), Topic Prob: 0.955
Doc: (0, Timestamp('2021-07-27 00:00:00')), Topic Prob: 0.954
Doc: (59, Timestamp('2021-12-18 00:00:00')), Topic Prob: 0.95
Doc: (10, Timestamp('2021-08-16 00:00:00')), Topic Prob: 0.944
Doc: (6, Timestamp('2021-10-27 00:00:00')), Topic Prob: 0.943
Doc: (91, Timestamp('2021-11-28 00:00:00')), Topic Prob: 0.94
Doc: (83, Timestamp('2021-08-12 00:00:00')), Topic Prob: 0.935
Doc: (75, Timestamp('2021-11-27 00:00:00')), Topic Prob: 0.935
Doc: (68, Timestamp('2021-08-10 00:00:00')), Topic Prob: 0.934
Doc: (88, Timestamp('2021-11-26 00:00:00')), Topic Prob: 0.933
Doc: (43, Timestamp('2021-09-03 00:00:00')), Topic Prob: 0.932
Doc: (83, Timestamp('2021-08-02 00:00:00')), Topic Prob: 0.927
Doc: (14, Timestamp('2021-10-27 00:00:00')), Topic Prob: 0.925
Doc: (75, Timestamp('2021-11-13 00:00:00')), Topic Prob: 0.925
Doc: (6, Timestamp('2021-11-07 00:00:00')), Topic Prob: 0.925
Doc: (88, Timestamp('2021-10-30 00:00:00')), Topic Prob: 0.922
Doc: (34, Timestamp('2021-11-19 00:00:00')), Topic Prob: 0.92
Doc: (68, Timestamp('2021-08-09 00:00:00')), Topic Prob: 0.919
Doc: (43, Timestamp('2021-09-10 00:00:00')), Topic Prob: 0.919
------------------------------
Topic # 0
Doc: (53, Timestamp('2021-11-28 00:00:00')), Topic Prob: 0.87
Doc: (44, Timestamp('2021-11-26 00:00:00')), Topic Prob: 0.849
Doc: (47, Timestamp('2021-08-07 00:00:00')), Topic Prob: 0.825
Doc: (90, Timestamp('2021-07-25 00:00:00')), Topic Prob: 0.822
Doc: (21, Timestamp('2021-11-30 00:00:00')), Topic Prob: 0.814
Doc: (55, Timestamp('2021-11-02 00:00:00')), Topic Prob: 0.807
Doc: (21, Timestamp('2021-12-06 00:00:00')), Topic Prob: 0.794
Doc: (55, Timestamp('2021-11-01 00:00:00')), Topic Prob: 0.782
Doc: (76, Timestamp('2021-08-23 00:00:00')), Topic Prob: 0.781
Doc: (44, Timestamp('2021-11-23 00:00:00')), Topic Prob: 0.771
Doc: (76, Timestamp('2021-08-14 00:00:00')), Topic Prob: 0.768
Doc: (21, Timestamp('2021-12-03 00:00:00')), Topic Prob: 0.756
Doc: (62, Timestamp('2021-11-22 00:00:00')), Topic Prob: 0.751
Doc: (74, Timestamp('2021-07-24 00:00:00')), Topic Prob: 0.748
Doc: (92, Timestamp('2021-07-31 00:00:00')), Topic Prob: 0.746
Doc: (44, Timestamp('2021-11-22 00:00:00')), Topic Prob: 0.745
Doc: (44, Timestamp('2021-11-08 00:00:00')), Topic Prob: 0.742
Doc: (13, Timestamp('2021-08-06 00:00:00')), Topic Prob: 0.742
Doc: (76, Timestamp('2021-09-01 00:00:00')), Topic Prob: 0.739
Doc: (55, Timestamp('2021-11-12 00:00:00')), Topic Prob: 0.731
Doc: (56, Timestamp('2021-08-16 00:00:00')), Topic Prob: 0.727
Doc: (56, Timestamp('2021-08-15 00:00:00')), Topic Prob: 0.724
Doc: (35, Timestamp('2021-11-19 00:00:00')), Topic Prob: 0.723
Doc: (16, Timestamp('2021-11-24 00:00:00')), Topic Prob: 0.722
Doc: (44, Timestamp('2021-11-19 00:00:00')), Topic Prob: 0.72
Doc: (5, Timestamp('2021-10-30 00:00:00')), Topic Prob: 0.717
Doc: (16, Timestamp('2021-10-30 00:00:00')), Topic Prob: 0.717
Doc: (21, Timestamp('2021-12-02 00:00:00')), Topic Prob: 0.716
Doc: (48, Timestamp('2021-10-25 00:00:00')), Topic Prob: 0.712
Doc: (44, Timestamp('2021-11-15 00:00:00')), Topic Prob: 0.71
Doc: (62, Timestamp('2021-11-28 00:00:00')), Topic Prob: 0.709
Doc: (70, Timestamp('2021-07-31 00:00:00')), Topic Prob: 0.708
Doc: (16, Timestamp('2021-11-09 00:00:00')), Topic Prob: 0.703
Doc: (44, Timestamp('2021-11-11 00:00:00')), Topic Prob: 0.703
Doc: (39, Timestamp('2021-12-08 00:00:00')), Topic Prob: 0.702
Doc: (54, Timestamp('2021-07-28 00:00:00')), Topic Prob: 0.702
Doc: (44, Timestamp('2021-11-12 00:00:00')), Topic Prob: 0.698
Doc: (56, Timestamp('2021-08-03 00:00:00')), Topic Prob: 0.697
Doc: (48, Timestamp('2021-10-28 00:00:00')), Topic Prob: 0.695
Doc: (28, Timestamp('2021-08-07 00:00:00')), Topic Prob: 0.695
Doc: (33, Timestamp('2021-08-10 00:00:00')), Topic Prob: 0.691
Doc: (13, Timestamp('2021-07-16 00:00:00')), Topic Prob: 0.69
Doc: (5, Timestamp('2021-10-27 00:00:00')), Topic Prob: 0.689
Doc: (48, Timestamp('2021-10-18 00:00:00')), Topic Prob: 0.688
Doc: (21, Timestamp('2021-11-23 00:00:00')), Topic Prob: 0.684
Doc: (8, Timestamp('2021-12-12 00:00:00')), Topic Prob: 0.677
Doc: (48, Timestamp('2021-10-27 00:00:00')), Topic Prob: 0.674
Doc: (66, Timestamp('2021-10-24 00:00:00')), Topic Prob: 0.672
Doc: (89, Timestamp('2021-11-07 00:00:00')), Topic Prob: 0.672
------------------------------
Topic # 27
Doc: (66, Timestamp('2021-10-18 00:00:00')), Topic Prob: 0.831
Doc: (71, Timestamp('2021-11-12 00:00:00')), Topic Prob: 0.826
Doc: (66, Timestamp('2021-11-13 00:00:00')), Topic Prob: 0.798
Doc: (13, Timestamp('2021-08-15 00:00:00')), Topic Prob: 0.76
Doc: (13, Timestamp('2021-07-27 00:00:00')), Topic Prob: 0.747
Doc: (42, Timestamp('2021-11-14 00:00:00')), Topic Prob: 0.739
Doc: (13, Timestamp('2021-08-14 00:00:00')), Topic Prob: 0.717
Doc: (71, Timestamp('2021-12-01 00:00:00')), Topic Prob: 0.711
Doc: (80, Timestamp('2021-07-24 00:00:00')), Topic Prob: 0.711
Doc: (70, Timestamp('2021-08-08 00:00:00')), Topic Prob: 0.707
Doc: (66, Timestamp('2021-10-20 00:00:00')), Topic Prob: 0.694
Doc: (74, Timestamp('2021-07-30 00:00:00')), Topic Prob: 0.689
Doc: (7, Timestamp('2021-11-12 00:00:00')), Topic Prob: 0.681
Doc: (70, Timestamp('2021-08-09 00:00:00')), Topic Prob: 0.676
Doc: (7, Timestamp('2021-11-04 00:00:00')), Topic Prob: 0.674
Doc: (13, Timestamp('2021-08-04 00:00:00')), Topic Prob: 0.651
Doc: (5, Timestamp('2021-11-15 00:00:00')), Topic Prob: 0.642
Doc: (13, Timestamp('2021-07-28 00:00:00')), Topic Prob: 0.635
Doc: (66, Timestamp('2021-11-08 00:00:00')), Topic Prob: 0.632
Doc: (74, Timestamp('2021-07-29 00:00:00')), Topic Prob: 0.626
Doc: (70, Timestamp('2021-07-24 00:00:00')), Topic Prob: 0.607
Doc: (7, Timestamp('2021-11-03 00:00:00')), Topic Prob: 0.604
Doc: (5, Timestamp('2021-11-06 00:00:00')), Topic Prob: 0.602
Doc: (13, Timestamp('2021-08-02 00:00:00')), Topic Prob: 0.596
Doc: (3, Timestamp('2021-08-06 00:00:00')), Topic Prob: 0.593
Doc: (66, Timestamp('2021-11-19 00:00:00')), Topic Prob: 0.591
Doc: (13, Timestamp('2021-07-23 00:00:00')), Topic Prob: 0.588
Doc: (7, Timestamp('2021-11-18 00:00:00')), Topic Prob: 0.587
Doc: (5, Timestamp('2021-10-28 00:00:00')), Topic Prob: 0.583
Doc: (13, Timestamp('2021-07-19 00:00:00')), Topic Prob: 0.583
Doc: (67, Timestamp('2021-11-28 00:00:00')), Topic Prob: 0.58
Doc: (71, Timestamp('2021-11-09 00:00:00')), Topic Prob: 0.577
Doc: (47, Timestamp('2021-07-26 00:00:00')), Topic Prob: 0.575
Doc: (5, Timestamp('2021-11-18 00:00:00')), Topic Prob: 0.573
Doc: (13, Timestamp('2021-07-26 00:00:00')), Topic Prob: 0.567
Doc: (5, Timestamp('2021-10-26 00:00:00')), Topic Prob: 0.566
Doc: (66, Timestamp('2021-10-25 00:00:00')), Topic Prob: 0.561
Doc: (20, Timestamp('2021-07-16 00:00:00')), Topic Prob: 0.559
Doc: (7, Timestamp('2021-10-26 00:00:00')), Topic Prob: 0.556
Doc: (13, Timestamp('2021-07-14 00:00:00')), Topic Prob: 0.554
Doc: (5, Timestamp('2021-11-17 00:00:00')), Topic Prob: 0.552
Doc: (53, Timestamp('2021-12-03 00:00:00')), Topic Prob: 0.539
Doc: (40, Timestamp('2021-07-22 00:00:00')), Topic Prob: 0.538
Doc: (53, Timestamp('2021-11-16 00:00:00')), Topic Prob: 0.533
Doc: (66, Timestamp('2021-11-17 00:00:00')), Topic Prob: 0.528
Doc: (13, Timestamp('2021-07-15 00:00:00')), Topic Prob: 0.525
Doc: (74, Timestamp('2021-07-21 00:00:00')), Topic Prob: 0.521
Doc: (30, Timestamp('2021-11-12 00:00:00')), Topic Prob: 0.516
Doc: (47, Timestamp('2021-07-07 00:00:00')), Topic Prob: 0.515
------------------------------
Topic # 24
Doc: (59, Timestamp('2021-12-11 00:00:00')), Topic Prob: 0.547
Doc: (59, Timestamp('2021-12-09 00:00:00')), Topic Prob: 0.486
Doc: (3, Timestamp('2021-07-27 00:00:00')), Topic Prob: 0.429
Doc: (59, Timestamp('2021-11-25 00:00:00')), Topic Prob: 0.404
Doc: (59, Timestamp('2021-12-12 00:00:00')), Topic Prob: 0.399
Doc: (3, Timestamp('2021-07-29 00:00:00')), Topic Prob: 0.373
Doc: (28, Timestamp('2021-07-21 00:00:00')), Topic Prob: 0.368
Doc: (3, Timestamp('2021-08-09 00:00:00')), Topic Prob: 0.36
Doc: (43, Timestamp('2021-09-19 00:00:00')), Topic Prob: 0.356
Doc: (3, Timestamp('2021-07-22 00:00:00')), Topic Prob: 0.353
Doc: (29, Timestamp('2021-07-31 00:00:00')), Topic Prob: 0.35
Doc: (71, Timestamp('2021-12-02 00:00:00')), Topic Prob: 0.336
Doc: (22, Timestamp('2021-11-04 00:00:00')), Topic Prob: 0.335
Doc: (82, Timestamp('2021-11-26 00:00:00')), Topic Prob: 0.332
Doc: (33, Timestamp('2021-07-22 00:00:00')), Topic Prob: 0.323
Doc: (82, Timestamp('2021-10-20 00:00:00')), Topic Prob: 0.319
Doc: (3, Timestamp('2021-08-08 00:00:00')), Topic Prob: 0.312
Doc: (3, Timestamp('2021-08-04 00:00:00')), Topic Prob: 0.311
Doc: (72, Timestamp('2021-08-02 00:00:00')), Topic Prob: 0.308
Doc: (29, Timestamp('2021-07-24 00:00:00')), Topic Prob: 0.306
Doc: (3, Timestamp('2021-08-13 00:00:00')), Topic Prob: 0.303
Doc: (74, Timestamp('2021-08-01 00:00:00')), Topic Prob: 0.302
Doc: (22, Timestamp('2021-11-22 00:00:00')), Topic Prob: 0.296
Doc: (59, Timestamp('2021-12-08 00:00:00')), Topic Prob: 0.296
Doc: (3, Timestamp('2021-07-31 00:00:00')), Topic Prob: 0.293
Doc: (59, Timestamp('2021-11-30 00:00:00')), Topic Prob: 0.291
Doc: (33, Timestamp('2021-07-23 00:00:00')), Topic Prob: 0.29
Doc: (84, Timestamp('2021-07-18 00:00:00')), Topic Prob: 0.29
Doc: (3, Timestamp('2021-08-11 00:00:00')), Topic Prob: 0.289
Doc: (80, Timestamp('2021-07-29 00:00:00')), Topic Prob: 0.288
Doc: (33, Timestamp('2021-08-11 00:00:00')), Topic Prob: 0.285
Doc: (3, Timestamp('2021-08-03 00:00:00')), Topic Prob: 0.283
Doc: (48, Timestamp('2021-11-06 00:00:00')), Topic Prob: 0.281
Doc: (22, Timestamp('2021-11-23 00:00:00')), Topic Prob: 0.279
Doc: (81, Timestamp('2021-11-16 00:00:00')), Topic Prob: 0.277
Doc: (52, Timestamp('2021-07-21 00:00:00')), Topic Prob: 0.273
Doc: (34, Timestamp('2021-11-07 00:00:00')), Topic Prob: 0.272
Doc: (59, Timestamp('2021-12-01 00:00:00')), Topic Prob: 0.271
Doc: (65, Timestamp('2021-11-24 00:00:00')), Topic Prob: 0.266
Doc: (4, Timestamp('2021-11-12 00:00:00')), Topic Prob: 0.263
Doc: (76, Timestamp('2021-08-27 00:00:00')), Topic Prob: 0.258
Doc: (3, Timestamp('2021-07-19 00:00:00')), Topic Prob: 0.257
Doc: (83, Timestamp('2021-08-04 00:00:00')), Topic Prob: 0.256
Doc: (35, Timestamp('2021-11-11 00:00:00')), Topic Prob: 0.254
Doc: (42, Timestamp('2021-12-03 00:00:00')), Topic Prob: 0.254
Doc: (34, Timestamp('2021-11-27 00:00:00')), Topic Prob: 0.252
Doc: (80, Timestamp('2021-07-20 00:00:00')), Topic Prob: 0.25
Doc: (59, Timestamp('2021-11-19 00:00:00')), Topic Prob: 0.25
Doc: (76, Timestamp('2021-08-28 00:00:00')), Topic Prob: 0.249
------------------------------
Topic # 7
Doc: (6, Timestamp('2021-11-10 00:00:00')), Topic Prob: 0.427
Doc: (24, Timestamp('2021-10-28 00:00:00')), Topic Prob: 0.399
Doc: (48, Timestamp('2021-11-09 00:00:00')), Topic Prob: 0.376
Doc: (50, Timestamp('2021-08-04 00:00:00')), Topic Prob: 0.357
Doc: (10, Timestamp('2021-08-17 00:00:00')), Topic Prob: 0.34
Doc: (85, Timestamp('2021-08-02 00:00:00')), Topic Prob: 0.338
Doc: (85, Timestamp('2021-07-29 00:00:00')), Topic Prob: 0.303
Doc: (9, Timestamp('2021-12-11 00:00:00')), Topic Prob: 0.286
Doc: (8, Timestamp('2021-11-25 00:00:00')), Topic Prob: 0.285
Doc: (10, Timestamp('2021-08-06 00:00:00')), Topic Prob: 0.248
Doc: (50, Timestamp('2021-08-11 00:00:00')), Topic Prob: 0.247
Doc: (48, Timestamp('2021-11-12 00:00:00')), Topic Prob: 0.237
Doc: (75, Timestamp('2021-10-30 00:00:00')), Topic Prob: 0.237
Doc: (6, Timestamp('2021-11-15 00:00:00')), Topic Prob: 0.236
Doc: (41, Timestamp('2021-11-07 00:00:00')), Topic Prob: 0.233
Doc: (44, Timestamp('2021-11-30 00:00:00')), Topic Prob: 0.231
Doc: (8, Timestamp('2021-11-21 00:00:00')), Topic Prob: 0.229
Doc: (36, Timestamp('2021-08-01 00:00:00')), Topic Prob: 0.227
Doc: (10, Timestamp('2021-08-11 00:00:00')), Topic Prob: 0.221
Doc: (42, Timestamp('2021-11-13 00:00:00')), Topic Prob: 0.216
Doc: (37, Timestamp('2021-11-29 00:00:00')), Topic Prob: 0.207
Doc: (69, Timestamp('2021-11-01 00:00:00')), Topic Prob: 0.206
Doc: (64, Timestamp('2021-08-19 00:00:00')), Topic Prob: 0.203
Doc: (36, Timestamp('2021-08-13 00:00:00')), Topic Prob: 0.203
Doc: (19, Timestamp('2021-11-04 00:00:00')), Topic Prob: 0.202
Doc: (30, Timestamp('2021-11-17 00:00:00')), Topic Prob: 0.202
Doc: (50, Timestamp('2021-08-15 00:00:00')), Topic Prob: 0.2
Doc: (42, Timestamp('2021-11-14 00:00:00')), Topic Prob: 0.199
Doc: (36, Timestamp('2021-07-17 00:00:00')), Topic Prob: 0.196
Doc: (50, Timestamp('2021-07-30 00:00:00')), Topic Prob: 0.195
Doc: (8, Timestamp('2021-12-12 00:00:00')), Topic Prob: 0.192
Doc: (14, Timestamp('2021-11-04 00:00:00')), Topic Prob: 0.191
Doc: (10, Timestamp('2021-08-09 00:00:00')), Topic Prob: 0.188
Doc: (33, Timestamp('2021-07-27 00:00:00')), Topic Prob: 0.186
Doc: (73, Timestamp('2021-11-20 00:00:00')), Topic Prob: 0.186
Doc: (23, Timestamp('2021-11-27 00:00:00')), Topic Prob: 0.185
Doc: (9, Timestamp('2021-12-09 00:00:00')), Topic Prob: 0.184
Doc: (0, Timestamp('2021-08-12 00:00:00')), Topic Prob: 0.183
Doc: (27, Timestamp('2021-11-21 00:00:00')), Topic Prob: 0.181
Doc: (47, Timestamp('2021-07-24 00:00:00')), Topic Prob: 0.178
Doc: (62, Timestamp('2021-11-26 00:00:00')), Topic Prob: 0.178
Doc: (89, Timestamp('2021-10-25 00:00:00')), Topic Prob: 0.177
Doc: (64, Timestamp('2021-07-22 00:00:00')), Topic Prob: 0.177
Doc: (23, Timestamp('2021-11-16 00:00:00')), Topic Prob: 0.177
Doc: (52, Timestamp('2021-07-31 00:00:00')), Topic Prob: 0.174
Doc: (69, Timestamp('2021-11-25 00:00:00')), Topic Prob: 0.171
Doc: (2, Timestamp('2021-11-22 00:00:00')), Topic Prob: 0.171
Doc: (69, Timestamp('2021-11-18 00:00:00')), Topic Prob: 0.17
Doc: (85, Timestamp('2021-07-28 00:00:00')), Topic Prob: 0.17
------------------------------
Topic # 17
Doc: (42, Timestamp('2021-11-16 00:00:00')), Topic Prob: 0.273
Doc: (10, Timestamp('2021-07-28 00:00:00')), Topic Prob: 0.271
Doc: (42, Timestamp('2021-11-15 00:00:00')), Topic Prob: 0.233
Doc: (10, Timestamp('2021-08-07 00:00:00')), Topic Prob: 0.224
Doc: (7, Timestamp('2021-11-05 00:00:00')), Topic Prob: 0.212
Doc: (7, Timestamp('2021-10-24 00:00:00')), Topic Prob: 0.198
Doc: (7, Timestamp('2021-11-19 00:00:00')), Topic Prob: 0.195
Doc: (37, Timestamp('2021-11-25 00:00:00')), Topic Prob: 0.187
Doc: (50, Timestamp('2021-07-17 00:00:00')), Topic Prob: 0.185
Doc: (8, Timestamp('2021-11-15 00:00:00')), Topic Prob: 0.181
Doc: (23, Timestamp('2021-11-28 00:00:00')), Topic Prob: 0.175
Doc: (75, Timestamp('2021-11-20 00:00:00')), Topic Prob: 0.168
Doc: (69, Timestamp('2021-11-09 00:00:00')), Topic Prob: 0.16
Doc: (75, Timestamp('2021-11-24 00:00:00')), Topic Prob: 0.157
Doc: (69, Timestamp('2021-11-17 00:00:00')), Topic Prob: 0.156
Doc: (37, Timestamp('2021-11-30 00:00:00')), Topic Prob: 0.156
Doc: (8, Timestamp('2021-11-12 00:00:00')), Topic Prob: 0.149
Doc: (8, Timestamp('2021-11-24 00:00:00')), Topic Prob: 0.148
Doc: (70, Timestamp('2021-07-29 00:00:00')), Topic Prob: 0.147
Doc: (80, Timestamp('2021-08-16 00:00:00')), Topic Prob: 0.144
Doc: (48, Timestamp('2021-11-10 00:00:00')), Topic Prob: 0.142
Doc: (42, Timestamp('2021-11-27 00:00:00')), Topic Prob: 0.139
Doc: (36, Timestamp('2021-08-04 00:00:00')), Topic Prob: 0.139
Doc: (23, Timestamp('2021-11-23 00:00:00')), Topic Prob: 0.136
Doc: (2, Timestamp('2021-12-12 00:00:00')), Topic Prob: 0.136
Doc: (42, Timestamp('2021-11-13 00:00:00')), Topic Prob: 0.134
Doc: (7, Timestamp('2021-10-20 00:00:00')), Topic Prob: 0.131
Doc: (36, Timestamp('2021-07-16 00:00:00')), Topic Prob: 0.127
Doc: (2, Timestamp('2021-12-04 00:00:00')), Topic Prob: 0.126
Doc: (44, Timestamp('2021-12-06 00:00:00')), Topic Prob: 0.126
Doc: (80, Timestamp('2021-07-25 00:00:00')), Topic Prob: 0.124
Doc: (21, Timestamp('2021-12-07 00:00:00')), Topic Prob: 0.124
Doc: (85, Timestamp('2021-07-27 00:00:00')), Topic Prob: 0.123
Doc: (7, Timestamp('2021-11-16 00:00:00')), Topic Prob: 0.122
Doc: (8, Timestamp('2021-11-30 00:00:00')), Topic Prob: 0.122
Doc: (7, Timestamp('2021-10-29 00:00:00')), Topic Prob: 0.122
Doc: (8, Timestamp('2021-12-01 00:00:00')), Topic Prob: 0.12
Doc: (69, Timestamp('2021-11-18 00:00:00')), Topic Prob: 0.115
Doc: (47, Timestamp('2021-07-20 00:00:00')), Topic Prob: 0.115
Doc: (21, Timestamp('2021-12-06 00:00:00')), Topic Prob: 0.112
Doc: (58, Timestamp('2021-11-27 00:00:00')), Topic Prob: 0.11
Doc: (26, Timestamp('2021-08-12 00:00:00')), Topic Prob: 0.11
Doc: (37, Timestamp('2021-12-06 00:00:00')), Topic Prob: 0.11
Doc: (59, Timestamp('2021-11-22 00:00:00')), Topic Prob: 0.109
Doc: (13, Timestamp('2021-07-15 00:00:00')), Topic Prob: 0.109
Doc: (33, Timestamp('2021-08-14 00:00:00')), Topic Prob: 0.109
Doc: (47, Timestamp('2021-08-07 00:00:00')), Topic Prob: 0.108
Doc: (92, Timestamp('2021-07-31 00:00:00')), Topic Prob: 0.108
Doc: (70, Timestamp('2021-07-30 00:00:00')), Topic Prob: 0.108
------------------------------
Topic # 18
Doc: (10, Timestamp('2021-08-12 00:00:00')), Topic Prob: 0.317
Doc: (26, Timestamp('2021-08-05 00:00:00')), Topic Prob: 0.27
Doc: (53, Timestamp('2021-11-20 00:00:00')), Topic Prob: 0.269
Doc: (8, Timestamp('2021-11-11 00:00:00')), Topic Prob: 0.234
Doc: (8, Timestamp('2021-11-19 00:00:00')), Topic Prob: 0.222
Doc: (42, Timestamp('2021-12-10 00:00:00')), Topic Prob: 0.214
Doc: (8, Timestamp('2021-11-23 00:00:00')), Topic Prob: 0.213
Doc: (50, Timestamp('2021-08-01 00:00:00')), Topic Prob: 0.194
Doc: (7, Timestamp('2021-11-01 00:00:00')), Topic Prob: 0.179
Doc: (41, Timestamp('2021-11-20 00:00:00')), Topic Prob: 0.178
Doc: (23, Timestamp('2021-11-17 00:00:00')), Topic Prob: 0.176
Doc: (58, Timestamp('2021-12-05 00:00:00')), Topic Prob: 0.171
Doc: (75, Timestamp('2021-10-30 00:00:00')), Topic Prob: 0.165
Doc: (18, Timestamp('2021-07-30 00:00:00')), Topic Prob: 0.164
Doc: (68, Timestamp('2021-07-30 00:00:00')), Topic Prob: 0.163
Doc: (2, Timestamp('2021-11-25 00:00:00')), Topic Prob: 0.157
Doc: (8, Timestamp('2021-11-15 00:00:00')), Topic Prob: 0.154
Doc: (23, Timestamp('2021-11-22 00:00:00')), Topic Prob: 0.152
Doc: (85, Timestamp('2021-07-26 00:00:00')), Topic Prob: 0.15
Doc: (24, Timestamp('2021-11-01 00:00:00')), Topic Prob: 0.148
Doc: (71, Timestamp('2021-11-27 00:00:00')), Topic Prob: 0.141
Doc: (12, Timestamp('2021-07-15 00:00:00')), Topic Prob: 0.14
Doc: (36, Timestamp('2021-08-05 00:00:00')), Topic Prob: 0.14
Doc: (70, Timestamp('2021-07-21 00:00:00')), Topic Prob: 0.14
Doc: (32, Timestamp('2021-10-31 00:00:00')), Topic Prob: 0.137
Doc: (26, Timestamp('2021-08-10 00:00:00')), Topic Prob: 0.136
Doc: (11, Timestamp('2021-11-03 00:00:00')), Topic Prob: 0.136
Doc: (8, Timestamp('2021-12-10 00:00:00')), Topic Prob: 0.132
Doc: (42, Timestamp('2021-12-13 00:00:00')), Topic Prob: 0.13
Doc: (53, Timestamp('2021-12-03 00:00:00')), Topic Prob: 0.129
Doc: (64, Timestamp('2021-07-25 00:00:00')), Topic Prob: 0.129
Doc: (53, Timestamp('2021-12-02 00:00:00')), Topic Prob: 0.128
Doc: (70, Timestamp('2021-08-12 00:00:00')), Topic Prob: 0.126
Doc: (74, Timestamp('2021-08-06 00:00:00')), Topic Prob: 0.124
Doc: (53, Timestamp('2021-12-14 00:00:00')), Topic Prob: 0.124
Doc: (14, Timestamp('2021-11-01 00:00:00')), Topic Prob: 0.123
Doc: (21, Timestamp('2021-11-14 00:00:00')), Topic Prob: 0.123
Doc: (7, Timestamp('2021-11-13 00:00:00')), Topic Prob: 0.123
Doc: (3, Timestamp('2021-08-01 00:00:00')), Topic Prob: 0.118
Doc: (30, Timestamp('2021-10-23 00:00:00')), Topic Prob: 0.118
Doc: (8, Timestamp('2021-12-06 00:00:00')), Topic Prob: 0.118
Doc: (42, Timestamp('2021-12-14 00:00:00')), Topic Prob: 0.116
Doc: (42, Timestamp('2021-11-29 00:00:00')), Topic Prob: 0.113
Doc: (53, Timestamp('2021-12-05 00:00:00')), Topic Prob: 0.113
Doc: (10, Timestamp('2021-07-21 00:00:00')), Topic Prob: 0.112
Doc: (68, Timestamp('2021-07-21 00:00:00')), Topic Prob: 0.111
Doc: (81, Timestamp('2021-11-21 00:00:00')), Topic Prob: 0.11
Doc: (66, Timestamp('2021-11-17 00:00:00')), Topic Prob: 0.109
Doc: (26, Timestamp('2021-08-04 00:00:00')), Topic Prob: 0.109
------------------------------
Topic # 2
Doc: (7, Timestamp('2021-10-31 00:00:00')), Topic Prob: 0.333
Doc: (48, Timestamp('2021-11-03 00:00:00')), Topic Prob: 0.17
Doc: (8, Timestamp('2021-11-24 00:00:00')), Topic Prob: 0.16
Doc: (10, Timestamp('2021-08-05 00:00:00')), Topic Prob: 0.107
Doc: (70, Timestamp('2021-08-05 00:00:00')), Topic Prob: 0.103
Doc: (20, Timestamp('2021-08-14 00:00:00')), Topic Prob: 0.101
Doc: (48, Timestamp('2021-11-14 00:00:00')), Topic Prob: 0.098
Doc: (62, Timestamp('2021-11-24 00:00:00')), Topic Prob: 0.083
Doc: (8, Timestamp('2021-11-16 00:00:00')), Topic Prob: 0.08
Doc: (71, Timestamp('2021-12-08 00:00:00')), Topic Prob: 0.079
Doc: (78, Timestamp('2021-11-12 00:00:00')), Topic Prob: 0.078
Doc: (75, Timestamp('2021-10-30 00:00:00')), Topic Prob: 0.077
Doc: (35, Timestamp('2021-11-05 00:00:00')), Topic Prob: 0.071
Doc: (36, Timestamp('2021-08-06 00:00:00')), Topic Prob: 0.071
Doc: (26, Timestamp('2021-07-29 00:00:00')), Topic Prob: 0.065
Doc: (50, Timestamp('2021-08-11 00:00:00')), Topic Prob: 0.065
Doc: (2, Timestamp('2021-11-19 00:00:00')), Topic Prob: 0.062
Doc: (42, Timestamp('2021-11-15 00:00:00')), Topic Prob: 0.061
Doc: (62, Timestamp('2021-12-05 00:00:00')), Topic Prob: 0.06
Doc: (18, Timestamp('2021-08-12 00:00:00')), Topic Prob: 0.058
Doc: (23, Timestamp('2021-12-01 00:00:00')), Topic Prob: 0.058
Doc: (62, Timestamp('2021-11-05 00:00:00')), Topic Prob: 0.057
Doc: (48, Timestamp('2021-10-31 00:00:00')), Topic Prob: 0.054
Doc: (25, Timestamp('2021-12-08 00:00:00')), Topic Prob: 0.053
Doc: (7, Timestamp('2021-11-14 00:00:00')), Topic Prob: 0.048
Doc: (8, Timestamp('2021-11-15 00:00:00')), Topic Prob: 0.048
Doc: (42, Timestamp('2021-11-16 00:00:00')), Topic Prob: 0.047
Doc: (24, Timestamp('2021-10-29 00:00:00')), Topic Prob: 0.043
Doc: (76, Timestamp('2021-08-24 00:00:00')), Topic Prob: 0.043
Doc: (65, Timestamp('2021-11-12 00:00:00')), Topic Prob: 0.043
Doc: (8, Timestamp('2021-12-03 00:00:00')), Topic Prob: 0.043
Doc: (10, Timestamp('2021-07-30 00:00:00')), Topic Prob: 0.043
Doc: (82, Timestamp('2021-10-23 00:00:00')), Topic Prob: 0.043
Doc: (42, Timestamp('2021-11-25 00:00:00')), Topic Prob: 0.043
Doc: (62, Timestamp('2021-12-08 00:00:00')), Topic Prob: 0.043
Doc: (10, Timestamp('2021-08-14 00:00:00')), Topic Prob: 0.043
Doc: (6, Timestamp('2021-11-08 00:00:00')), Topic Prob: 0.043
Doc: (90, Timestamp('2021-07-30 00:00:00')), Topic Prob: 0.043
Doc: (8, Timestamp('2021-11-19 00:00:00')), Topic Prob: 0.043
Doc: (67, Timestamp('2021-12-06 00:00:00')), Topic Prob: 0.043
Doc: (13, Timestamp('2021-07-16 00:00:00')), Topic Prob: 0.043
Doc: (16, Timestamp('2021-11-08 00:00:00')), Topic Prob: 0.043
Doc: (16, Timestamp('2021-11-28 00:00:00')), Topic Prob: 0.043
Doc: (13, Timestamp('2021-08-04 00:00:00')), Topic Prob: 0.043
Doc: (16, Timestamp('2021-11-15 00:00:00')), Topic Prob: 0.043
Doc: (39, Timestamp('2021-12-17 00:00:00')), Topic Prob: 0.043
Doc: (20, Timestamp('2021-07-02 00:00:00')), Topic Prob: 0.043
Doc: (12, Timestamp('2021-08-14 00:00:00')), Topic Prob: 0.043
Doc: (77, Timestamp('2021-07-29 00:00:00')), Topic Prob: 0.043
------------------------------
Topic # 8
Doc: (9, Timestamp('2021-11-26 00:00:00')), Topic Prob: 0.001
Doc: (9, Timestamp('2021-11-20 00:00:00')), Topic Prob: 0.001
Doc: (4, Timestamp('2021-11-13 00:00:00')), Topic Prob: 0.001
Doc: (8, Timestamp('2021-11-16 00:00:00')), Topic Prob: 0.001
Doc: (82, Timestamp('2021-11-27 00:00:00')), Topic Prob: 0.001
Doc: (42, Timestamp('2021-12-11 00:00:00')), Topic Prob: 0.001
Doc: (41, Timestamp('2021-11-13 00:00:00')), Topic Prob: 0.001
Doc: (4, Timestamp('2021-10-31 00:00:00')), Topic Prob: 0.001
Doc: (10, Timestamp('2021-07-26 00:00:00')), Topic Prob: 0.001
Doc: (29, Timestamp('2021-07-26 00:00:00')), Topic Prob: 0.001
Doc: (82, Timestamp('2021-10-22 00:00:00')), Topic Prob: 0.001
Doc: (42, Timestamp('2021-11-19 00:00:00')), Topic Prob: 0.001
Doc: (0, Timestamp('2021-08-03 00:00:00')), Topic Prob: 0.001
Doc: (25, Timestamp('2021-12-11 00:00:00')), Topic Prob: 0.001
Doc: (21, Timestamp('2021-12-06 00:00:00')), Topic Prob: 0.001
Doc: (10, Timestamp('2021-07-17 00:00:00')), Topic Prob: 0.001
Doc: (69, Timestamp('2021-11-25 00:00:00')), Topic Prob: 0.001
Doc: (26, Timestamp('2021-08-06 00:00:00')), Topic Prob: 0.001
Doc: (4, Timestamp('2021-11-16 00:00:00')), Topic Prob: 0.001
Doc: (23, Timestamp('2021-11-16 00:00:00')), Topic Prob: 0.001
Doc: (40, Timestamp('2021-07-21 00:00:00')), Topic Prob: 0.001
Doc: (42, Timestamp('2021-11-13 00:00:00')), Topic Prob: 0.001
Doc: (36, Timestamp('2021-08-16 00:00:00')), Topic Prob: 0.001
Doc: (81, Timestamp('2021-11-30 00:00:00')), Topic Prob: 0.001
Doc: (52, Timestamp('2021-07-31 00:00:00')), Topic Prob: 0.001
Doc: (50, Timestamp('2021-07-26 00:00:00')), Topic Prob: 0.001
Doc: (69, Timestamp('2021-11-21 00:00:00')), Topic Prob: 0.001
Doc: (76, Timestamp('2021-08-30 00:00:00')), Topic Prob: 0.001
Doc: (90, Timestamp('2021-08-04 00:00:00')), Topic Prob: 0.001
Doc: (10, Timestamp('2021-07-22 00:00:00')), Topic Prob: 0.001
Doc: (12, Timestamp('2021-07-27 00:00:00')), Topic Prob: 0.001
Doc: (48, Timestamp('2021-11-03 00:00:00')), Topic Prob: 0.001
Doc: (19, Timestamp('2021-10-31 00:00:00')), Topic Prob: 0.001
Doc: (14, Timestamp('2021-11-01 00:00:00')), Topic Prob: 0.001
Doc: (4, Timestamp('2021-10-21 00:00:00')), Topic Prob: 0.001
Doc: (20, Timestamp('2021-07-09 00:00:00')), Topic Prob: 0.001
Doc: (16, Timestamp('2021-11-18 00:00:00')), Topic Prob: 0.001
Doc: (60, Timestamp('2021-11-12 00:00:00')), Topic Prob: 0.001
Doc: (47, Timestamp('2021-08-09 00:00:00')), Topic Prob: 0.001
Doc: (23, Timestamp('2021-11-11 00:00:00')), Topic Prob: 0.001
Doc: (42, Timestamp('2021-11-18 00:00:00')), Topic Prob: 0.001
Doc: (19, Timestamp('2021-10-30 00:00:00')), Topic Prob: 0.001
Doc: (78, Timestamp('2021-11-23 00:00:00')), Topic Prob: 0.001
Doc: (13, Timestamp('2021-08-07 00:00:00')), Topic Prob: 0.001
Doc: (6, Timestamp('2021-11-06 00:00:00')), Topic Prob: 0.001
Doc: (90, Timestamp('2021-07-16 00:00:00')), Topic Prob: 0.001
Doc: (53, Timestamp('2021-11-15 00:00:00')), Topic Prob: 0.001
Doc: (42, Timestamp('2021-11-16 00:00:00')), Topic Prob: 0.001
Doc: (10, Timestamp('2021-07-29 00:00:00')), Topic Prob: 0.001
------------------------------
