Levels:  [ 6. 16. 50.]
loading...
Topic # 25
Doc: (89, Timestamp('2021-11-06 00:00:00')), Topic Prob: 0.979
Doc: (7, Timestamp('2021-10-27 00:00:00')), Topic Prob: 0.979
Doc: (18, Timestamp('2021-07-17 00:00:00')), Topic Prob: 0.979
Doc: (40, Timestamp('2021-07-17 00:00:00')), Topic Prob: 0.979
Doc: (44, Timestamp('2021-11-10 00:00:00')), Topic Prob: 0.979
Doc: (44, Timestamp('2021-11-15 00:00:00')), Topic Prob: 0.979
Doc: (44, Timestamp('2021-11-22 00:00:00')), Topic Prob: 0.979
Doc: (44, Timestamp('2021-11-21 00:00:00')), Topic Prob: 0.979
Doc: (48, Timestamp('2021-10-28 00:00:00')), Topic Prob: 0.979
Doc: (44, Timestamp('2021-11-19 00:00:00')), Topic Prob: 0.979
Doc: (44, Timestamp('2021-11-18 00:00:00')), Topic Prob: 0.979
Doc: (44, Timestamp('2021-11-17 00:00:00')), Topic Prob: 0.979
Doc: (44, Timestamp('2021-11-16 00:00:00')), Topic Prob: 0.979
Doc: (44, Timestamp('2021-11-14 00:00:00')), Topic Prob: 0.979
Doc: (44, Timestamp('2021-11-24 00:00:00')), Topic Prob: 0.979
Doc: (44, Timestamp('2021-11-13 00:00:00')), Topic Prob: 0.979
Doc: (4, Timestamp('2021-10-16 00:00:00')), Topic Prob: 0.979
Doc: (44, Timestamp('2021-11-12 00:00:00')), Topic Prob: 0.979
Doc: (44, Timestamp('2021-11-11 00:00:00')), Topic Prob: 0.979
Doc: (44, Timestamp('2021-11-09 00:00:00')), Topic Prob: 0.979
Doc: (44, Timestamp('2021-11-08 00:00:00')), Topic Prob: 0.979
Doc: (44, Timestamp('2021-11-06 00:00:00')), Topic Prob: 0.979
Doc: (44, Timestamp('2021-11-05 00:00:00')), Topic Prob: 0.979
Doc: (44, Timestamp('2021-11-23 00:00:00')), Topic Prob: 0.979
Doc: (90, Timestamp('2021-08-15 00:00:00')), Topic Prob: 0.979
Doc: (90, Timestamp('2021-07-15 00:00:00')), Topic Prob: 0.979
Doc: (46, Timestamp('2021-12-07 00:00:00')), Topic Prob: 0.979
Doc: (89, Timestamp('2021-11-17 00:00:00')), Topic Prob: 0.979
Doc: (48, Timestamp('2021-10-16 00:00:00')), Topic Prob: 0.979
Doc: (48, Timestamp('2021-10-17 00:00:00')), Topic Prob: 0.979
Doc: (89, Timestamp('2021-11-07 00:00:00')), Topic Prob: 0.979
Doc: (89, Timestamp('2021-10-28 00:00:00')), Topic Prob: 0.979
Doc: (5, Timestamp('2021-10-28 00:00:00')), Topic Prob: 0.979
Doc: (5, Timestamp('2021-10-30 00:00:00')), Topic Prob: 0.979
Doc: (46, Timestamp('2021-12-08 00:00:00')), Topic Prob: 0.979
Doc: (5, Timestamp('2021-11-18 00:00:00')), Topic Prob: 0.979
Doc: (84, Timestamp('2021-07-19 00:00:00')), Topic Prob: 0.979
Doc: (46, Timestamp('2021-11-26 00:00:00')), Topic Prob: 0.979
Doc: (5, Timestamp('2021-11-25 00:00:00')), Topic Prob: 0.979
Doc: (46, Timestamp('2021-11-24 00:00:00')), Topic Prob: 0.979
Doc: (46, Timestamp('2021-11-18 00:00:00')), Topic Prob: 0.979
Doc: (46, Timestamp('2021-11-17 00:00:00')), Topic Prob: 0.979
Doc: (44, Timestamp('2021-11-27 00:00:00')), Topic Prob: 0.979
Doc: (44, Timestamp('2021-11-26 00:00:00')), Topic Prob: 0.979
Doc: (44, Timestamp('2021-11-25 00:00:00')), Topic Prob: 0.979
Doc: (41, Timestamp('2021-12-10 00:00:00')), Topic Prob: 0.979
Doc: (41, Timestamp('2021-12-08 00:00:00')), Topic Prob: 0.979
Doc: (62, Timestamp('2021-12-04 00:00:00')), Topic Prob: 0.979
Doc: (66, Timestamp('2021-11-14 00:00:00')), Topic Prob: 0.979
------------------------------
Topic # 9
Doc: (10, Timestamp('2021-08-02 00:00:00')), Topic Prob: 0.979
Doc: (11, Timestamp('2021-10-28 00:00:00')), Topic Prob: 0.979
Doc: (39, Timestamp('2021-12-06 00:00:00')), Topic Prob: 0.979
Doc: (1, Timestamp('2021-08-14 00:00:00')), Topic Prob: 0.979
Doc: (84, Timestamp('2021-08-16 00:00:00')), Topic Prob: 0.979
Doc: (7, Timestamp('2021-10-31 00:00:00')), Topic Prob: 0.979
Doc: (18, Timestamp('2021-08-01 00:00:00')), Topic Prob: 0.979
Doc: (32, Timestamp('2021-11-21 00:00:00')), Topic Prob: 0.979
Doc: (10, Timestamp('2021-07-30 00:00:00')), Topic Prob: 0.979
Doc: (53, Timestamp('2021-11-19 00:00:00')), Topic Prob: 0.979
Doc: (24, Timestamp('2021-11-23 00:00:00')), Topic Prob: 0.979
Doc: (50, Timestamp('2021-08-11 00:00:00')), Topic Prob: 0.979
Doc: (28, Timestamp('2021-08-22 00:00:00')), Topic Prob: 0.979
Doc: (50, Timestamp('2021-07-30 00:00:00')), Topic Prob: 0.979
Doc: (39, Timestamp('2021-12-15 00:00:00')), Topic Prob: 0.979
Doc: (10, Timestamp('2021-08-09 00:00:00')), Topic Prob: 0.979
Doc: (12, Timestamp('2021-07-25 00:00:00')), Topic Prob: 0.979
Doc: (8, Timestamp('2021-11-27 00:00:00')), Topic Prob: 0.979
Doc: (24, Timestamp('2021-11-03 00:00:00')), Topic Prob: 0.979
Doc: (81, Timestamp('2021-11-26 00:00:00')), Topic Prob: 0.979
Doc: (50, Timestamp('2021-07-23 00:00:00')), Topic Prob: 0.979
Doc: (3, Timestamp('2021-07-18 00:00:00')), Topic Prob: 0.979
Doc: (67, Timestamp('2021-11-14 00:00:00')), Topic Prob: 0.979
Doc: (12, Timestamp('2021-08-05 00:00:00')), Topic Prob: 0.979
Doc: (14, Timestamp('2021-11-12 00:00:00')), Topic Prob: 0.979
Doc: (8, Timestamp('2021-11-16 00:00:00')), Topic Prob: 0.958
Doc: (50, Timestamp('2021-07-24 00:00:00')), Topic Prob: 0.958
Doc: (41, Timestamp('2021-11-20 00:00:00')), Topic Prob: 0.957
Doc: (11, Timestamp('2021-11-07 00:00:00')), Topic Prob: 0.946
Doc: (8, Timestamp('2021-11-24 00:00:00')), Topic Prob: 0.945
Doc: (85, Timestamp('2021-07-29 00:00:00')), Topic Prob: 0.938
Doc: (35, Timestamp('2021-12-04 00:00:00')), Topic Prob: 0.937
Doc: (71, Timestamp('2021-12-06 00:00:00')), Topic Prob: 0.936
Doc: (73, Timestamp('2021-10-29 00:00:00')), Topic Prob: 0.927
Doc: (31, Timestamp('2021-11-09 00:00:00')), Topic Prob: 0.916
Doc: (10, Timestamp('2021-07-31 00:00:00')), Topic Prob: 0.914
Doc: (50, Timestamp('2021-08-12 00:00:00')), Topic Prob: 0.908
Doc: (12, Timestamp('2021-08-08 00:00:00')), Topic Prob: 0.903
Doc: (50, Timestamp('2021-08-17 00:00:00')), Topic Prob: 0.901
Doc: (28, Timestamp('2021-08-08 00:00:00')), Topic Prob: 0.896
Doc: (78, Timestamp('2021-11-28 00:00:00')), Topic Prob: 0.895
Doc: (51, Timestamp('2021-08-15 00:00:00')), Topic Prob: 0.891
Doc: (19, Timestamp('2021-11-05 00:00:00')), Topic Prob: 0.882
Doc: (27, Timestamp('2021-11-21 00:00:00')), Topic Prob: 0.881
Doc: (42, Timestamp('2021-11-17 00:00:00')), Topic Prob: 0.881
Doc: (53, Timestamp('2021-11-20 00:00:00')), Topic Prob: 0.878
Doc: (1, Timestamp('2021-07-25 00:00:00')), Topic Prob: 0.878
Doc: (10, Timestamp('2021-07-28 00:00:00')), Topic Prob: 0.876
Doc: (82, Timestamp('2021-12-05 00:00:00')), Topic Prob: 0.873
------------------------------
Topic # 7
Doc: (43, Timestamp('2021-08-28 00:00:00')), Topic Prob: 0.979
Doc: (83, Timestamp('2021-07-31 00:00:00')), Topic Prob: 0.979
Doc: (21, Timestamp('2021-11-15 00:00:00')), Topic Prob: 0.979
Doc: (53, Timestamp('2021-11-22 00:00:00')), Topic Prob: 0.979
Doc: (68, Timestamp('2021-08-06 00:00:00')), Topic Prob: 0.958
Doc: (43, Timestamp('2021-09-02 00:00:00')), Topic Prob: 0.935
Doc: (43, Timestamp('2021-09-05 00:00:00')), Topic Prob: 0.926
Doc: (10, Timestamp('2021-08-16 00:00:00')), Topic Prob: 0.923
Doc: (80, Timestamp('2021-07-28 00:00:00')), Topic Prob: 0.919
Doc: (43, Timestamp('2021-08-27 00:00:00')), Topic Prob: 0.901
Doc: (43, Timestamp('2021-08-30 00:00:00')), Topic Prob: 0.898
Doc: (51, Timestamp('2021-07-26 00:00:00')), Topic Prob: 0.894
Doc: (59, Timestamp('2021-12-18 00:00:00')), Topic Prob: 0.89
Doc: (80, Timestamp('2021-07-23 00:00:00')), Topic Prob: 0.888
Doc: (74, Timestamp('2021-08-14 00:00:00')), Topic Prob: 0.883
Doc: (43, Timestamp('2021-09-10 00:00:00')), Topic Prob: 0.868
Doc: (43, Timestamp('2021-09-14 00:00:00')), Topic Prob: 0.86
Doc: (14, Timestamp('2021-10-19 00:00:00')), Topic Prob: 0.835
Doc: (43, Timestamp('2021-09-09 00:00:00')), Topic Prob: 0.826
Doc: (68, Timestamp('2021-08-02 00:00:00')), Topic Prob: 0.823
Doc: (14, Timestamp('2021-10-18 00:00:00')), Topic Prob: 0.821
Doc: (80, Timestamp('2021-07-22 00:00:00')), Topic Prob: 0.817
Doc: (83, Timestamp('2021-07-24 00:00:00')), Topic Prob: 0.808
Doc: (83, Timestamp('2021-08-06 00:00:00')), Topic Prob: 0.807
Doc: (43, Timestamp('2021-09-25 00:00:00')), Topic Prob: 0.801
Doc: (43, Timestamp('2021-08-20 00:00:00')), Topic Prob: 0.796
Doc: (43, Timestamp('2021-09-01 00:00:00')), Topic Prob: 0.79
Doc: (43, Timestamp('2021-09-13 00:00:00')), Topic Prob: 0.781
Doc: (43, Timestamp('2021-09-21 00:00:00')), Topic Prob: 0.778
Doc: (14, Timestamp('2021-10-26 00:00:00')), Topic Prob: 0.777
Doc: (85, Timestamp('2021-08-09 00:00:00')), Topic Prob: 0.777
Doc: (72, Timestamp('2021-08-13 00:00:00')), Topic Prob: 0.777
Doc: (31, Timestamp('2021-11-16 00:00:00')), Topic Prob: 0.774
Doc: (43, Timestamp('2021-09-18 00:00:00')), Topic Prob: 0.772
Doc: (64, Timestamp('2021-07-27 00:00:00')), Topic Prob: 0.77
Doc: (0, Timestamp('2021-08-11 00:00:00')), Topic Prob: 0.76
Doc: (43, Timestamp('2021-08-29 00:00:00')), Topic Prob: 0.751
Doc: (43, Timestamp('2021-08-22 00:00:00')), Topic Prob: 0.75
Doc: (31, Timestamp('2021-11-15 00:00:00')), Topic Prob: 0.75
Doc: (43, Timestamp('2021-08-24 00:00:00')), Topic Prob: 0.75
Doc: (28, Timestamp('2021-07-30 00:00:00')), Topic Prob: 0.747
Doc: (14, Timestamp('2021-11-06 00:00:00')), Topic Prob: 0.738
Doc: (85, Timestamp('2021-08-13 00:00:00')), Topic Prob: 0.737
Doc: (83, Timestamp('2021-07-21 00:00:00')), Topic Prob: 0.736
Doc: (14, Timestamp('2021-10-27 00:00:00')), Topic Prob: 0.729
Doc: (0, Timestamp('2021-07-21 00:00:00')), Topic Prob: 0.727
Doc: (43, Timestamp('2021-08-25 00:00:00')), Topic Prob: 0.724
Doc: (33, Timestamp('2021-08-02 00:00:00')), Topic Prob: 0.719
Doc: (75, Timestamp('2021-10-30 00:00:00')), Topic Prob: 0.715
------------------------------
Topic # 18
Doc: (59, Timestamp('2021-11-21 00:00:00')), Topic Prob: 0.818
Doc: (72, Timestamp('2021-07-24 00:00:00')), Topic Prob: 0.725
Doc: (34, Timestamp('2021-11-22 00:00:00')), Topic Prob: 0.718
Doc: (34, Timestamp('2021-11-27 00:00:00')), Topic Prob: 0.701
Doc: (59, Timestamp('2021-12-17 00:00:00')), Topic Prob: 0.698
Doc: (59, Timestamp('2021-12-05 00:00:00')), Topic Prob: 0.697
Doc: (33, Timestamp('2021-07-23 00:00:00')), Topic Prob: 0.694
Doc: (84, Timestamp('2021-08-05 00:00:00')), Topic Prob: 0.692
Doc: (33, Timestamp('2021-07-19 00:00:00')), Topic Prob: 0.666
Doc: (36, Timestamp('2021-08-02 00:00:00')), Topic Prob: 0.664
Doc: (33, Timestamp('2021-07-17 00:00:00')), Topic Prob: 0.66
Doc: (72, Timestamp('2021-07-14 00:00:00')), Topic Prob: 0.66
Doc: (21, Timestamp('2021-11-20 00:00:00')), Topic Prob: 0.658
Doc: (34, Timestamp('2021-10-28 00:00:00')), Topic Prob: 0.648
Doc: (34, Timestamp('2021-11-02 00:00:00')), Topic Prob: 0.645
Doc: (33, Timestamp('2021-07-30 00:00:00')), Topic Prob: 0.634
Doc: (59, Timestamp('2021-12-03 00:00:00')), Topic Prob: 0.623
Doc: (0, Timestamp('2021-07-15 00:00:00')), Topic Prob: 0.616
Doc: (59, Timestamp('2021-12-13 00:00:00')), Topic Prob: 0.616
Doc: (59, Timestamp('2021-12-09 00:00:00')), Topic Prob: 0.616
Doc: (74, Timestamp('2021-07-19 00:00:00')), Topic Prob: 0.61
Doc: (43, Timestamp('2021-09-16 00:00:00')), Topic Prob: 0.609
Doc: (34, Timestamp('2021-10-29 00:00:00')), Topic Prob: 0.609
Doc: (51, Timestamp('2021-08-17 00:00:00')), Topic Prob: 0.6
Doc: (72, Timestamp('2021-07-19 00:00:00')), Topic Prob: 0.596
Doc: (59, Timestamp('2021-12-10 00:00:00')), Topic Prob: 0.59
Doc: (6, Timestamp('2021-11-13 00:00:00')), Topic Prob: 0.59
Doc: (82, Timestamp('2021-11-08 00:00:00')), Topic Prob: 0.589
Doc: (72, Timestamp('2021-08-07 00:00:00')), Topic Prob: 0.589
Doc: (2, Timestamp('2021-12-05 00:00:00')), Topic Prob: 0.588
Doc: (72, Timestamp('2021-07-31 00:00:00')), Topic Prob: 0.583
Doc: (33, Timestamp('2021-07-16 00:00:00')), Topic Prob: 0.579
Doc: (74, Timestamp('2021-08-16 00:00:00')), Topic Prob: 0.565
Doc: (0, Timestamp('2021-07-22 00:00:00')), Topic Prob: 0.563
Doc: (72, Timestamp('2021-08-04 00:00:00')), Topic Prob: 0.559
Doc: (6, Timestamp('2021-10-31 00:00:00')), Topic Prob: 0.553
Doc: (33, Timestamp('2021-07-27 00:00:00')), Topic Prob: 0.552
Doc: (82, Timestamp('2021-11-10 00:00:00')), Topic Prob: 0.552
Doc: (26, Timestamp('2021-08-02 00:00:00')), Topic Prob: 0.551
Doc: (42, Timestamp('2021-11-19 00:00:00')), Topic Prob: 0.548
Doc: (43, Timestamp('2021-09-19 00:00:00')), Topic Prob: 0.547
Doc: (68, Timestamp('2021-08-11 00:00:00')), Topic Prob: 0.54
Doc: (33, Timestamp('2021-07-28 00:00:00')), Topic Prob: 0.534
Doc: (34, Timestamp('2021-11-25 00:00:00')), Topic Prob: 0.521
Doc: (68, Timestamp('2021-08-07 00:00:00')), Topic Prob: 0.512
Doc: (72, Timestamp('2021-08-08 00:00:00')), Topic Prob: 0.51
Doc: (55, Timestamp('2021-11-09 00:00:00')), Topic Prob: 0.509
Doc: (34, Timestamp('2021-11-20 00:00:00')), Topic Prob: 0.503
Doc: (72, Timestamp('2021-08-05 00:00:00')), Topic Prob: 0.502
------------------------------
Topic # 22
Doc: (82, Timestamp('2021-11-11 00:00:00')), Topic Prob: 0.602
Doc: (3, Timestamp('2021-08-13 00:00:00')), Topic Prob: 0.509
Doc: (3, Timestamp('2021-08-16 00:00:00')), Topic Prob: 0.493
Doc: (53, Timestamp('2021-12-13 00:00:00')), Topic Prob: 0.484
Doc: (23, Timestamp('2021-12-02 00:00:00')), Topic Prob: 0.464
Doc: (3, Timestamp('2021-08-04 00:00:00')), Topic Prob: 0.454
Doc: (3, Timestamp('2021-08-09 00:00:00')), Topic Prob: 0.449
Doc: (3, Timestamp('2021-07-16 00:00:00')), Topic Prob: 0.441
Doc: (11, Timestamp('2021-10-31 00:00:00')), Topic Prob: 0.438
Doc: (80, Timestamp('2021-07-30 00:00:00')), Topic Prob: 0.432
Doc: (70, Timestamp('2021-07-29 00:00:00')), Topic Prob: 0.43
Doc: (28, Timestamp('2021-07-21 00:00:00')), Topic Prob: 0.429
Doc: (69, Timestamp('2021-11-05 00:00:00')), Topic Prob: 0.424
Doc: (3, Timestamp('2021-07-23 00:00:00')), Topic Prob: 0.423
Doc: (77, Timestamp('2021-08-08 00:00:00')), Topic Prob: 0.423
Doc: (80, Timestamp('2021-08-13 00:00:00')), Topic Prob: 0.422
Doc: (3, Timestamp('2021-08-02 00:00:00')), Topic Prob: 0.418
Doc: (42, Timestamp('2021-12-14 00:00:00')), Topic Prob: 0.418
Doc: (22, Timestamp('2021-11-10 00:00:00')), Topic Prob: 0.396
Doc: (3, Timestamp('2021-08-10 00:00:00')), Topic Prob: 0.391
Doc: (69, Timestamp('2021-11-25 00:00:00')), Topic Prob: 0.391
Doc: (80, Timestamp('2021-08-10 00:00:00')), Topic Prob: 0.386
Doc: (40, Timestamp('2021-07-18 00:00:00')), Topic Prob: 0.385
Doc: (34, Timestamp('2021-11-16 00:00:00')), Topic Prob: 0.384
Doc: (58, Timestamp('2021-12-06 00:00:00')), Topic Prob: 0.379
Doc: (69, Timestamp('2021-11-17 00:00:00')), Topic Prob: 0.378
Doc: (10, Timestamp('2021-07-29 00:00:00')), Topic Prob: 0.378
Doc: (42, Timestamp('2021-12-09 00:00:00')), Topic Prob: 0.377
Doc: (29, Timestamp('2021-07-30 00:00:00')), Topic Prob: 0.375
Doc: (58, Timestamp('2021-11-30 00:00:00')), Topic Prob: 0.373
Doc: (83, Timestamp('2021-07-30 00:00:00')), Topic Prob: 0.371
Doc: (80, Timestamp('2021-08-05 00:00:00')), Topic Prob: 0.37
Doc: (28, Timestamp('2021-07-31 00:00:00')), Topic Prob: 0.361
Doc: (3, Timestamp('2021-07-26 00:00:00')), Topic Prob: 0.36
Doc: (0, Timestamp('2021-07-30 00:00:00')), Topic Prob: 0.358
Doc: (3, Timestamp('2021-07-19 00:00:00')), Topic Prob: 0.354
Doc: (3, Timestamp('2021-08-03 00:00:00')), Topic Prob: 0.348
Doc: (76, Timestamp('2021-08-28 00:00:00')), Topic Prob: 0.344
Doc: (22, Timestamp('2021-11-02 00:00:00')), Topic Prob: 0.343
Doc: (78, Timestamp('2021-12-12 00:00:00')), Topic Prob: 0.342
Doc: (31, Timestamp('2021-10-19 00:00:00')), Topic Prob: 0.341
Doc: (29, Timestamp('2021-07-24 00:00:00')), Topic Prob: 0.339
Doc: (80, Timestamp('2021-07-26 00:00:00')), Topic Prob: 0.337
Doc: (81, Timestamp('2021-12-08 00:00:00')), Topic Prob: 0.334
Doc: (80, Timestamp('2021-08-06 00:00:00')), Topic Prob: 0.332
Doc: (3, Timestamp('2021-07-22 00:00:00')), Topic Prob: 0.331
Doc: (69, Timestamp('2021-11-23 00:00:00')), Topic Prob: 0.327
Doc: (3, Timestamp('2021-07-29 00:00:00')), Topic Prob: 0.326
Doc: (70, Timestamp('2021-08-02 00:00:00')), Topic Prob: 0.325
------------------------------
Topic # 17
Doc: (39, Timestamp('2021-12-05 00:00:00')), Topic Prob: 0.291
Doc: (59, Timestamp('2021-12-09 00:00:00')), Topic Prob: 0.229
Doc: (59, Timestamp('2021-12-15 00:00:00')), Topic Prob: 0.226
Doc: (3, Timestamp('2021-07-27 00:00:00')), Topic Prob: 0.221
Doc: (80, Timestamp('2021-07-18 00:00:00')), Topic Prob: 0.201
Doc: (3, Timestamp('2021-07-31 00:00:00')), Topic Prob: 0.186
Doc: (23, Timestamp('2021-11-28 00:00:00')), Topic Prob: 0.181
Doc: (82, Timestamp('2021-10-20 00:00:00')), Topic Prob: 0.178
Doc: (35, Timestamp('2021-12-06 00:00:00')), Topic Prob: 0.177
Doc: (84, Timestamp('2021-07-25 00:00:00')), Topic Prob: 0.176
Doc: (22, Timestamp('2021-11-22 00:00:00')), Topic Prob: 0.161
Doc: (69, Timestamp('2021-11-02 00:00:00')), Topic Prob: 0.157
Doc: (70, Timestamp('2021-07-17 00:00:00')), Topic Prob: 0.155
Doc: (37, Timestamp('2021-11-29 00:00:00')), Topic Prob: 0.152
Doc: (29, Timestamp('2021-07-23 00:00:00')), Topic Prob: 0.149
Doc: (35, Timestamp('2021-11-11 00:00:00')), Topic Prob: 0.148
Doc: (68, Timestamp('2021-08-12 00:00:00')), Topic Prob: 0.148
Doc: (83, Timestamp('2021-07-28 00:00:00')), Topic Prob: 0.145
Doc: (69, Timestamp('2021-10-29 00:00:00')), Topic Prob: 0.143
Doc: (72, Timestamp('2021-07-16 00:00:00')), Topic Prob: 0.142
Doc: (59, Timestamp('2021-12-14 00:00:00')), Topic Prob: 0.139
Doc: (28, Timestamp('2021-08-14 00:00:00')), Topic Prob: 0.136
Doc: (35, Timestamp('2021-11-28 00:00:00')), Topic Prob: 0.135
Doc: (7, Timestamp('2021-10-20 00:00:00')), Topic Prob: 0.135
Doc: (69, Timestamp('2021-11-22 00:00:00')), Topic Prob: 0.133
Doc: (82, Timestamp('2021-10-18 00:00:00')), Topic Prob: 0.129
Doc: (80, Timestamp('2021-07-29 00:00:00')), Topic Prob: 0.128
Doc: (82, Timestamp('2021-12-06 00:00:00')), Topic Prob: 0.128
Doc: (23, Timestamp('2021-11-22 00:00:00')), Topic Prob: 0.128
Doc: (29, Timestamp('2021-07-17 00:00:00')), Topic Prob: 0.128
Doc: (41, Timestamp('2021-11-12 00:00:00')), Topic Prob: 0.128
Doc: (50, Timestamp('2021-08-02 00:00:00')), Topic Prob: 0.127
Doc: (71, Timestamp('2021-11-23 00:00:00')), Topic Prob: 0.127
Doc: (82, Timestamp('2021-12-03 00:00:00')), Topic Prob: 0.125
Doc: (29, Timestamp('2021-08-16 00:00:00')), Topic Prob: 0.125
Doc: (26, Timestamp('2021-07-16 00:00:00')), Topic Prob: 0.122
Doc: (29, Timestamp('2021-07-31 00:00:00')), Topic Prob: 0.122
Doc: (13, Timestamp('2021-07-26 00:00:00')), Topic Prob: 0.12
Doc: (80, Timestamp('2021-07-20 00:00:00')), Topic Prob: 0.12
Doc: (33, Timestamp('2021-08-13 00:00:00')), Topic Prob: 0.118
Doc: (23, Timestamp('2021-11-21 00:00:00')), Topic Prob: 0.116
Doc: (92, Timestamp('2021-08-05 00:00:00')), Topic Prob: 0.116
Doc: (72, Timestamp('2021-08-15 00:00:00')), Topic Prob: 0.116
Doc: (0, Timestamp('2021-07-29 00:00:00')), Topic Prob: 0.114
Doc: (90, Timestamp('2021-08-04 00:00:00')), Topic Prob: 0.114
Doc: (33, Timestamp('2021-08-15 00:00:00')), Topic Prob: 0.113
Doc: (42, Timestamp('2021-11-15 00:00:00')), Topic Prob: 0.113
Doc: (78, Timestamp('2021-11-26 00:00:00')), Topic Prob: 0.112
Doc: (0, Timestamp('2021-08-06 00:00:00')), Topic Prob: 0.112
------------------------------
Topic # 0
Doc: (0, Timestamp('2021-08-16 00:00:00')), Topic Prob: 0.169
Doc: (6, Timestamp('2021-11-01 00:00:00')), Topic Prob: 0.147
Doc: (71, Timestamp('2021-11-29 00:00:00')), Topic Prob: 0.124
Doc: (68, Timestamp('2021-08-14 00:00:00')), Topic Prob: 0.103
Doc: (36, Timestamp('2021-08-09 00:00:00')), Topic Prob: 0.098
Doc: (2, Timestamp('2021-12-03 00:00:00')), Topic Prob: 0.091
Doc: (88, Timestamp('2021-11-22 00:00:00')), Topic Prob: 0.089
Doc: (42, Timestamp('2021-11-26 00:00:00')), Topic Prob: 0.088
Doc: (3, Timestamp('2021-08-01 00:00:00')), Topic Prob: 0.086
Doc: (25, Timestamp('2021-12-08 00:00:00')), Topic Prob: 0.083
Doc: (28, Timestamp('2021-08-21 00:00:00')), Topic Prob: 0.081
Doc: (78, Timestamp('2021-12-08 00:00:00')), Topic Prob: 0.078
Doc: (65, Timestamp('2021-11-16 00:00:00')), Topic Prob: 0.078
Doc: (36, Timestamp('2021-07-26 00:00:00')), Topic Prob: 0.075
Doc: (85, Timestamp('2021-08-12 00:00:00')), Topic Prob: 0.074
Doc: (88, Timestamp('2021-11-23 00:00:00')), Topic Prob: 0.065
Doc: (78, Timestamp('2021-11-25 00:00:00')), Topic Prob: 0.065
Doc: (50, Timestamp('2021-08-03 00:00:00')), Topic Prob: 0.065
Doc: (37, Timestamp('2021-11-12 00:00:00')), Topic Prob: 0.064
Doc: (78, Timestamp('2021-11-17 00:00:00')), Topic Prob: 0.063
Doc: (27, Timestamp('2021-11-19 00:00:00')), Topic Prob: 0.062
Doc: (70, Timestamp('2021-07-24 00:00:00')), Topic Prob: 0.062
Doc: (88, Timestamp('2021-10-27 00:00:00')), Topic Prob: 0.058
Doc: (75, Timestamp('2021-11-07 00:00:00')), Topic Prob: 0.058
Doc: (51, Timestamp('2021-07-20 00:00:00')), Topic Prob: 0.058
Doc: (22, Timestamp('2021-10-27 00:00:00')), Topic Prob: 0.058
Doc: (36, Timestamp('2021-07-24 00:00:00')), Topic Prob: 0.057
Doc: (10, Timestamp('2021-08-16 00:00:00')), Topic Prob: 0.057
Doc: (2, Timestamp('2021-12-08 00:00:00')), Topic Prob: 0.056
Doc: (52, Timestamp('2021-07-25 00:00:00')), Topic Prob: 0.055
Doc: (38, Timestamp('2021-11-16 00:00:00')), Topic Prob: 0.054
Doc: (59, Timestamp('2021-12-18 00:00:00')), Topic Prob: 0.053
Doc: (63, Timestamp('2021-08-07 00:00:00')), Topic Prob: 0.05
Doc: (81, Timestamp('2021-11-21 00:00:00')), Topic Prob: 0.049
Doc: (53, Timestamp('2021-11-24 00:00:00')), Topic Prob: 0.049
Doc: (72, Timestamp('2021-08-14 00:00:00')), Topic Prob: 0.049
Doc: (59, Timestamp('2021-12-08 00:00:00')), Topic Prob: 0.046
Doc: (4, Timestamp('2021-11-04 00:00:00')), Topic Prob: 0.045
Doc: (83, Timestamp('2021-08-12 00:00:00')), Topic Prob: 0.043
Doc: (85, Timestamp('2021-08-03 00:00:00')), Topic Prob: 0.043
Doc: (38, Timestamp('2021-11-08 00:00:00')), Topic Prob: 0.043
Doc: (11, Timestamp('2021-10-25 00:00:00')), Topic Prob: 0.043
Doc: (28, Timestamp('2021-07-25 00:00:00')), Topic Prob: 0.043
Doc: (0, Timestamp('2021-08-02 00:00:00')), Topic Prob: 0.043
Doc: (72, Timestamp('2021-07-28 00:00:00')), Topic Prob: 0.043
Doc: (43, Timestamp('2021-09-27 00:00:00')), Topic Prob: 0.043
Doc: (54, Timestamp('2021-07-18 00:00:00')), Topic Prob: 0.042
Doc: (36, Timestamp('2021-07-28 00:00:00')), Topic Prob: 0.041
Doc: (36, Timestamp('2021-08-02 00:00:00')), Topic Prob: 0.041
------------------------------
Topic # 27
Doc: (12, Timestamp('2021-07-18 00:00:00')), Topic Prob: 0.145
Doc: (38, Timestamp('2021-10-20 00:00:00')), Topic Prob: 0.086
Doc: (65, Timestamp('2021-11-10 00:00:00')), Topic Prob: 0.065
Doc: (3, Timestamp('2021-08-12 00:00:00')), Topic Prob: 0.065
Doc: (58, Timestamp('2021-12-05 00:00:00')), Topic Prob: 0.065
Doc: (18, Timestamp('2021-07-25 00:00:00')), Topic Prob: 0.065
Doc: (24, Timestamp('2021-10-28 00:00:00')), Topic Prob: 0.065
Doc: (2, Timestamp('2021-11-14 00:00:00')), Topic Prob: 0.065
Doc: (56, Timestamp('2021-07-25 00:00:00')), Topic Prob: 0.065
Doc: (31, Timestamp('2021-11-09 00:00:00')), Topic Prob: 0.065
Doc: (92, Timestamp('2021-08-21 00:00:00')), Topic Prob: 0.058
Doc: (58, Timestamp('2021-11-22 00:00:00')), Topic Prob: 0.043
Doc: (14, Timestamp('2021-10-29 00:00:00')), Topic Prob: 0.043
Doc: (70, Timestamp('2021-07-26 00:00:00')), Topic Prob: 0.043
Doc: (16, Timestamp('2021-11-27 00:00:00')), Topic Prob: 0.043
Doc: (78, Timestamp('2021-11-29 00:00:00')), Topic Prob: 0.043
Doc: (82, Timestamp('2021-10-22 00:00:00')), Topic Prob: 0.043
Doc: (58, Timestamp('2021-12-11 00:00:00')), Topic Prob: 0.043
Doc: (11, Timestamp('2021-11-15 00:00:00')), Topic Prob: 0.043
Doc: (3, Timestamp('2021-07-31 00:00:00')), Topic Prob: 0.043
Doc: (51, Timestamp('2021-07-31 00:00:00')), Topic Prob: 0.043
Doc: (10, Timestamp('2021-08-01 00:00:00')), Topic Prob: 0.043
Doc: (92, Timestamp('2021-07-26 00:00:00')), Topic Prob: 0.043
Doc: (82, Timestamp('2021-10-23 00:00:00')), Topic Prob: 0.043
Doc: (10, Timestamp('2021-07-28 00:00:00')), Topic Prob: 0.043
Doc: (3, Timestamp('2021-07-29 00:00:00')), Topic Prob: 0.043
Doc: (78, Timestamp('2021-11-18 00:00:00')), Topic Prob: 0.043
Doc: (91, Timestamp('2021-11-13 00:00:00')), Topic Prob: 0.043
Doc: (2, Timestamp('2021-11-27 00:00:00')), Topic Prob: 0.043
Doc: (58, Timestamp('2021-12-12 00:00:00')), Topic Prob: 0.043
Doc: (51, Timestamp('2021-08-16 00:00:00')), Topic Prob: 0.043
Doc: (55, Timestamp('2021-11-15 00:00:00')), Topic Prob: 0.043
Doc: (8, Timestamp('2021-11-11 00:00:00')), Topic Prob: 0.043
Doc: (56, Timestamp('2021-07-17 00:00:00')), Topic Prob: 0.043
Doc: (24, Timestamp('2021-10-29 00:00:00')), Topic Prob: 0.043
Doc: (50, Timestamp('2021-07-17 00:00:00')), Topic Prob: 0.043
Doc: (16, Timestamp('2021-11-19 00:00:00')), Topic Prob: 0.043
Doc: (38, Timestamp('2021-11-02 00:00:00')), Topic Prob: 0.043
Doc: (35, Timestamp('2021-11-05 00:00:00')), Topic Prob: 0.043
Doc: (68, Timestamp('2021-08-13 00:00:00')), Topic Prob: 0.043
Doc: (64, Timestamp('2021-07-26 00:00:00')), Topic Prob: 0.043
Doc: (50, Timestamp('2021-07-18 00:00:00')), Topic Prob: 0.043
Doc: (28, Timestamp('2021-08-13 00:00:00')), Topic Prob: 0.043
Doc: (50, Timestamp('2021-08-05 00:00:00')), Topic Prob: 0.043
Doc: (4, Timestamp('2021-11-06 00:00:00')), Topic Prob: 0.043
Doc: (67, Timestamp('2021-11-27 00:00:00')), Topic Prob: 0.043
Doc: (47, Timestamp('2021-07-30 00:00:00')), Topic Prob: 0.043
Doc: (46, Timestamp('2021-11-27 00:00:00')), Topic Prob: 0.043
Doc: (27, Timestamp('2021-11-24 00:00:00')), Topic Prob: 0.043
------------------------------
Topic # 24
Doc: (34, Timestamp('2021-11-07 00:00:00')), Topic Prob: 0.142
Doc: (22, Timestamp('2021-11-04 00:00:00')), Topic Prob: 0.115
Doc: (8, Timestamp('2021-12-11 00:00:00')), Topic Prob: 0.065
Doc: (84, Timestamp('2021-08-14 00:00:00')), Topic Prob: 0.065
Doc: (85, Timestamp('2021-07-24 00:00:00')), Topic Prob: 0.065
Doc: (77, Timestamp('2021-08-06 00:00:00')), Topic Prob: 0.055
Doc: (73, Timestamp('2021-11-14 00:00:00')), Topic Prob: 0.043
Doc: (85, Timestamp('2021-07-20 00:00:00')), Topic Prob: 0.043
Doc: (75, Timestamp('2021-10-28 00:00:00')), Topic Prob: 0.043
Doc: (22, Timestamp('2021-11-11 00:00:00')), Topic Prob: 0.043
Doc: (91, Timestamp('2021-11-14 00:00:00')), Topic Prob: 0.043
Doc: (37, Timestamp('2021-12-04 00:00:00')), Topic Prob: 0.043
Doc: (24, Timestamp('2021-10-30 00:00:00')), Topic Prob: 0.043
Doc: (64, Timestamp('2021-08-16 00:00:00')), Topic Prob: 0.043
Doc: (51, Timestamp('2021-08-16 00:00:00')), Topic Prob: 0.043
Doc: (84, Timestamp('2021-08-07 00:00:00')), Topic Prob: 0.043
Doc: (47, Timestamp('2021-07-02 00:00:00')), Topic Prob: 0.043
Doc: (18, Timestamp('2021-08-12 00:00:00')), Topic Prob: 0.043
Doc: (10, Timestamp('2021-07-29 00:00:00')), Topic Prob: 0.043
Doc: (1, Timestamp('2021-07-18 00:00:00')), Topic Prob: 0.043
Doc: (32, Timestamp('2021-11-05 00:00:00')), Topic Prob: 0.043
Doc: (76, Timestamp('2021-08-17 00:00:00')), Topic Prob: 0.043
Doc: (62, Timestamp('2021-11-26 00:00:00')), Topic Prob: 0.043
Doc: (46, Timestamp('2021-12-02 00:00:00')), Topic Prob: 0.043
Doc: (47, Timestamp('2021-08-12 00:00:00')), Topic Prob: 0.043
Doc: (83, Timestamp('2021-08-21 00:00:00')), Topic Prob: 0.043
Doc: (63, Timestamp('2021-07-27 00:00:00')), Topic Prob: 0.041
Doc: (31, Timestamp('2021-11-04 00:00:00')), Topic Prob: 0.041
Doc: (72, Timestamp('2021-08-03 00:00:00')), Topic Prob: 0.037
Doc: (36, Timestamp('2021-08-04 00:00:00')), Topic Prob: 0.036
Doc: (92, Timestamp('2021-07-21 00:00:00')), Topic Prob: 0.028
Doc: (2, Timestamp('2021-12-06 00:00:00')), Topic Prob: 0.022
Doc: (22, Timestamp('2021-11-19 00:00:00')), Topic Prob: 0.022
Doc: (80, Timestamp('2021-08-02 00:00:00')), Topic Prob: 0.022
Doc: (60, Timestamp('2021-11-21 00:00:00')), Topic Prob: 0.022
Doc: (12, Timestamp('2021-07-24 00:00:00')), Topic Prob: 0.022
Doc: (14, Timestamp('2021-10-29 00:00:00')), Topic Prob: 0.022
Doc: (70, Timestamp('2021-07-26 00:00:00')), Topic Prob: 0.022
Doc: (91, Timestamp('2021-11-27 00:00:00')), Topic Prob: 0.022
Doc: (81, Timestamp('2021-11-27 00:00:00')), Topic Prob: 0.022
Doc: (53, Timestamp('2021-12-02 00:00:00')), Topic Prob: 0.022
Doc: (14, Timestamp('2021-10-28 00:00:00')), Topic Prob: 0.022
Doc: (88, Timestamp('2021-11-11 00:00:00')), Topic Prob: 0.022
Doc: (83, Timestamp('2021-08-09 00:00:00')), Topic Prob: 0.022
Doc: (20, Timestamp('2021-07-09 00:00:00')), Topic Prob: 0.022
Doc: (75, Timestamp('2021-11-02 00:00:00')), Topic Prob: 0.022
Doc: (34, Timestamp('2021-11-06 00:00:00')), Topic Prob: 0.022
Doc: (83, Timestamp('2021-08-12 00:00:00')), Topic Prob: 0.022
Doc: (26, Timestamp('2021-07-18 00:00:00')), Topic Prob: 0.022
------------------------------
Topic # 8
Doc: (2, Timestamp('2021-12-06 00:00:00')), Topic Prob: 0.001
Doc: (38, Timestamp('2021-11-01 00:00:00')), Topic Prob: 0.001
Doc: (78, Timestamp('2021-11-26 00:00:00')), Topic Prob: 0.001
Doc: (26, Timestamp('2021-08-06 00:00:00')), Topic Prob: 0.001
Doc: (14, Timestamp('2021-11-14 00:00:00')), Topic Prob: 0.001
Doc: (58, Timestamp('2021-11-22 00:00:00')), Topic Prob: 0.001
Doc: (22, Timestamp('2021-11-20 00:00:00')), Topic Prob: 0.001
Doc: (73, Timestamp('2021-11-14 00:00:00')), Topic Prob: 0.001
Doc: (90, Timestamp('2021-07-16 00:00:00')), Topic Prob: 0.001
Doc: (22, Timestamp('2021-11-19 00:00:00')), Topic Prob: 0.001
Doc: (14, Timestamp('2021-11-06 00:00:00')), Topic Prob: 0.001
Doc: (83, Timestamp('2021-07-26 00:00:00')), Topic Prob: 0.001
Doc: (1, Timestamp('2021-08-08 00:00:00')), Topic Prob: 0.001
Doc: (53, Timestamp('2021-12-07 00:00:00')), Topic Prob: 0.001
Doc: (73, Timestamp('2021-11-09 00:00:00')), Topic Prob: 0.001
Doc: (7, Timestamp('2021-10-21 00:00:00')), Topic Prob: 0.001
Doc: (58, Timestamp('2021-11-28 00:00:00')), Topic Prob: 0.001
Doc: (31, Timestamp('2021-11-15 00:00:00')), Topic Prob: 0.001
Doc: (80, Timestamp('2021-08-04 00:00:00')), Topic Prob: 0.001
Doc: (22, Timestamp('2021-10-26 00:00:00')), Topic Prob: 0.001
Doc: (2, Timestamp('2021-12-15 00:00:00')), Topic Prob: 0.001
Doc: (8, Timestamp('2021-12-11 00:00:00')), Topic Prob: 0.001
Doc: (72, Timestamp('2021-07-17 00:00:00')), Topic Prob: 0.001
Doc: (71, Timestamp('2021-11-20 00:00:00')), Topic Prob: 0.001
Doc: (8, Timestamp('2021-12-03 00:00:00')), Topic Prob: 0.001
Doc: (21, Timestamp('2021-11-28 00:00:00')), Topic Prob: 0.001
Doc: (8, Timestamp('2021-11-28 00:00:00')), Topic Prob: 0.001
Doc: (26, Timestamp('2021-08-15 00:00:00')), Topic Prob: 0.001
Doc: (80, Timestamp('2021-08-02 00:00:00')), Topic Prob: 0.001
Doc: (19, Timestamp('2021-11-13 00:00:00')), Topic Prob: 0.001
Doc: (44, Timestamp('2021-12-06 00:00:00')), Topic Prob: 0.001
Doc: (59, Timestamp('2021-12-05 00:00:00')), Topic Prob: 0.001
Doc: (5, Timestamp('2021-11-13 00:00:00')), Topic Prob: 0.001
Doc: (83, Timestamp('2021-08-19 00:00:00')), Topic Prob: 0.001
Doc: (14, Timestamp('2021-11-10 00:00:00')), Topic Prob: 0.001
Doc: (77, Timestamp('2021-08-04 00:00:00')), Topic Prob: 0.001
Doc: (43, Timestamp('2021-08-27 00:00:00')), Topic Prob: 0.001
Doc: (63, Timestamp('2021-08-01 00:00:00')), Topic Prob: 0.001
Doc: (54, Timestamp('2021-07-16 00:00:00')), Topic Prob: 0.001
Doc: (42, Timestamp('2021-11-24 00:00:00')), Topic Prob: 0.001
Doc: (59, Timestamp('2021-11-21 00:00:00')), Topic Prob: 0.001
Doc: (2, Timestamp('2021-11-23 00:00:00')), Topic Prob: 0.001
Doc: (60, Timestamp('2021-11-21 00:00:00')), Topic Prob: 0.001
Doc: (10, Timestamp('2021-08-06 00:00:00')), Topic Prob: 0.001
Doc: (27, Timestamp('2021-11-05 00:00:00')), Topic Prob: 0.001
Doc: (82, Timestamp('2021-12-02 00:00:00')), Topic Prob: 0.001
Doc: (85, Timestamp('2021-07-20 00:00:00')), Topic Prob: 0.001
Doc: (3, Timestamp('2021-07-28 00:00:00')), Topic Prob: 0.001
Doc: (7, Timestamp('2021-11-12 00:00:00')), Topic Prob: 0.001
------------------------------
Topic # 6
Doc: (2, Timestamp('2021-12-06 00:00:00')), Topic Prob: 0.001
Doc: (38, Timestamp('2021-11-01 00:00:00')), Topic Prob: 0.001
Doc: (78, Timestamp('2021-11-26 00:00:00')), Topic Prob: 0.001
Doc: (26, Timestamp('2021-08-06 00:00:00')), Topic Prob: 0.001
Doc: (14, Timestamp('2021-11-14 00:00:00')), Topic Prob: 0.001
Doc: (58, Timestamp('2021-11-22 00:00:00')), Topic Prob: 0.001
Doc: (22, Timestamp('2021-11-20 00:00:00')), Topic Prob: 0.001
Doc: (73, Timestamp('2021-11-14 00:00:00')), Topic Prob: 0.001
Doc: (90, Timestamp('2021-07-16 00:00:00')), Topic Prob: 0.001
Doc: (22, Timestamp('2021-11-19 00:00:00')), Topic Prob: 0.001
Doc: (14, Timestamp('2021-11-06 00:00:00')), Topic Prob: 0.001
Doc: (83, Timestamp('2021-07-26 00:00:00')), Topic Prob: 0.001
Doc: (1, Timestamp('2021-08-08 00:00:00')), Topic Prob: 0.001
Doc: (53, Timestamp('2021-12-07 00:00:00')), Topic Prob: 0.001
Doc: (73, Timestamp('2021-11-09 00:00:00')), Topic Prob: 0.001
Doc: (7, Timestamp('2021-10-21 00:00:00')), Topic Prob: 0.001
Doc: (58, Timestamp('2021-11-28 00:00:00')), Topic Prob: 0.001
Doc: (31, Timestamp('2021-11-15 00:00:00')), Topic Prob: 0.001
Doc: (80, Timestamp('2021-08-04 00:00:00')), Topic Prob: 0.001
Doc: (22, Timestamp('2021-10-26 00:00:00')), Topic Prob: 0.001
Doc: (2, Timestamp('2021-12-15 00:00:00')), Topic Prob: 0.001
Doc: (8, Timestamp('2021-12-11 00:00:00')), Topic Prob: 0.001
Doc: (72, Timestamp('2021-07-17 00:00:00')), Topic Prob: 0.001
Doc: (71, Timestamp('2021-11-20 00:00:00')), Topic Prob: 0.001
Doc: (8, Timestamp('2021-12-03 00:00:00')), Topic Prob: 0.001
Doc: (21, Timestamp('2021-11-28 00:00:00')), Topic Prob: 0.001
Doc: (8, Timestamp('2021-11-28 00:00:00')), Topic Prob: 0.001
Doc: (26, Timestamp('2021-08-15 00:00:00')), Topic Prob: 0.001
Doc: (80, Timestamp('2021-08-02 00:00:00')), Topic Prob: 0.001
Doc: (19, Timestamp('2021-11-13 00:00:00')), Topic Prob: 0.001
Doc: (44, Timestamp('2021-12-06 00:00:00')), Topic Prob: 0.001
Doc: (59, Timestamp('2021-12-05 00:00:00')), Topic Prob: 0.001
Doc: (5, Timestamp('2021-11-13 00:00:00')), Topic Prob: 0.001
Doc: (83, Timestamp('2021-08-19 00:00:00')), Topic Prob: 0.001
Doc: (14, Timestamp('2021-11-10 00:00:00')), Topic Prob: 0.001
Doc: (77, Timestamp('2021-08-04 00:00:00')), Topic Prob: 0.001
Doc: (43, Timestamp('2021-08-27 00:00:00')), Topic Prob: 0.001
Doc: (63, Timestamp('2021-08-01 00:00:00')), Topic Prob: 0.001
Doc: (54, Timestamp('2021-07-16 00:00:00')), Topic Prob: 0.001
Doc: (42, Timestamp('2021-11-24 00:00:00')), Topic Prob: 0.001
Doc: (59, Timestamp('2021-11-21 00:00:00')), Topic Prob: 0.001
Doc: (2, Timestamp('2021-11-23 00:00:00')), Topic Prob: 0.001
Doc: (60, Timestamp('2021-11-21 00:00:00')), Topic Prob: 0.001
Doc: (10, Timestamp('2021-08-06 00:00:00')), Topic Prob: 0.001
Doc: (27, Timestamp('2021-11-05 00:00:00')), Topic Prob: 0.001
Doc: (82, Timestamp('2021-12-02 00:00:00')), Topic Prob: 0.001
Doc: (85, Timestamp('2021-07-20 00:00:00')), Topic Prob: 0.001
Doc: (3, Timestamp('2021-07-28 00:00:00')), Topic Prob: 0.001
Doc: (7, Timestamp('2021-11-12 00:00:00')), Topic Prob: 0.001
------------------------------
